#
# A fatal error has been detected by the Java Runtime Environment:
#
#  EXCEPTION_ACCESS_VIOLATION (0xc0000005) at pc=0x000000006b6069ca, pid=17988, tid=15800
#
# JRE version: Java(TM) SE Runtime Environment (11.0.2+9) (build 11.0.2+9-LTS)
# Java VM: Java HotSpot(TM) 64-Bit Server VM (11.0.2+9-LTS, mixed mode, tiered, compressed oops, g1 gc, windows-amd64)
# Problematic frame:
# C  [libusb-1.0.dll+0x69ca]
#
# No core dump will be written. Minidumps are not enabled by default on client versions of Windows
#
# If you would like to submit a bug report, please visit:
#   http://bugreport.java.com/bugreport/crash.jsp
# The crash happened outside the Java Virtual Machine in native code.
# See problematic frame for where to report the bug.
#

---------------  S U M M A R Y ------------

Command Line: -XX:TieredStopAtLevel=1 -Xverify:none -Dspring.output.ansi.enabled=always -Dcom.sun.management.jmxremote -Dspring.jmx.enabled=true -Dspring.liveBeansView.mbeanDomain -Dspring.application.admin.enabled=true -javaagent:C:\Program Files\JetBrains\IntelliJ IDEA 2019.2\lib\idea_rt.jar=49231:C:\Program Files\JetBrains\IntelliJ IDEA 2019.2\bin -Dfile.encoding=UTF-8 com.examle.tempmon.Application

Host: Intel(R) Core(TM)2 Duo CPU     T9600  @ 2.80GHz, 2 cores, 7G,  Windows 8.1 , 64 bit Build 9600 (6.3.9600.19538)
Time: Sun Feb 23 06:26:35 2020 O?ieyia?y (ceia) elapsed time: 13 seconds (0d 0h 0m 13s)

---------------  T H R E A D  ---------------

Current thread (0x000000a9fa877000):  JavaThread "task-1" [_thread_in_native, id=15800, stack(0x000000a9ff650000,0x000000a9ff750000)]

Stack: [0x000000a9ff650000,0x000000a9ff750000],  sp=0x000000a9ff74eb90,  free space=1018k
Native frames: (J=compiled Java code, j=interpreted, Vv=VM code, C=native code)
C  [libusb-1.0.dll+0x69ca]

Java frames: (J=compiled Java code, j=interpreted, Vv=VM code)
j  org.usb4java.LibUsb.controlTransfer(Lorg/usb4java/DeviceHandle;BBSSLjava/nio/ByteBuffer;J)I+0
j  com.examle.tempmon.AvrTransferWin.read(Lorg/springframework/ui/Model;)V+23
j  com.examle.tempmon.AvrTransferWin$$FastClassBySpringCGLIB$$dae73813.invoke(ILjava/lang/Object;[Ljava/lang/Object;)Ljava/lang/Object;+50
j  org.springframework.cglib.proxy.MethodProxy.invoke(Ljava/lang/Object;[Ljava/lang/Object;)Ljava/lang/Object;+19
j  org.springframework.aop.framework.CglibAopProxy$CglibMethodInvocation.invokeJoinpoint()Ljava/lang/Object;+19
j  org.springframework.aop.framework.ReflectiveMethodInvocation.proceed()Ljava/lang/Object;+19
j  org.springframework.aop.interceptor.AsyncExecutionInterceptor.lambda$invoke$0(Lorg/aopalliance/intercept/MethodInvocation;Ljava/lang/reflect/Method;)Ljava/lang/Object;+1
j  org.springframework.aop.interceptor.AsyncExecutionInterceptor$$Lambda$545.call()Ljava/lang/Object;+12
j  java.util.concurrent.FutureTask.run()V+39 java.base@11.0.2
j  java.util.concurrent.ThreadPoolExecutor.runWorker(Ljava/util/concurrent/ThreadPoolExecutor$Worker;)V+92 java.base@11.0.2
j  java.util.concurrent.ThreadPoolExecutor$Worker.run()V+5 java.base@11.0.2
j  java.lang.Thread.run()V+11 java.base@11.0.2
v  ~StubRoutines::call_stub

siginfo: EXCEPTION_ACCESS_VIOLATION (0xc0000005), reading address 0x0000000000000020


Register to memory mapping:

RIP=0x000000006b6069ca libusb-1.0.dll
RAX=0x0 is NULL
RBX=0x000000a9ff74ec4c is pointing into the stack for thread: 0x000000a9fa877000
RCX=0x000000a9d882eda0 points into unknown readable memory: 00 00 00 00 00 00 00 00
RDX=0x0 is NULL
RSP=0x000000a9ff74eb90 is pointing into the stack for thread: 0x000000a9fa877000
RBP=0x000000a9ff74ec10 is pointing into the stack for thread: 0x000000a9fa877000
RSI=0x0000000000000002 is an unknown value
RDI=0x000000a9d882eda0 points into unknown readable memory: 00 00 00 00 00 00 00 00
R8 =0x000000a9ff74eaa8 is pointing into the stack for thread: 0x000000a9fa877000
R9 =0x000000a9ff74eb00 is pointing into the stack for thread: 0x000000a9fa877000
R10=0x0 is NULL
R11=0x0000000000000246 is an unknown value
R12=0x0000000000000100 is an unknown value
R13={method} {0x000000a9fbe1fee0} 'controlTransfer' '(Lorg/usb4java/DeviceHandle;BBSSLjava/nio/ByteBuffer;J)I' in 'org/usb4java/LibUsb'
R14=0x000000a9fb332290 points into unknown readable memory: ff ff ff ff 00 00 00 00
R15=0x000000a9d882eda0 points into unknown readable memory: 00 00 00 00 00 00 00 00


Registers:
RAX=0x0000000000000000, RBX=0x000000a9ff74ec4c, RCX=0x000000a9d882eda0, RDX=0x0000000000000000
RSP=0x000000a9ff74eb90, RBP=0x000000a9ff74ec10, RSI=0x0000000000000002, RDI=0x000000a9d882eda0
R8 =0x000000a9ff74eaa8, R9 =0x000000a9ff74eb00, R10=0x0000000000000000, R11=0x0000000000000246
R12=0x0000000000000100, R13=0x000000a9fbe1fed8, R14=0x000000a9fb332290, R15=0x000000a9d882eda0
RIP=0x000000006b6069ca, EFLAGS=0x0000000000010206

Top of Stack: (sp=0x000000a9ff74eb90)
0x000000a9ff74eb90:   000000000000000a 000000a9fb332290
0x000000a9ff74eba0:   000000a9fbe1fed8 000000a9ff74ec70
0x000000a9ff74ebb0:   00000000000000a1 0000000000000002
0x000000a9ff74ebc0:   0000000000000000 00000000000000a1
0x000000a9ff74ebd0:   0000000000000002 0000000000000000
0x000000a9ff74ebe0:   000000a9ff74ec70 000000006b606ccb
0x000000a9ff74ebf0:   00000000000000a1 0000000000000002
0x000000a9ff74ec00:   000000a9ff74ed00 000000a9ff74ed78
0x000000a9ff74ec10:   000000a9fcd416c0 00000000708835f9
0x000000a9ff74ec20:   000000a9fa877340 0000000000000002
0x000000a9ff74ec30:   01000000ff74ed78 0000000000000001
0x000000a9ff74ec40:   000000000000009b 00000000fb332290
0x000000a9ff74ec50:   000000a9fbe1fed8 000000a9fbe1fed8
0x000000a9ff74ec60:   000000000000009b 000000a9e2d29e03
0x000000a9ff74ec70:   0000000000000000 000000a9fbe1fed8
0x000000a9ff74ec80:   000000a9ff74eda0 000000a9fa877000 

Instructions: (pc=0x000000006b6069ca)
0x000000006b6069aa:   66 0f 1f 44 00 00 55 57 56 53 48 83 ec 38 48 8d
0x000000006b6069ba:   ac 24 80 00 00 00 48 8b 01 48 89 cf 48 8b 59 28
0x000000006b6069ca:   48 8b 40 20 48 8b 70 10 8b 03 85 c0 75 49 48 89
0x000000006b6069da:   da 48 89 f1 e8 fd f8 ff ff 85 c0 79 eb 83 f8 f6 


Stack slot to memory mapping:
stack at sp + 0 slots: 0x000000000000000a is an unknown value
stack at sp + 1 slots: 0x000000a9fb332290 points into unknown readable memory: ff ff ff ff 00 00 00 00
stack at sp + 2 slots: {method} {0x000000a9fbe1fee0} 'controlTransfer' '(Lorg/usb4java/DeviceHandle;BBSSLjava/nio/ByteBuffer;J)I' in 'org/usb4java/LibUsb'
stack at sp + 3 slots: 0x000000a9ff74ec70 is pointing into the stack for thread: 0x000000a9fa877000
stack at sp + 4 slots: 0x00000000000000a1 is an unknown value
stack at sp + 5 slots: 0x0000000000000002 is an unknown value
stack at sp + 6 slots: 0x0 is NULL
stack at sp + 7 slots: 0x00000000000000a1 is an unknown value


---------------  P R O C E S S  ---------------

Threads class SMR info:
_java_thread_list=0x000000a9fa4ce160, length=30, elements={
0x000000a9f8d28800, 0x000000a9f8d32800, 0x000000a9f9a32800, 0x000000a9f9a35000,
0x000000a9f9a38000, 0x000000a9f9a3c800, 0x000000a9f9ba5800, 0x000000a9f9e2e800,
0x000000a9fa3ba000, 0x000000a9fa5be800, 0x000000a9fcdc5000, 0x000000a9fcdc5800,
0x000000a9fcdc6800, 0x000000a9fce04000, 0x000000a9fa418800, 0x000000a9fa858000,
0x000000a9fa858800, 0x000000a9fa856000, 0x000000a9fa859800, 0x000000a9fa857000,
0x000000a9fa85c000, 0x000000a9fa85a800, 0x000000a9fa85d000, 0x000000a9fa85b000,
0x000000a9fa873000, 0x000000a9fa872000, 0x000000a9fa876800, 0x000000a9fa874800,
0x000000a9fa874000, 0x000000a9fa877000
}

Java Threads: ( => current thread )
  0x000000a9f8d28800 JavaThread "Reference Handler" daemon [_thread_blocked, id=18760, stack(0x000000a9f9740000,0x000000a9f9840000)]
  0x000000a9f8d32800 JavaThread "Finalizer" daemon [_thread_blocked, id=18384, stack(0x000000a9f9840000,0x000000a9f9940000)]
  0x000000a9f9a32800 JavaThread "Signal Dispatcher" daemon [_thread_blocked, id=6928, stack(0x000000a9f9e30000,0x000000a9f9f30000)]
  0x000000a9f9a35000 JavaThread "Attach Listener" daemon [_thread_blocked, id=18544, stack(0x000000a9f9f30000,0x000000a9fa030000)]
  0x000000a9f9a38000 JavaThread "C1 CompilerThread0" daemon [_thread_blocked, id=16296, stack(0x000000a9fa030000,0x000000a9fa130000)]
  0x000000a9f9a3c800 JavaThread "Sweeper thread" daemon [_thread_blocked, id=17432, stack(0x000000a9fa130000,0x000000a9fa230000)]
  0x000000a9f9ba5800 JavaThread "Common-Cleaner" daemon [_thread_blocked, id=16828, stack(0x000000a9fa230000,0x000000a9fa330000)]
  0x000000a9f9e2e800 JavaThread "Monitor Ctrl-Break" daemon [_thread_in_native, id=19352, stack(0x000000a9fab40000,0x000000a9fac40000)]
  0x000000a9fa3ba000 JavaThread "Service Thread" daemon [_thread_blocked, id=2628, stack(0x000000a9fac40000,0x000000a9fad40000)]
  0x000000a9fa5be800 JavaThread "RMI TCP Accept-0" daemon [_thread_in_native, id=16896, stack(0x000000a9fb540000,0x000000a9fb640000)]
  0x000000a9fcdc5000 JavaThread "Catalina-utility-1" [_thread_blocked, id=18904, stack(0x000000a9fbf30000,0x000000a9fc030000)]
  0x000000a9fcdc5800 JavaThread "Catalina-utility-2" [_thread_blocked, id=18684, stack(0x000000a9fe000000,0x000000a9fe100000)]
  0x000000a9fcdc6800 JavaThread "container-0" [_thread_blocked, id=19336, stack(0x000000a9fe100000,0x000000a9fe200000)]
  0x000000a9fce04000 JavaThread "File Watcher" daemon [_thread_blocked, id=11924, stack(0x000000a9fe400000,0x000000a9fe500000)]
  0x000000a9fa418800 JavaThread "Live Reload Server" daemon [_thread_in_native, id=9308, stack(0x000000a9fe600000,0x000000a9fe700000)]
  0x000000a9fa858000 JavaThread "http-nio-8080-BlockPoller" daemon [_thread_in_native, id=4524, stack(0x000000a9fe500000,0x000000a9fe600000)]
  0x000000a9fa858800 JavaThread "http-nio-8080-exec-1" daemon [_thread_in_Java, id=9932, stack(0x000000a9fe700000,0x000000a9fe800000)]
  0x000000a9fa856000 JavaThread "http-nio-8080-exec-2" daemon [_thread_blocked, id=17820, stack(0x000000a9fe800000,0x000000a9fe900000)]
  0x000000a9fa859800 JavaThread "http-nio-8080-exec-3" daemon [_thread_blocked, id=15320, stack(0x000000a9fe900000,0x000000a9fea00000)]
  0x000000a9fa857000 JavaThread "http-nio-8080-exec-4" daemon [_thread_blocked, id=17360, stack(0x000000a9fea00000,0x000000a9feb00000)]
  0x000000a9fa85c000 JavaThread "http-nio-8080-exec-5" daemon [_thread_blocked, id=18300, stack(0x000000a9feb00000,0x000000a9fec00000)]
  0x000000a9fa85a800 JavaThread "http-nio-8080-exec-6" daemon [_thread_blocked, id=9420, stack(0x000000a9fec00000,0x000000a9fed00000)]
  0x000000a9fa85d000 JavaThread "http-nio-8080-exec-7" daemon [_thread_blocked, id=18972, stack(0x000000a9fed00000,0x000000a9fee00000)]
  0x000000a9fa85b000 JavaThread "http-nio-8080-exec-8" daemon [_thread_blocked, id=572, stack(0x000000a9fee00000,0x000000a9fef00000)]
  0x000000a9fa873000 JavaThread "http-nio-8080-exec-9" daemon [_thread_blocked, id=6056, stack(0x000000a9fef00000,0x000000a9ff000000)]
  0x000000a9fa872000 JavaThread "http-nio-8080-exec-10" daemon [_thread_blocked, id=11800, stack(0x000000a9ff000000,0x000000a9ff100000)]
  0x000000a9fa876800 JavaThread "http-nio-8080-ClientPoller" daemon [_thread_in_native, id=13352, stack(0x000000a9ff100000,0x000000a9ff200000)]
  0x000000a9fa874800 JavaThread "http-nio-8080-Acceptor" daemon [_thread_in_native, id=13908, stack(0x000000a9ff200000,0x000000a9ff300000)]
  0x000000a9fa874000 JavaThread "DestroyJavaVM" [_thread_blocked, id=15428, stack(0x000000a9da0d0000,0x000000a9da1d0000)]
=>0x000000a9fa877000 JavaThread "task-1" [_thread_in_native, id=15800, stack(0x000000a9ff650000,0x000000a9ff750000)]

Other Threads:
  0x000000a9f8d22000 VMThread "VM Thread" [stack: 0x000000a9f9640000,0x000000a9f9740000] [id=13184]
  0x000000a9fa5a9800 WatcherThread [stack: 0x000000a9fb640000,0x000000a9fb740000] [id=11700]
  0x000000a9daa43800 GCTaskThread "GC Thread#0" [stack: 0x000000a9da3b0000,0x000000a9da4b0000] [id=16812]
  0x000000a9fa572800 GCTaskThread "GC Thread#1" [stack: 0x000000a9fb220000,0x000000a9fb320000] [id=17624]
  0x000000a9daa75000 ConcurrentGCThread "G1 Main Marker" [stack: 0x000000a9da6d0000,0x000000a9da7d0000] [id=14024]
  0x000000a9daa76800 ConcurrentGCThread "G1 Conc#0" [stack: 0x000000a9da7d0000,0x000000a9da8d0000] [id=18376]
  0x000000a9f8b6f800 ConcurrentGCThread "G1 Refine#0" [stack: 0x000000a9da8d0000,0x000000a9da9d0000] [id=12504]
  0x000000a9fa583800 ConcurrentGCThread "G1 Refine#1" [stack: 0x000000a9fb420000,0x000000a9fb520000] [id=19228]
  0x000000a9f8b70000 ConcurrentGCThread "G1 Young RemSet Sampling" [stack: 0x000000a9f8d40000,0x000000a9f8e40000] [id=18772]

Threads with active compile tasks:

VM state:not at safepoint (normal execution)

VM Mutex/Monitor currently owned by a thread: None

Heap address: 0x0000000080000000, size: 2048 MB, Compressed Oops mode: 32-bit
Narrow klass base: 0x0000000000000000, Narrow klass shift: 3
Compressed class space size: 1073741824 Address: 0x0000000100000000

Heap:
 garbage-first heap   total 187392K, used 50687K [0x0000000080000000, 0x0000000100000000)
  region size 1024K, 46 young (47104K), 10 survivors (10240K)
 Metaspace       used 38565K, capacity 39668K, committed 39728K, reserved 1083392K
  class space    used 4801K, capacity 5222K, committed 5248K, reserved 1048576K
Heap Regions: E=young(eden), S=young(survivor), O=old, HS=humongous(starts), HC=humongous(continues), CS=collection set, F=free, A=archive, TAMS=top-at-mark-start (previous, next)
|   0|0x0000000080000000, 0x0000000080100000, 0x0000000080100000|100%| O|  |TAMS 0x0000000080100000, 0x0000000080000000| Untracked 
|   1|0x0000000080100000, 0x0000000080200000, 0x0000000080200000|100%| O|  |TAMS 0x0000000080200000, 0x0000000080100000| Untracked 
|   2|0x0000000080200000, 0x0000000080300000, 0x0000000080300000|100%| O|  |TAMS 0x0000000080300000, 0x0000000080200000| Untracked 
|   3|0x0000000080300000, 0x0000000080400000, 0x0000000080400000|100%| O|  |TAMS 0x0000000080400000, 0x0000000080300000| Untracked 
|   4|0x0000000080400000, 0x00000000804b3400, 0x0000000080500000| 70%| O|  |TAMS 0x00000000804b3400, 0x0000000080400000| Untracked 
|   5|0x0000000080500000, 0x0000000080500000, 0x0000000080600000|  0%| F|  |TAMS 0x0000000080500000, 0x0000000080500000| Untracked 
|   6|0x0000000080600000, 0x0000000080600000, 0x0000000080700000|  0%| F|  |TAMS 0x0000000080600000, 0x0000000080600000| Untracked 
|   7|0x0000000080700000, 0x0000000080700000, 0x0000000080800000|  0%| F|  |TAMS 0x0000000080700000, 0x0000000080700000| Untracked 
|   8|0x0000000080800000, 0x0000000080800000, 0x0000000080900000|  0%| F|  |TAMS 0x0000000080800000, 0x0000000080800000| Untracked 
|   9|0x0000000080900000, 0x0000000080900000, 0x0000000080a00000|  0%| F|  |TAMS 0x0000000080900000, 0x0000000080900000| Untracked 
|  10|0x0000000080a00000, 0x0000000080a00000, 0x0000000080b00000|  0%| F|  |TAMS 0x0000000080a00000, 0x0000000080a00000| Untracked 
|  11|0x0000000080b00000, 0x0000000080b00000, 0x0000000080c00000|  0%| F|  |TAMS 0x0000000080b00000, 0x0000000080b00000| Untracked 
|  12|0x0000000080c00000, 0x0000000080c00000, 0x0000000080d00000|  0%| F|  |TAMS 0x0000000080c00000, 0x0000000080c00000| Untracked 
|  13|0x0000000080d00000, 0x0000000080d00000, 0x0000000080e00000|  0%| F|  |TAMS 0x0000000080d00000, 0x0000000080d00000| Untracked 
|  14|0x0000000080e00000, 0x0000000080e00000, 0x0000000080f00000|  0%| F|  |TAMS 0x0000000080e00000, 0x0000000080e00000| Untracked 
|  15|0x0000000080f00000, 0x0000000080f00000, 0x0000000081000000|  0%| F|  |TAMS 0x0000000080f00000, 0x0000000080f00000| Untracked 
|  16|0x0000000081000000, 0x0000000081000000, 0x0000000081100000|  0%| F|  |TAMS 0x0000000081000000, 0x0000000081000000| Untracked 
|  17|0x0000000081100000, 0x0000000081100000, 0x0000000081200000|  0%| F|  |TAMS 0x0000000081100000, 0x0000000081100000| Untracked 
|  18|0x0000000081200000, 0x0000000081200000, 0x0000000081300000|  0%| F|  |TAMS 0x0000000081200000, 0x0000000081200000| Untracked 
|  19|0x0000000081300000, 0x0000000081300000, 0x0000000081400000|  0%| F|  |TAMS 0x0000000081300000, 0x0000000081300000| Untracked 
|  20|0x0000000081400000, 0x0000000081400000, 0x0000000081500000|  0%| F|  |TAMS 0x0000000081400000, 0x0000000081400000| Untracked 
|  21|0x0000000081500000, 0x0000000081500000, 0x0000000081600000|  0%| F|  |TAMS 0x0000000081500000, 0x0000000081500000| Untracked 
|  22|0x0000000081600000, 0x0000000081600000, 0x0000000081700000|  0%| F|  |TAMS 0x0000000081600000, 0x0000000081600000| Untracked 
|  23|0x0000000081700000, 0x0000000081700000, 0x0000000081800000|  0%| F|  |TAMS 0x0000000081700000, 0x0000000081700000| Untracked 
|  24|0x0000000081800000, 0x0000000081800000, 0x0000000081900000|  0%| F|  |TAMS 0x0000000081800000, 0x0000000081800000| Untracked 
|  25|0x0000000081900000, 0x0000000081900000, 0x0000000081a00000|  0%| F|  |TAMS 0x0000000081900000, 0x0000000081900000| Untracked 
|  26|0x0000000081a00000, 0x0000000081a00000, 0x0000000081b00000|  0%| F|  |TAMS 0x0000000081a00000, 0x0000000081a00000| Untracked 
|  27|0x0000000081b00000, 0x0000000081b00000, 0x0000000081c00000|  0%| F|  |TAMS 0x0000000081b00000, 0x0000000081b00000| Untracked 
|  28|0x0000000081c00000, 0x0000000081c00000, 0x0000000081d00000|  0%| F|  |TAMS 0x0000000081c00000, 0x0000000081c00000| Untracked 
|  29|0x0000000081d00000, 0x0000000081d00000, 0x0000000081e00000|  0%| F|  |TAMS 0x0000000081d00000, 0x0000000081d00000| Untracked 
|  30|0x0000000081e00000, 0x0000000081e00000, 0x0000000081f00000|  0%| F|  |TAMS 0x0000000081e00000, 0x0000000081e00000| Untracked 
|  31|0x0000000081f00000, 0x0000000081f00000, 0x0000000082000000|  0%| F|  |TAMS 0x0000000081f00000, 0x0000000081f00000| Untracked 
|  32|0x0000000082000000, 0x0000000082000000, 0x0000000082100000|  0%| F|  |TAMS 0x0000000082000000, 0x0000000082000000| Untracked 
|  33|0x0000000082100000, 0x0000000082100000, 0x0000000082200000|  0%| F|  |TAMS 0x0000000082100000, 0x0000000082100000| Untracked 
|  34|0x0000000082200000, 0x0000000082200000, 0x0000000082300000|  0%| F|  |TAMS 0x0000000082200000, 0x0000000082200000| Untracked 
|  35|0x0000000082300000, 0x0000000082300000, 0x0000000082400000|  0%| F|  |TAMS 0x0000000082300000, 0x0000000082300000| Untracked 
|  36|0x0000000082400000, 0x0000000082400000, 0x0000000082500000|  0%| F|  |TAMS 0x0000000082400000, 0x0000000082400000| Untracked 
|  37|0x0000000082500000, 0x0000000082500000, 0x0000000082600000|  0%| F|  |TAMS 0x0000000082500000, 0x0000000082500000| Untracked 
|  38|0x0000000082600000, 0x0000000082600000, 0x0000000082700000|  0%| F|  |TAMS 0x0000000082600000, 0x0000000082600000| Untracked 
|  39|0x0000000082700000, 0x0000000082700000, 0x0000000082800000|  0%| F|  |TAMS 0x0000000082700000, 0x0000000082700000| Untracked 
|  40|0x0000000082800000, 0x0000000082800000, 0x0000000082900000|  0%| F|  |TAMS 0x0000000082800000, 0x0000000082800000| Untracked 
|  41|0x0000000082900000, 0x0000000082900000, 0x0000000082a00000|  0%| F|  |TAMS 0x0000000082900000, 0x0000000082900000| Untracked 
|  42|0x0000000082a00000, 0x0000000082a00000, 0x0000000082b00000|  0%| F|  |TAMS 0x0000000082a00000, 0x0000000082a00000| Untracked 
|  43|0x0000000082b00000, 0x0000000082b00000, 0x0000000082c00000|  0%| F|  |TAMS 0x0000000082b00000, 0x0000000082b00000| Untracked 
|  44|0x0000000082c00000, 0x0000000082c00000, 0x0000000082d00000|  0%| F|  |TAMS 0x0000000082c00000, 0x0000000082c00000| Untracked 
|  45|0x0000000082d00000, 0x0000000082d00000, 0x0000000082e00000|  0%| F|  |TAMS 0x0000000082d00000, 0x0000000082d00000| Untracked 
|  46|0x0000000082e00000, 0x0000000082e00000, 0x0000000082f00000|  0%| F|  |TAMS 0x0000000082e00000, 0x0000000082e00000| Untracked 
|  47|0x0000000082f00000, 0x0000000082f00000, 0x0000000083000000|  0%| F|  |TAMS 0x0000000082f00000, 0x0000000082f00000| Untracked 
|  48|0x0000000083000000, 0x0000000083000000, 0x0000000083100000|  0%| F|  |TAMS 0x0000000083000000, 0x0000000083000000| Untracked 
|  49|0x0000000083100000, 0x0000000083100000, 0x0000000083200000|  0%| F|  |TAMS 0x0000000083100000, 0x0000000083100000| Untracked 
|  50|0x0000000083200000, 0x0000000083200000, 0x0000000083300000|  0%| F|  |TAMS 0x0000000083200000, 0x0000000083200000| Untracked 
|  51|0x0000000083300000, 0x0000000083300000, 0x0000000083400000|  0%| F|  |TAMS 0x0000000083300000, 0x0000000083300000| Untracked 
|  52|0x0000000083400000, 0x0000000083400000, 0x0000000083500000|  0%| F|  |TAMS 0x0000000083400000, 0x0000000083400000| Untracked 
|  53|0x0000000083500000, 0x0000000083500000, 0x0000000083600000|  0%| F|  |TAMS 0x0000000083500000, 0x0000000083500000| Untracked 
|  54|0x0000000083600000, 0x0000000083600000, 0x0000000083700000|  0%| F|  |TAMS 0x0000000083600000, 0x0000000083600000| Untracked 
|  55|0x0000000083700000, 0x0000000083700000, 0x0000000083800000|  0%| F|  |TAMS 0x0000000083700000, 0x0000000083700000| Untracked 
|  56|0x0000000083800000, 0x0000000083800000, 0x0000000083900000|  0%| F|  |TAMS 0x0000000083800000, 0x0000000083800000| Untracked 
|  57|0x0000000083900000, 0x0000000083900000, 0x0000000083a00000|  0%| F|  |TAMS 0x0000000083900000, 0x0000000083900000| Untracked 
|  58|0x0000000083a00000, 0x0000000083a00000, 0x0000000083b00000|  0%| F|  |TAMS 0x0000000083a00000, 0x0000000083a00000| Untracked 
|  59|0x0000000083b00000, 0x0000000083b00000, 0x0000000083c00000|  0%| F|  |TAMS 0x0000000083b00000, 0x0000000083b00000| Untracked 
|  60|0x0000000083c00000, 0x0000000083c00000, 0x0000000083d00000|  0%| F|  |TAMS 0x0000000083c00000, 0x0000000083c00000| Untracked 
|  61|0x0000000083d00000, 0x0000000083d00000, 0x0000000083e00000|  0%| F|  |TAMS 0x0000000083d00000, 0x0000000083d00000| Untracked 
|  62|0x0000000083e00000, 0x0000000083e00000, 0x0000000083f00000|  0%| F|  |TAMS 0x0000000083e00000, 0x0000000083e00000| Untracked 
|  63|0x0000000083f00000, 0x0000000083f00000, 0x0000000084000000|  0%| F|  |TAMS 0x0000000083f00000, 0x0000000083f00000| Untracked 
|  64|0x0000000084000000, 0x0000000084000000, 0x0000000084100000|  0%| F|  |TAMS 0x0000000084000000, 0x0000000084000000| Untracked 
|  65|0x0000000084100000, 0x0000000084100000, 0x0000000084200000|  0%| F|  |TAMS 0x0000000084100000, 0x0000000084100000| Untracked 
|  66|0x0000000084200000, 0x0000000084200000, 0x0000000084300000|  0%| F|  |TAMS 0x0000000084200000, 0x0000000084200000| Untracked 
|  67|0x0000000084300000, 0x0000000084300000, 0x0000000084400000|  0%| F|  |TAMS 0x0000000084300000, 0x0000000084300000| Untracked 
|  68|0x0000000084400000, 0x0000000084400000, 0x0000000084500000|  0%| F|  |TAMS 0x0000000084400000, 0x0000000084400000| Untracked 
|  69|0x0000000084500000, 0x0000000084500000, 0x0000000084600000|  0%| F|  |TAMS 0x0000000084500000, 0x0000000084500000| Untracked 
|  70|0x0000000084600000, 0x0000000084600000, 0x0000000084700000|  0%| F|  |TAMS 0x0000000084600000, 0x0000000084600000| Untracked 
|  71|0x0000000084700000, 0x0000000084700000, 0x0000000084800000|  0%| F|  |TAMS 0x0000000084700000, 0x0000000084700000| Untracked 
|  72|0x0000000084800000, 0x0000000084800000, 0x0000000084900000|  0%| F|  |TAMS 0x0000000084800000, 0x0000000084800000| Untracked 
|  73|0x0000000084900000, 0x0000000084900000, 0x0000000084a00000|  0%| F|  |TAMS 0x0000000084900000, 0x0000000084900000| Untracked 
|  74|0x0000000084a00000, 0x0000000084a00000, 0x0000000084b00000|  0%| F|  |TAMS 0x0000000084a00000, 0x0000000084a00000| Untracked 
|  75|0x0000000084b00000, 0x0000000084b00000, 0x0000000084c00000|  0%| F|  |TAMS 0x0000000084b00000, 0x0000000084b00000| Untracked 
|  76|0x0000000084c00000, 0x0000000084c00000, 0x0000000084d00000|  0%| F|  |TAMS 0x0000000084c00000, 0x0000000084c00000| Untracked 
|  77|0x0000000084d00000, 0x0000000084d00000, 0x0000000084e00000|  0%| F|  |TAMS 0x0000000084d00000, 0x0000000084d00000| Untracked 
|  78|0x0000000084e00000, 0x0000000084e00000, 0x0000000084f00000|  0%| F|  |TAMS 0x0000000084e00000, 0x0000000084e00000| Untracked 
|  79|0x0000000084f00000, 0x0000000084f00000, 0x0000000085000000|  0%| F|  |TAMS 0x0000000084f00000, 0x0000000084f00000| Untracked 
|  80|0x0000000085000000, 0x0000000085000000, 0x0000000085100000|  0%| F|  |TAMS 0x0000000085000000, 0x0000000085000000| Untracked 
|  81|0x0000000085100000, 0x0000000085100000, 0x0000000085200000|  0%| F|  |TAMS 0x0000000085100000, 0x0000000085100000| Untracked 
|  82|0x0000000085200000, 0x0000000085200000, 0x0000000085300000|  0%| F|  |TAMS 0x0000000085200000, 0x0000000085200000| Untracked 
|  83|0x0000000085300000, 0x0000000085300000, 0x0000000085400000|  0%| F|  |TAMS 0x0000000085300000, 0x0000000085300000| Untracked 
|  84|0x0000000085400000, 0x0000000085400000, 0x0000000085500000|  0%| F|  |TAMS 0x0000000085400000, 0x0000000085400000| Untracked 
|  85|0x0000000085500000, 0x0000000085500000, 0x0000000085600000|  0%| F|  |TAMS 0x0000000085500000, 0x0000000085500000| Untracked 
|  86|0x0000000085600000, 0x0000000085600000, 0x0000000085700000|  0%| F|  |TAMS 0x0000000085600000, 0x0000000085600000| Untracked 
|  87|0x0000000085700000, 0x0000000085700000, 0x0000000085800000|  0%| F|  |TAMS 0x0000000085700000, 0x0000000085700000| Untracked 
|  88|0x0000000085800000, 0x0000000085800000, 0x0000000085900000|  0%| F|  |TAMS 0x0000000085800000, 0x0000000085800000| Untracked 
|  89|0x0000000085900000, 0x0000000085900000, 0x0000000085a00000|  0%| F|  |TAMS 0x0000000085900000, 0x0000000085900000| Untracked 
|  90|0x0000000085a00000, 0x0000000085a00000, 0x0000000085b00000|  0%| F|  |TAMS 0x0000000085a00000, 0x0000000085a00000| Untracked 
|  91|0x0000000085b00000, 0x0000000085b00000, 0x0000000085c00000|  0%| F|  |TAMS 0x0000000085b00000, 0x0000000085b00000| Untracked 
|  92|0x0000000085c00000, 0x0000000085c00000, 0x0000000085d00000|  0%| F|  |TAMS 0x0000000085c00000, 0x0000000085c00000| Untracked 
|  93|0x0000000085d00000, 0x0000000085d00000, 0x0000000085e00000|  0%| F|  |TAMS 0x0000000085d00000, 0x0000000085d00000| Untracked 
|  94|0x0000000085e00000, 0x0000000085e00000, 0x0000000085f00000|  0%| F|  |TAMS 0x0000000085e00000, 0x0000000085e00000| Untracked 
|  95|0x0000000085f00000, 0x0000000085f00000, 0x0000000086000000|  0%| F|  |TAMS 0x0000000085f00000, 0x0000000085f00000| Untracked 
|  96|0x0000000086000000, 0x0000000086000000, 0x0000000086100000|  0%| F|  |TAMS 0x0000000086000000, 0x0000000086000000| Untracked 
|  97|0x0000000086100000, 0x0000000086100000, 0x0000000086200000|  0%| F|  |TAMS 0x0000000086100000, 0x0000000086100000| Untracked 
|  98|0x0000000086200000, 0x00000000862cca50, 0x0000000086300000| 79%| S|CS|TAMS 0x0000000086200000, 0x0000000086200000| Complete 
|  99|0x0000000086300000, 0x0000000086400000, 0x0000000086400000|100%| S|CS|TAMS 0x0000000086300000, 0x0000000086300000| Complete 
| 100|0x0000000086400000, 0x0000000086500000, 0x0000000086500000|100%| S|CS|TAMS 0x0000000086400000, 0x0000000086400000| Complete 
| 101|0x0000000086500000, 0x0000000086600000, 0x0000000086600000|100%| S|CS|TAMS 0x0000000086500000, 0x0000000086500000| Complete 
| 102|0x0000000086600000, 0x0000000086700000, 0x0000000086700000|100%| S|CS|TAMS 0x0000000086600000, 0x0000000086600000| Complete 
| 103|0x0000000086700000, 0x0000000086800000, 0x0000000086800000|100%| S|CS|TAMS 0x0000000086700000, 0x0000000086700000| Complete 
| 104|0x0000000086800000, 0x0000000086900000, 0x0000000086900000|100%| S|CS|TAMS 0x0000000086800000, 0x0000000086800000| Complete 
| 105|0x0000000086900000, 0x0000000086a00000, 0x0000000086a00000|100%| S|CS|TAMS 0x0000000086900000, 0x0000000086900000| Complete 
| 106|0x0000000086a00000, 0x0000000086b00000, 0x0000000086b00000|100%| S|CS|TAMS 0x0000000086a00000, 0x0000000086a00000| Complete 
| 107|0x0000000086b00000, 0x0000000086c00000, 0x0000000086c00000|100%| S|CS|TAMS 0x0000000086b00000, 0x0000000086b00000| Complete 
| 108|0x0000000086c00000, 0x0000000086c00000, 0x0000000086d00000|  0%| F|  |TAMS 0x0000000086c00000, 0x0000000086c00000| Untracked 
| 109|0x0000000086d00000, 0x0000000086d00000, 0x0000000086e00000|  0%| F|  |TAMS 0x0000000086d00000, 0x0000000086d00000| Untracked 
| 110|0x0000000086e00000, 0x0000000086e00000, 0x0000000086f00000|  0%| F|  |TAMS 0x0000000086e00000, 0x0000000086e00000| Untracked 
| 111|0x0000000086f00000, 0x0000000086f00000, 0x0000000087000000|  0%| F|  |TAMS 0x0000000086f00000, 0x0000000086f00000| Untracked 
| 112|0x0000000087000000, 0x0000000087000000, 0x0000000087100000|  0%| F|  |TAMS 0x0000000087000000, 0x0000000087000000| Untracked 
| 113|0x0000000087100000, 0x0000000087100000, 0x0000000087200000|  0%| F|  |TAMS 0x0000000087100000, 0x0000000087100000| Untracked 
| 114|0x0000000087200000, 0x0000000087200000, 0x0000000087300000|  0%| F|  |TAMS 0x0000000087200000, 0x0000000087200000| Untracked 
| 115|0x0000000087300000, 0x0000000087300000, 0x0000000087400000|  0%| F|  |TAMS 0x0000000087300000, 0x0000000087300000| Untracked 
| 116|0x0000000087400000, 0x0000000087400000, 0x0000000087500000|  0%| F|  |TAMS 0x0000000087400000, 0x0000000087400000| Untracked 
| 117|0x0000000087500000, 0x0000000087500000, 0x0000000087600000|  0%| F|  |TAMS 0x0000000087500000, 0x0000000087500000| Untracked 
| 118|0x0000000087600000, 0x0000000087600000, 0x0000000087700000|  0%| F|  |TAMS 0x0000000087600000, 0x0000000087600000| Untracked 
| 119|0x0000000087700000, 0x0000000087700000, 0x0000000087800000|  0%| F|  |TAMS 0x0000000087700000, 0x0000000087700000| Untracked 
| 120|0x0000000087800000, 0x0000000087800000, 0x0000000087900000|  0%| F|  |TAMS 0x0000000087800000, 0x0000000087800000| Untracked 
| 121|0x0000000087900000, 0x0000000087900000, 0x0000000087a00000|  0%| F|  |TAMS 0x0000000087900000, 0x0000000087900000| Untracked 
| 122|0x0000000087a00000, 0x0000000087a00000, 0x0000000087b00000|  0%| F|  |TAMS 0x0000000087a00000, 0x0000000087a00000| Untracked 
| 123|0x0000000087b00000, 0x0000000087b00000, 0x0000000087c00000|  0%| F|  |TAMS 0x0000000087b00000, 0x0000000087b00000| Untracked 
| 124|0x0000000087c00000, 0x0000000087c00000, 0x0000000087d00000|  0%| F|  |TAMS 0x0000000087c00000, 0x0000000087c00000| Untracked 
| 125|0x0000000087d00000, 0x0000000087d00000, 0x0000000087e00000|  0%| F|  |TAMS 0x0000000087d00000, 0x0000000087d00000| Untracked 
| 126|0x0000000087e00000, 0x0000000087e00000, 0x0000000087f00000|  0%| F|  |TAMS 0x0000000087e00000, 0x0000000087e00000| Untracked 
| 127|0x0000000087f00000, 0x0000000087f00000, 0x0000000088000000|  0%| F|  |TAMS 0x0000000087f00000, 0x0000000087f00000| Untracked 
| 128|0x0000000088000000, 0x0000000088000000, 0x0000000088100000|  0%| F|  |TAMS 0x0000000088000000, 0x0000000088000000| Untracked 
| 129|0x0000000088100000, 0x0000000088100000, 0x0000000088200000|  0%| F|  |TAMS 0x0000000088100000, 0x0000000088100000| Untracked 
| 130|0x0000000088200000, 0x0000000088200000, 0x0000000088300000|  0%| F|  |TAMS 0x0000000088200000, 0x0000000088200000| Untracked 
| 131|0x0000000088300000, 0x0000000088300000, 0x0000000088400000|  0%| F|  |TAMS 0x0000000088300000, 0x0000000088300000| Untracked 
| 132|0x0000000088400000, 0x0000000088400000, 0x0000000088500000|  0%| F|  |TAMS 0x0000000088400000, 0x0000000088400000| Untracked 
| 133|0x0000000088500000, 0x0000000088500000, 0x0000000088600000|  0%| F|  |TAMS 0x0000000088500000, 0x0000000088500000| Untracked 
| 134|0x0000000088600000, 0x0000000088600000, 0x0000000088700000|  0%| F|  |TAMS 0x0000000088600000, 0x0000000088600000| Untracked 
| 135|0x0000000088700000, 0x0000000088700000, 0x0000000088800000|  0%| F|  |TAMS 0x0000000088700000, 0x0000000088700000| Untracked 
| 136|0x0000000088800000, 0x0000000088800000, 0x0000000088900000|  0%| F|  |TAMS 0x0000000088800000, 0x0000000088800000| Untracked 
| 137|0x0000000088900000, 0x0000000088900000, 0x0000000088a00000|  0%| F|  |TAMS 0x0000000088900000, 0x0000000088900000| Untracked 
| 138|0x0000000088a00000, 0x0000000088a00000, 0x0000000088b00000|  0%| F|  |TAMS 0x0000000088a00000, 0x0000000088a00000| Untracked 
| 139|0x0000000088b00000, 0x0000000088b00000, 0x0000000088c00000|  0%| F|  |TAMS 0x0000000088b00000, 0x0000000088b00000| Untracked 
| 140|0x0000000088c00000, 0x0000000088c00000, 0x0000000088d00000|  0%| F|  |TAMS 0x0000000088c00000, 0x0000000088c00000| Untracked 
| 141|0x0000000088d00000, 0x0000000088d00000, 0x0000000088e00000|  0%| F|  |TAMS 0x0000000088d00000, 0x0000000088d00000| Untracked 
| 142|0x0000000088e00000, 0x0000000088e00000, 0x0000000088f00000|  0%| F|  |TAMS 0x0000000088e00000, 0x0000000088e00000| Untracked 
| 143|0x0000000088f00000, 0x0000000088f00000, 0x0000000089000000|  0%| F|  |TAMS 0x0000000088f00000, 0x0000000088f00000| Untracked 
| 144|0x0000000089000000, 0x0000000089000000, 0x0000000089100000|  0%| F|  |TAMS 0x0000000089000000, 0x0000000089000000| Untracked 
| 145|0x0000000089100000, 0x0000000089100000, 0x0000000089200000|  0%| F|  |TAMS 0x0000000089100000, 0x0000000089100000| Untracked 
| 146|0x0000000089200000, 0x0000000089200000, 0x0000000089300000|  0%| F|  |TAMS 0x0000000089200000, 0x0000000089200000| Untracked 
| 147|0x0000000089300000, 0x00000000893da408, 0x0000000089400000| 85%| E|  |TAMS 0x0000000089300000, 0x0000000089300000| Complete 
| 148|0x0000000089400000, 0x0000000089500000, 0x0000000089500000|100%| E|CS|TAMS 0x0000000089400000, 0x0000000089400000| Complete 
| 149|0x0000000089500000, 0x0000000089600000, 0x0000000089600000|100%| E|CS|TAMS 0x0000000089500000, 0x0000000089500000| Complete 
| 150|0x0000000089600000, 0x0000000089700000, 0x0000000089700000|100%| E|CS|TAMS 0x0000000089600000, 0x0000000089600000| Complete 
| 151|0x0000000089700000, 0x0000000089800000, 0x0000000089800000|100%| E|CS|TAMS 0x0000000089700000, 0x0000000089700000| Complete 
| 152|0x0000000089800000, 0x0000000089900000, 0x0000000089900000|100%| E|CS|TAMS 0x0000000089800000, 0x0000000089800000| Complete 
| 153|0x0000000089900000, 0x0000000089a00000, 0x0000000089a00000|100%| E|CS|TAMS 0x0000000089900000, 0x0000000089900000| Complete 
| 154|0x0000000089a00000, 0x0000000089b00000, 0x0000000089b00000|100%| E|CS|TAMS 0x0000000089a00000, 0x0000000089a00000| Complete 
| 155|0x0000000089b00000, 0x0000000089c00000, 0x0000000089c00000|100%| E|CS|TAMS 0x0000000089b00000, 0x0000000089b00000| Complete 
| 156|0x0000000089c00000, 0x0000000089d00000, 0x0000000089d00000|100%| E|CS|TAMS 0x0000000089c00000, 0x0000000089c00000| Complete 
| 157|0x0000000089d00000, 0x0000000089e00000, 0x0000000089e00000|100%| E|CS|TAMS 0x0000000089d00000, 0x0000000089d00000| Complete 
| 158|0x0000000089e00000, 0x0000000089f00000, 0x0000000089f00000|100%| E|CS|TAMS 0x0000000089e00000, 0x0000000089e00000| Complete 
| 159|0x0000000089f00000, 0x000000008a000000, 0x000000008a000000|100%| E|CS|TAMS 0x0000000089f00000, 0x0000000089f00000| Complete 
| 160|0x000000008a000000, 0x000000008a100000, 0x000000008a100000|100%| E|CS|TAMS 0x000000008a000000, 0x000000008a000000| Complete 
| 161|0x000000008a100000, 0x000000008a200000, 0x000000008a200000|100%| E|CS|TAMS 0x000000008a100000, 0x000000008a100000| Complete 
| 162|0x000000008a200000, 0x000000008a300000, 0x000000008a300000|100%| E|CS|TAMS 0x000000008a200000, 0x000000008a200000| Complete 
| 163|0x000000008a300000, 0x000000008a400000, 0x000000008a400000|100%| E|CS|TAMS 0x000000008a300000, 0x000000008a300000| Complete 
| 164|0x000000008a400000, 0x000000008a500000, 0x000000008a500000|100%| E|CS|TAMS 0x000000008a400000, 0x000000008a400000| Complete 
| 165|0x000000008a500000, 0x000000008a600000, 0x000000008a600000|100%| E|CS|TAMS 0x000000008a500000, 0x000000008a500000| Complete 
| 166|0x000000008a600000, 0x000000008a700000, 0x000000008a700000|100%| E|CS|TAMS 0x000000008a600000, 0x000000008a600000| Complete 
| 167|0x000000008a700000, 0x000000008a800000, 0x000000008a800000|100%| E|CS|TAMS 0x000000008a700000, 0x000000008a700000| Complete 
| 168|0x000000008a800000, 0x000000008a900000, 0x000000008a900000|100%| E|CS|TAMS 0x000000008a800000, 0x000000008a800000| Complete 
| 169|0x000000008a900000, 0x000000008aa00000, 0x000000008aa00000|100%| E|CS|TAMS 0x000000008a900000, 0x000000008a900000| Complete 
| 170|0x000000008aa00000, 0x000000008ab00000, 0x000000008ab00000|100%| E|CS|TAMS 0x000000008aa00000, 0x000000008aa00000| Complete 
| 171|0x000000008ab00000, 0x000000008ac00000, 0x000000008ac00000|100%| E|CS|TAMS 0x000000008ab00000, 0x000000008ab00000| Complete 
| 172|0x000000008ac00000, 0x000000008ad00000, 0x000000008ad00000|100%| E|CS|TAMS 0x000000008ac00000, 0x000000008ac00000| Complete 
| 173|0x000000008ad00000, 0x000000008ae00000, 0x000000008ae00000|100%| E|CS|TAMS 0x000000008ad00000, 0x000000008ad00000| Complete 
| 174|0x000000008ae00000, 0x000000008af00000, 0x000000008af00000|100%| E|CS|TAMS 0x000000008ae00000, 0x000000008ae00000| Complete 
| 175|0x000000008af00000, 0x000000008b000000, 0x000000008b000000|100%| E|CS|TAMS 0x000000008af00000, 0x000000008af00000| Complete 
| 176|0x000000008b000000, 0x000000008b100000, 0x000000008b100000|100%| E|CS|TAMS 0x000000008b000000, 0x000000008b000000| Complete 
| 177|0x000000008b100000, 0x000000008b200000, 0x000000008b200000|100%| E|CS|TAMS 0x000000008b100000, 0x000000008b100000| Complete 
| 178|0x000000008b200000, 0x000000008b300000, 0x000000008b300000|100%| E|CS|TAMS 0x000000008b200000, 0x000000008b200000| Complete 
| 179|0x000000008b300000, 0x000000008b400000, 0x000000008b400000|100%| E|CS|TAMS 0x000000008b300000, 0x000000008b300000| Complete 
| 180|0x000000008b400000, 0x000000008b500000, 0x000000008b500000|100%| E|CS|TAMS 0x000000008b400000, 0x000000008b400000| Complete 
| 181|0x000000008b500000, 0x000000008b600000, 0x000000008b600000|100%| E|CS|TAMS 0x000000008b500000, 0x000000008b500000| Complete 
| 182|0x000000008b600000, 0x000000008b700000, 0x000000008b700000|100%| E|CS|TAMS 0x000000008b600000, 0x000000008b600000| Complete 

Card table byte_map: [0x000000a9f2120000,0x000000a9f2520000] _byte_map_base: 0x000000a9f1d20000

Marking Bits (Prev, Next): (CMBitMap*) 0x000000a9daa6c6e8, (CMBitMap*) 0x000000a9daa6c720
 Prev Bits: [0x000000a9f2920000, 0x000000a9f4920000)
 Next Bits: [0x000000a9f4920000, 0x000000a9f6920000)

Polling page: 0x000000a9d8830000

Metaspace:

Usage:
  Non-class:     33.64 MB capacity,    32.97 MB ( 98%) used,   557.41 KB (  2%) free+waste,   124.88 KB ( <1%) overhead. 
      Class:      5.10 MB capacity,     4.69 MB ( 92%) used,   358.91 KB (  7%) free+waste,    61.19 KB (  1%) overhead. 
       Both:     38.74 MB capacity,    37.66 MB ( 97%) used,   916.32 KB (  2%) free+waste,   186.06 KB ( <1%) overhead. 

Virtual space:
  Non-class space:       34.00 MB reserved,      33.67 MB (>99%) committed 
      Class space:        1.00 GB reserved,       5.13 MB ( <1%) committed 
             Both:        1.03 GB reserved,      38.80 MB (  4%) committed 

Chunk freelists:
   Non-Class:  4.25 KB
       Class:  3.25 KB
        Both:  7.50 KB

CodeHeap 'non-profiled nmethods': size=239488Kb used=6748Kb max_used=6748Kb free=232739Kb
 bounds [0x000000a9e3340000, 0x000000a9e39e0000, 0x000000a9f1d20000]
CodeHeap 'non-nmethods': size=6272Kb used=1160Kb max_used=1711Kb free=5111Kb
 bounds [0x000000a9e2d20000, 0x000000a9e2f90000, 0x000000a9e3340000]
 total_blobs=4479 nmethods=3949 adapters=431
 compilation: enabled
              stopped_count=0, restarted_count=0
 full_count=0

Compilation events (10 events):
Event: 13.009 Thread 0x000000a9f9a38000 3894       1       org.springframework.cglib.core.ClassEmitter::begin_class (110 bytes)
Event: 13.010 Thread 0x000000a9f9a38000 nmethod 3894 0x000000a9e39c1d90 code [0x000000a9e39c2020, 0x000000a9e39c2820]
Event: 13.010 Thread 0x000000a9f9a38000 3895       1       org.springframework.cglib.core.ClassEmitter$1::<init> (32 bytes)
Event: 13.010 Thread 0x000000a9f9a38000 nmethod 3895 0x000000a9e39c2c90 code [0x000000a9e39c2e40, 0x000000a9e39c30d8]
Event: 13.010 Thread 0x000000a9f9a38000 3897       1       org.springframework.cglib.core.ClassEmitter::end_class (82 bytes)
Event: 13.010 Thread 0x000000a9f9a38000 nmethod 3897 0x000000a9e39c3190 code [0x000000a9e39c33c0, 0x000000a9e39c3740]
Event: 13.011 Thread 0x000000a9f9a38000 3898       1       org.springframework.cglib.core.SpringNamingPolicy::getTag (3 bytes)
Event: 13.012 Thread 0x000000a9f9a38000 nmethod 3898 0x000000a9e39c3990 code [0x000000a9e39c3b40, 0x000000a9e39c3c58]
Event: 13.279 Thread 0x000000a9f9a38000 3899       1       org.springframework.cglib.core.AbstractClassGenerator::getClassLoader (53 bytes)
Event: 13.280 Thread 0x000000a9f9a38000 nmethod 3899 0x000000a9e3399c90 code [0x000000a9e3399ec0, 0x000000a9e339a400]

GC Heap History (10 events):
Event: 2.174 GC heap before
{Heap before GC invocations=2 (full 0):
 garbage-first heap   total 131072K, used 14061K [0x0000000080000000, 0x0000000100000000)
  region size 1024K, 11 young (11264K), 1 survivors (1024K)
 Metaspace       used 14500K, capacity 14870K, committed 14976K, reserved 1062912K
  class space    used 1549K, capacity 1663K, committed 1664K, reserved 1048576K
}
Event: 2.179 GC heap after
{Heap after GC invocations=3 (full 0):
 garbage-first heap   total 131072K, used 5363K [0x0000000080000000, 0x0000000100000000)
  region size 1024K, 2 young (2048K), 2 survivors (2048K)
 Metaspace       used 14500K, capacity 14870K, committed 14976K, reserved 1062912K
  class space    used 1549K, capacity 1663K, committed 1664K, reserved 1048576K
}
Event: 2.567 GC heap before
{Heap before GC invocations=3 (full 0):
 garbage-first heap   total 131072K, used 19699K [0x0000000080000000, 0x0000000100000000)
  region size 1024K, 17 young (17408K), 2 survivors (2048K)
 Metaspace       used 17761K, capacity 18279K, committed 18304K, reserved 1064960K
  class space    used 1976K, capacity 2167K, committed 2176K, reserved 1048576K
}
Event: 2.576 GC heap after
{Heap after GC invocations=4 (full 0):
 garbage-first heap   total 131072K, used 6128K [0x0000000080000000, 0x0000000100000000)
  region size 1024K, 3 young (3072K), 3 survivors (3072K)
 Metaspace       used 17761K, capacity 18279K, committed 18304K, reserved 1064960K
  class space    used 1976K, capacity 2167K, committed 2176K, reserved 1048576K
}
Event: 3.010 GC heap before
{Heap before GC invocations=4 (full 0):
 garbage-first heap   total 131072K, used 24560K [0x0000000080000000, 0x0000000100000000)
  region size 1024K, 22 young (22528K), 3 survivors (3072K)
 Metaspace       used 20680K, capacity 21243K, committed 21296K, reserved 1069056K
  class space    used 2460K, capacity 2687K, committed 2688K, reserved 1048576K
}
Event: 3.030 GC heap after
{Heap after GC invocations=5 (full 0):
 garbage-first heap   total 131072K, used 7060K [0x0000000080000000, 0x0000000100000000)
  region size 1024K, 3 young (3072K), 3 survivors (3072K)
 Metaspace       used 20680K, capacity 21243K, committed 21296K, reserved 1069056K
  class space    used 2460K, capacity 2687K, committed 2688K, reserved 1048576K
}
Event: 4.857 GC heap before
{Heap before GC invocations=6 (full 0):
 garbage-first heap   total 131072K, used 61332K [0x0000000080000000, 0x0000000100000000)
  region size 1024K, 56 young (57344K), 3 survivors (3072K)
 Metaspace       used 27243K, capacity 28033K, committed 28208K, reserved 1073152K
  class space    used 3332K, capacity 3613K, committed 3712K, reserved 1048576K
}
Event: 4.875 GC heap after
{Heap after GC invocations=7 (full 0):
 garbage-first heap   total 187392K, used 9932K [0x0000000080000000, 0x0000000100000000)
  region size 1024K, 5 young (5120K), 5 survivors (5120K)
 Metaspace       used 27243K, capacity 28033K, committed 28208K, reserved 1073152K
  class space    used 3332K, capacity 3613K, committed 3712K, reserved 1048576K
}
Event: 6.495 GC heap before
{Heap before GC invocations=7 (full 0):
 garbage-first heap   total 187392K, used 85708K [0x0000000080000000, 0x0000000100000000)
  region size 1024K, 80 young (81920K), 5 survivors (5120K)
 Metaspace       used 34877K, capacity 35836K, committed 35888K, reserved 1081344K
  class space    used 4303K, capacity 4690K, committed 4736K, reserved 1048576K
}
Event: 6.542 GC heap after
{Heap after GC invocations=8 (full 0):
 garbage-first heap   total 187392K, used 14847K [0x0000000080000000, 0x0000000100000000)
  region size 1024K, 10 young (10240K), 10 survivors (10240K)
 Metaspace       used 34877K, capacity 35836K, committed 35888K, reserved 1081344K
  class space    used 4303K, capacity 4690K, committed 4736K, reserved 1048576K
}

Deoptimization events (0 events):
No events

Classes redefined (0 events):
No events

Internal exceptions (10 events):
Event: 6.335 Thread 0x000000a9fa9d5000 Exception <a 'java/lang/ClassNotFoundException'{0x0000000087795020}: org/springframework/context/annotation/ConfigurationClassEnhancer$EnhancedConfigurationCustomizer> (0x0000000087795020) thrown at [t:/workspace/open/src/hotspot/share/classfile/systemDic
Event: 6.335 Thread 0x000000a9fa9d5000 Exception <a 'java/lang/ClassNotFoundException'{0x000000008779ea88}: org/springframework/beans/factory/BeanFactoryAwareCustomizer> (0x000000008779ea88) thrown at [t:/workspace/open/src/hotspot/share/classfile/systemDictionary.cpp, line 231]
Event: 6.336 Thread 0x000000a9fa9d5000 Exception <a 'java/lang/ClassNotFoundException'{0x00000000877a8690}: org/springframework/beans/factory/AwareCustomizer> (0x00000000877a8690) thrown at [t:/workspace/open/src/hotspot/share/classfile/systemDictionary.cpp, line 231]
Event: 6.336 Thread 0x000000a9fa9d5000 Exception <a 'java/lang/ClassNotFoundException'{0x00000000877b20b8}: org/springframework/context/ApplicationContextAwareCustomizer> (0x00000000877b20b8) thrown at [t:/workspace/open/src/hotspot/share/classfile/systemDictionary.cpp, line 231]
Event: 6.336 Thread 0x000000a9fa9d5000 Exception <a 'java/lang/ClassNotFoundException'{0x00000000877bc0f8}: org/springframework/beans/factory/AwareCustomizer> (0x00000000877bc0f8) thrown at [t:/workspace/open/src/hotspot/share/classfile/systemDictionary.cpp, line 231]
Event: 6.337 Thread 0x000000a9fa9d5000 Exception <a 'java/lang/ClassNotFoundException'{0x00000000877c5ae8}: org/springframework/web/context/ServletContextAwareCustomizer> (0x00000000877c5ae8) thrown at [t:/workspace/open/src/hotspot/share/classfile/systemDictionary.cpp, line 231]
Event: 6.337 Thread 0x000000a9fa9d5000 Exception <a 'java/lang/ClassNotFoundException'{0x00000000877cf600}: org/springframework/beans/factory/AwareCustomizer> (0x00000000877cf600) thrown at [t:/workspace/open/src/hotspot/share/classfile/systemDictionary.cpp, line 231]
Event: 6.458 Thread 0x000000a9fa9d5000 Exception <a 'java/lang/NoSuchMethodError'{0x0000000086ee2458}: java.lang.invoke.DirectMethodHandle$Holder.invokeVirtual(Ljava/lang/Object;Ljava/lang/Object;I)V> (0x0000000086ee2458) thrown at [t:/workspace/open/src/hotspot/share/interpreter/linkResolver.
Event: 6.826 Thread 0x000000a9fa9d5000 Exception <a 'java/lang/NoSuchMethodError'{0x000000008a7e98e0}: java.lang.invoke.DirectMethodHandle$Holder.invokeSpecial(Ljava/lang/Object;Ljava/lang/Object;)V> (0x000000008a7e98e0) thrown at [t:/workspace/open/src/hotspot/share/interpreter/linkResolver.c
Event: 6.883 Thread 0x000000a9fa9d5000 Exception <a 'java/lang/NoSuchMethodError'{0x000000008a468120}: java.lang.invoke.DirectMethodHandle$Holder.newInvokeSpecial(Ljava/lang/Object;I)Ljava/lang/Object;> (0x000000008a468120) thrown at [t:/workspace/open/src/hotspot/share/interpreter/linkResolve

Events (10 events):
Event: 13.275 loading class org/springframework/aop/framework/InterceptorAndDynamicMethodMatcher done
Event: 13.276 loading class org/aopalliance/intercept/MethodInvocation
Event: 13.276 loading class org/aopalliance/intercept/MethodInvocation done
Event: 13.276 loading class org/springframework/aop/interceptor/AsyncExecutionInterceptor
Event: 13.276 loading class org/springframework/aop/interceptor/AsyncExecutionInterceptor done
Event: 13.276 loading class java/util/concurrent/CompletableFuture
Event: 13.277 loading class java/util/concurrent/CompletionStage
Event: 13.277 loading class java/util/concurrent/CompletionStage done
Event: 13.277 loading class java/util/concurrent/CompletableFuture done
Event: 13.279 Thread 0x000000a9fa877000 Thread added: 0x000000a9fa877000


Dynamic libraries:
0x00007ff6022a0000 - 0x00007ff6022e7000 	F:\Program Files\Java\jdk-11.0.2\bin\java.exe
0x00007ffde3bc0000 - 0x00007ffde3d6d000 	C:\Windows\SYSTEM32\ntdll.dll
0x00007ffde1850000 - 0x00007ffde198f000 	C:\Windows\system32\KERNEL32.DLL
0x00007ffde0e70000 - 0x00007ffde0f86000 	C:\Windows\system32\KERNELBASE.dll
0x00007ffde1670000 - 0x00007ffde171a000 	C:\Windows\system32\ADVAPI32.dll
0x00007ffde1ed0000 - 0x00007ffde2047000 	C:\Windows\system32\USER32.dll
0x00007ffddf0d0000 - 0x00007ffddf34b000 	C:\Windows\WinSxS\amd64_microsoft.windows.common-controls_6595b64144ccf1df_6.0.9600.19394_none_62486577ecb635cf\COMCTL32.dll
0x00007ffddf380000 - 0x00007ffddf38a000 	C:\Windows\SYSTEM32\VERSION.dll
0x00007ffde15c0000 - 0x00007ffde166a000 	C:\Windows\system32\msvcrt.dll
0x00007ffde1d50000 - 0x00007ffde1da9000 	C:\Windows\SYSTEM32\sechost.dll
0x00007ffde1480000 - 0x00007ffde15c0000 	C:\Windows\system32\RPCRT4.dll
0x00007ffde1bf0000 - 0x00007ffde1d3c000 	C:\Windows\system32\GDI32.dll
0x00007ffde0f90000 - 0x00007ffde0fbe000 	C:\Windows\system32\SspiCli.dll
0x00007ffde20b0000 - 0x00007ffde20e6000 	C:\Windows\system32\IMM32.DLL
0x00007ffde22d0000 - 0x00007ffde2422000 	C:\Windows\system32\MSCTF.dll
0x00007ffdcaa10000 - 0x00007ffdcaa26000 	F:\Program Files\Java\jdk-11.0.2\bin\vcruntime140.dll
0x00007ffdce120000 - 0x00007ffdce124000 	F:\Program Files\Java\jdk-11.0.2\bin\api-ms-win-crt-runtime-l1-1-0.dll
0x00007ffdce030000 - 0x00007ffdce034000 	F:\Program Files\Java\jdk-11.0.2\bin\api-ms-win-crt-string-l1-1-0.dll
0x00007ffdcdce0000 - 0x00007ffdcdce3000 	F:\Program Files\Java\jdk-11.0.2\bin\api-ms-win-crt-heap-l1-1-0.dll
0x00007ffdcd820000 - 0x00007ffdcd824000 	F:\Program Files\Java\jdk-11.0.2\bin\api-ms-win-crt-stdio-l1-1-0.dll
0x00007ffdcc490000 - 0x00007ffdcc494000 	F:\Program Files\Java\jdk-11.0.2\bin\api-ms-win-crt-convert-l1-1-0.dll
0x00007ffdc8040000 - 0x00007ffdc8136000 	F:\Program Files\Java\jdk-11.0.2\bin\ucrtbase.DLL
0x00007ffdc79b0000 - 0x00007ffdc7a5a000 	F:\Program Files\Java\jdk-11.0.2\bin\msvcp140.dll
0x00007ffdcb0d0000 - 0x00007ffdcb0d3000 	F:\Program Files\Java\jdk-11.0.2\bin\api-ms-win-crt-locale-l1-1-0.dll
0x00007ffdca9a0000 - 0x00007ffdca9a5000 	F:\Program Files\Java\jdk-11.0.2\bin\api-ms-win-crt-math-l1-1-0.dll
0x00007ffdca5c0000 - 0x00007ffdca5c5000 	F:\Program Files\Java\jdk-11.0.2\bin\api-ms-win-crt-multibyte-l1-1-0.dll
0x00007ffdca4b0000 - 0x00007ffdca4b3000 	F:\Program Files\Java\jdk-11.0.2\bin\api-ms-win-crt-time-l1-1-0.dll
0x00007ffdca4a0000 - 0x00007ffdca4a3000 	F:\Program Files\Java\jdk-11.0.2\bin\api-ms-win-crt-filesystem-l1-1-0.dll
0x00007ffdca490000 - 0x00007ffdca493000 	F:\Program Files\Java\jdk-11.0.2\bin\api-ms-win-crt-environment-l1-1-0.dll
0x00007ffdca480000 - 0x00007ffdca483000 	F:\Program Files\Java\jdk-11.0.2\bin\api-ms-win-crt-utility-l1-1-0.dll
0x00007ffdbf710000 - 0x00007ffdc0237000 	F:\Program Files\Java\jdk-11.0.2\bin\server\jvm.dll
0x00007ffdda3f0000 - 0x00007ffdda3f9000 	C:\Windows\SYSTEM32\WSOCK32.dll
0x00007ffddf350000 - 0x00007ffddf372000 	C:\Windows\SYSTEM32\WINMM.dll
0x00007ffde3980000 - 0x00007ffde3987000 	C:\Windows\system32\PSAPI.DLL
0x00007ffde2050000 - 0x00007ffde20aa000 	C:\Windows\system32\WS2_32.dll
0x00007ffddee20000 - 0x00007ffddee4a000 	C:\Windows\SYSTEM32\WINMMBASE.dll
0x00007ffde2430000 - 0x00007ffde2439000 	C:\Windows\system32\NSI.dll
0x00007ffde0dc0000 - 0x00007ffde0e0f000 	C:\Windows\SYSTEM32\cfgmgr32.dll
0x00007ffddfb20000 - 0x00007ffddfb48000 	C:\Windows\SYSTEM32\DEVOBJ.dll
0x00007ffdca460000 - 0x00007ffdca471000 	F:\Program Files\Java\jdk-11.0.2\bin\verify.dll
0x00007ffdd0990000 - 0x00007ffdd0b19000 	C:\Windows\SYSTEM32\DBGHELP.DLL
0x00007ffdc87b0000 - 0x00007ffdc87d9000 	F:\Program Files\Java\jdk-11.0.2\bin\java.dll
0x00007ffdc7e50000 - 0x00007ffdc7e7f000 	F:\Program Files\Java\jdk-11.0.2\bin\instrument.dll
0x00007ffdc9660000 - 0x00007ffdc9676000 	F:\Program Files\Java\jdk-11.0.2\bin\zip.dll
0x00007ffdca430000 - 0x00007ffdca43a000 	F:\Program Files\Java\jdk-11.0.2\bin\jimage.dll
0x00007ffde2450000 - 0x00007ffde397b000 	C:\Windows\system32\SHELL32.dll
0x00007ffde1270000 - 0x00007ffde1480000 	C:\Windows\SYSTEM32\combase.dll
0x00007ffde1720000 - 0x00007ffde1774000 	C:\Windows\system32\SHLWAPI.dll
0x00007ffddf860000 - 0x00007ffddf912000 	C:\Windows\SYSTEM32\SHCORE.dll
0x00007ffde0cf0000 - 0x00007ffde0d05000 	C:\Windows\SYSTEM32\profapi.dll
0x00007ffdc8020000 - 0x00007ffdc8039000 	F:\Program Files\Java\jdk-11.0.2\bin\net.dll
0x00007ffdd6bf0000 - 0x00007ffdd6cb9000 	C:\Windows\SYSTEM32\WINHTTP.dll
0x00007ffdd63d0000 - 0x00007ffdd655a000 	C:\Windows\SYSTEM32\urlmon.dll
0x00007ffde1990000 - 0x00007ffde1b24000 	C:\Windows\system32\ole32.dll
0x00007ffdd9b90000 - 0x00007ffdd9e5c000 	C:\Windows\SYSTEM32\iertutil.dll
0x00007ffdd9e60000 - 0x00007ffdda30c000 	C:\Windows\SYSTEM32\WININET.dll
0x00007ffde0310000 - 0x00007ffde0331000 	C:\Windows\SYSTEM32\USERENV.dll
0x00007ffde0580000 - 0x00007ffde05d9000 	C:\Windows\system32\mswsock.dll
0x00007ffdc8000000 - 0x00007ffdc8013000 	F:\Program Files\Java\jdk-11.0.2\bin\nio.dll
0x00007ffdc7e30000 - 0x00007ffdc7e4a000 	C:\Program Files\JetBrains\IntelliJ IDEA 2019.2\bin\breakgen64.dll
0x00007ffde0380000 - 0x00007ffde0424000 	C:\Windows\SYSTEM32\DNSAPI.dll
0x00007ffdcef90000 - 0x00007ffdcef9a000 	C:\Windows\System32\rasadhlp.dll
0x00007ffdd9390000 - 0x00007ffdd93fb000 	C:\Windows\System32\fwpuclnt.dll
0x00007ffdca2b0000 - 0x00007ffdca2b9000 	F:\Program Files\Java\jdk-11.0.2\bin\management.dll
0x00007ffdca120000 - 0x00007ffdca12c000 	F:\Program Files\Java\jdk-11.0.2\bin\management_ext.dll
0x00007ffde0650000 - 0x00007ffde0670000 	C:\Windows\SYSTEM32\CRYPTSP.dll
0x00007ffde0200000 - 0x00007ffde0236000 	C:\Windows\system32\rsaenh.dll
0x00007ffde0860000 - 0x00007ffde0886000 	C:\Windows\SYSTEM32\bcrypt.dll
0x00007ffde0bc0000 - 0x00007ffde0c23000 	C:\Windows\system32\bcryptprimitives.dll
0x00007ffde0c30000 - 0x00007ffde0c3b000 	C:\Windows\SYSTEM32\CRYPTBASE.dll
0x00007ffddaad0000 - 0x00007ffddaafa000 	C:\Windows\SYSTEM32\IPHLPAPI.DLL
0x00007ffddaac0000 - 0x00007ffddaaca000 	C:\Windows\SYSTEM32\WINNSI.DLL
0x00007ffdd9050000 - 0x00007ffdd9066000 	C:\Windows\SYSTEM32\dhcpcsvc6.DLL
0x00007ffdd91d0000 - 0x00007ffdd91ea000 	C:\Windows\SYSTEM32\dhcpcsvc.DLL
0x00007ffdd0540000 - 0x00007ffdd0555000 	C:\Windows\system32\napinsp.dll
0x00007ffdd0520000 - 0x00007ffdd053a000 	C:\Windows\system32\pnrpnsp.dll
0x00007ffddb3f0000 - 0x00007ffddb40b000 	C:\Windows\system32\NLAapi.dll
0x00007ffdd0510000 - 0x00007ffdd051d000 	C:\Windows\System32\winrnr.dll
0x00007ffdd04f0000 - 0x00007ffdd0504000 	C:\Windows\system32\wshbth.dll
0x000000006b600000 - 0x000000006b62f000 	C:\Users\andry\AppData\Local\Temp\usb4java1257874482084224273.tmp\libusb-1.0.dll
0x0000000070880000 - 0x0000000070897000 	C:\Users\andry\AppData\Local\Temp\usb4java1257874482084224273.tmp\libusb4java.dll
0x00007ffde20f0000 - 0x00007ffde22ca000 	C:\Windows\system32\SetupAPI.dll
0x00007ffdc7970000 - 0x00007ffdc798a000 	C:\Windows\SYSTEM32\libusbK.DLL
0x00007ffde0e10000 - 0x00007ffde0e61000 	C:\Windows\system32\wintrust.DLL
0x00007ffde0fc0000 - 0x00007ffde119f000 	C:\Windows\system32\CRYPT32.dll
0x00007ffde0da0000 - 0x00007ffde0db1000 	C:\Windows\system32\MSASN1.dll
0x00007ffdc7bf0000 - 0x00007ffdc7bfb000 	C:\Windows\SYSTEM32\winusb.dll
0x00007ffddfed0000 - 0x00007ffddfedd000 	C:\Windows\SYSTEM32\hid.dll

dbghelp: loaded successfully - version: 4.0.5 - missing functions: none
symbol engine: initialized successfully - sym options: 0x614 - pdb path: .;F:\Program Files\Java\jdk-11.0.2\bin;C:\Windows\SYSTEM32;C:\Windows\WinSxS\amd64_microsoft.windows.common-controls_6595b64144ccf1df_6.0.9600.19394_none_62486577ecb635cf;F:\Program Files\Java\jdk-11.0.2\bin\server;C:\Program Files\JetBrains\IntelliJ IDEA 2019.2\bin;C:\Users\andry\AppData\Local\Temp\usb4java1257874482084224273.tmp

VM Arguments:
jvm_args: -XX:TieredStopAtLevel=1 -Xverify:none -Dspring.output.ansi.enabled=always -Dcom.sun.management.jmxremote -Dspring.jmx.enabled=true -Dspring.liveBeansView.mbeanDomain -Dspring.application.admin.enabled=true -javaagent:C:\Program Files\JetBrains\IntelliJ IDEA 2019.2\lib\idea_rt.jar=49231:C:\Program Files\JetBrains\IntelliJ IDEA 2019.2\bin -Dfile.encoding=UTF-8 
java_command: com.examle.tempmon.Application
java_class_path (initial): E:\tempmon\target\classes;E:\java\lombok.jar;E:\java\usb4java-1.2.0\usb4java-1.2.0\lib\libusb4java-1.2.0-windows-x86.jar;E:\java\usb4java-1.2.0\usb4java-1.2.0\lib\commons-lang3-3.2.1.jar;E:\java\usb4java-1.2.0\usb4java-1.2.0\lib\libusb4java-1.2.0-windows-x86_64.jar;E:\java\usb4java-1.2.0\usb4java-1.2.0\lib\usb4java-1.2.0.jar;C:\Users\andry\.m2\repository\org\springframework\boot\spring-boot-starter-web\2.1.6.RELEASE\spring-boot-starter-web-2.1.6.RELEASE.jar;C:\Users\andry\.m2\repository\org\springframework\boot\spring-boot-starter\2.1.6.RELEASE\spring-boot-starter-2.1.6.RELEASE.jar;C:\Users\andry\.m2\repository\org\springframework\boot\spring-boot-starter-logging\2.1.6.RELEASE\spring-boot-starter-logging-2.1.6.RELEASE.jar;C:\Users\andry\.m2\repository\ch\qos\logback\logback-classic\1.2.3\logback-classic-1.2.3.jar;C:\Users\andry\.m2\repository\ch\qos\logback\logback-core\1.2.3\logback-core-1.2.3.jar;C:\Users\andry\.m2\repository\org\apache\logging\log4j\log4j-to-slf4j\2.11.2\log4j-to-slf4j-2.11.2.jar;C:\Users\andry\.m2\repository\org\apache\logging\log4j\log4j-api\2.11.2\log4j-api-2.11.2.jar;C:\Users\andry\.m2\repository\org\slf4j\jul-to-slf4j\1.7.26\jul-to-slf4j-1.7.26.jar;C:\Users\andry\.m2\repository\javax\annotation\javax.annotation-api\1.3.2\javax.annotation-api-1.3.2.jar;C:\Users\andry\.m2\repository\org\springframework\spring-core\5.1.8.RELEASE\spring-core-5.1.8.RELEASE.jar;C:\Users\andry\.m2\repository\org\springframework\spring-jcl\5.1.8.RELEASE\spring-jcl-5.1.8.RELEASE.jar;C:\Users\andry\.m2\repository\org\yaml\snakeyaml\1.23\snakeyaml-1.23.jar;C:\Users\andry\.m2\repository\org\springframework\boot\spring-boot-starter-json\2.1.6.RELEASE\spring-boot-starter-json-2.1.6.RELEASE.jar;C:\Users\andry\.m2\repository\com\fasterxml\jackson\core\jackson-databind\2.9.9\jackson-databind-2.9.9.jar;C:\Users\andry\.m2\repository\com\fasterxml\jackson\core\jackson-annotations\2.9.0\jackson-annotations-2.9.0.jar;C:\Users\andry\.m2\repository\com\
Launcher Type: SUN_STANDARD

[Global flags]
     bool BytecodeVerificationLocal                = false                                     {product} {command line}
     bool BytecodeVerificationRemote               = false                                     {product} {command line}
     intx CICompilerCount                          = 2                                         {product} {ergonomic}
     uint ConcGCThreads                            = 1                                         {product} {ergonomic}
     uint G1ConcRefinementThreads                  = 2                                         {product} {ergonomic}
   size_t G1HeapRegionSize                         = 1048576                                   {product} {ergonomic}
    uintx GCDrainStackTargetSize                   = 64                                        {product} {ergonomic}
   size_t InitialHeapSize                          = 134217728                                 {product} {ergonomic}
     bool ManagementServer                         = true                                      {product} {command line}
   size_t MarkStackSize                            = 4194304                                   {product} {ergonomic}
   size_t MaxHeapSize                              = 2147483648                                {product} {ergonomic}
   size_t MaxNewSize                               = 1287651328                                {product} {ergonomic}
   size_t MinHeapDeltaBytes                        = 1048576                                   {product} {ergonomic}
    uintx NonNMethodCodeHeapSize                   = 6396312                                {pd product} {ergonomic}
    uintx NonProfiledCodeHeapSize                  = 245261928                              {pd product} {ergonomic}
    uintx ProfiledCodeHeapSize                     = 0                                      {pd product} {ergonomic}
    uintx ReservedCodeCacheSize                    = 251658240                              {pd product} {ergonomic}
     bool SegmentedCodeCache                       = true                                      {product} {ergonomic}
     intx TieredStopAtLevel                        = 1                                         {product} {command line}
     bool UseCompressedClassPointers               = true                                 {lp64_product} {ergonomic}
     bool UseCompressedOops                        = true                                 {lp64_product} {ergonomic}
     bool UseG1GC                                  = true                                      {product} {ergonomic}
     bool UseLargePagesIndividualAllocation        = false                                  {pd product} {ergonomic}

Logging:
Log output configuration:
 #0: stdout all=warning uptime,level,tags
 #1: stderr all=off uptime,level,tags

Environment Variables:
PATH=C:\Program Files\JetBrains\IntelliJ IDEA 2019.2\jbr\\bin;C:\Program Files\JetBrains\IntelliJ IDEA 2019.2\jbr\\bin\server;C:\Program Files (x86)\Common Files\Oracle\Java\javapath;C:\ProgramData\Oracle\Java\javapath;C:\Program Files (x86)\NVIDIA Corporation\PhysX\Common;C:\Windows\system32;C:\Windows;C:\Windows\System32\Wbem;C:\Windows\System32\WindowsPowerShell\v1.0\;C:\Program Files\Calibre2\;C:\Program Files\MySQL\MySQL Shell 8.0\bin\;C:\Users\andry\AppData\Local\Programs\Microsoft VS Code\bin
USERNAME=andry
OS=Windows_NT
PROCESSOR_IDENTIFIER=Intel64 Family 6 Model 23 Stepping 10, GenuineIntel



---------------  S Y S T E M  ---------------

OS: Windows 8.1 , 64 bit Build 9600 (6.3.9600.19538)

CPU:total 2 (initial active 2) (2 cores per cpu, 1 threads per core) family 6 model 23 stepping 10, cmov, cx8, fxsr, mmx, sse, sse2, sse3, ssse3, sse4.1, tsc

Memory: 4k page, system-wide physical 8191M (2634M free)
TotalPageFile size 14079M (AvailPageFile size 4773M)
current process WorkingSet (physical memory assigned to process): 213M, peak: 213M
current process commit charge ("private bytes"): 306M, peak: 306M

vm_info: Java HotSpot(TM) 64-Bit Server VM (11.0.2+9-LTS) for windows-amd64 JRE (11.0.2+9-LTS), built on Jan 18 2019 05:24:10 by "mach5one" with MS VC++ 15.5 (VS2017)

END.
