#
# A fatal error has been detected by the Java Runtime Environment:
#
#  EXCEPTION_ACCESS_VIOLATION (0xc0000005) at pc=0x000000006b6069ca, pid=18576, tid=15180
#
# JRE version: Java(TM) SE Runtime Environment (11.0.2+9) (build 11.0.2+9-LTS)
# Java VM: Java HotSpot(TM) 64-Bit Server VM (11.0.2+9-LTS, mixed mode, tiered, compressed oops, g1 gc, windows-amd64)
# Problematic frame:
# C  [libusb-1.0.dll+0x69ca]
#
# No core dump will be written. Minidumps are not enabled by default on client versions of Windows
#
# If you would like to submit a bug report, please visit:
#   http://bugreport.java.com/bugreport/crash.jsp
# The crash happened outside the Java Virtual Machine in native code.
# See problematic frame for where to report the bug.
#

---------------  S U M M A R Y ------------

Command Line: -XX:TieredStopAtLevel=1 -Xverify:none -Dspring.output.ansi.enabled=always -Dcom.sun.management.jmxremote -Dspring.jmx.enabled=true -Dspring.liveBeansView.mbeanDomain -Dspring.application.admin.enabled=true -javaagent:C:\Program Files\JetBrains\IntelliJ IDEA 2019.2\lib\idea_rt.jar=49283:C:\Program Files\JetBrains\IntelliJ IDEA 2019.2\bin -Dfile.encoding=UTF-8 com.examle.tempmon.Application

Host: Intel(R) Core(TM)2 Duo CPU     T9600  @ 2.80GHz, 2 cores, 7G,  Windows 8.1 , 64 bit Build 9600 (6.3.9600.19538)
Time: Sun Feb 23 06:31:37 2020 O?ieyia?y (ceia) elapsed time: 14 seconds (0d 0h 0m 14s)

---------------  T H R E A D  ---------------

Current thread (0x000000f2e839b000):  JavaThread "task-1" [_thread_in_native, id=15180, stack(0x000000f2eab00000,0x000000f2eac00000)]

Stack: [0x000000f2eab00000,0x000000f2eac00000],  sp=0x000000f2eabfeb70,  free space=1018k
Native frames: (J=compiled Java code, j=interpreted, Vv=VM code, C=native code)
C  [libusb-1.0.dll+0x69ca]

Java frames: (J=compiled Java code, j=interpreted, Vv=VM code)
j  org.usb4java.LibUsb.controlTransfer(Lorg/usb4java/DeviceHandle;BBSSLjava/nio/ByteBuffer;J)I+0
j  com.examle.tempmon.AvrTransferWin.read(Lorg/springframework/ui/Model;)V+23
j  com.examle.tempmon.AvrTransferWin$$FastClassBySpringCGLIB$$dae73813.invoke(ILjava/lang/Object;[Ljava/lang/Object;)Ljava/lang/Object;+50
j  org.springframework.cglib.proxy.MethodProxy.invoke(Ljava/lang/Object;[Ljava/lang/Object;)Ljava/lang/Object;+19
j  org.springframework.aop.framework.CglibAopProxy$CglibMethodInvocation.invokeJoinpoint()Ljava/lang/Object;+19
j  org.springframework.aop.framework.ReflectiveMethodInvocation.proceed()Ljava/lang/Object;+19
j  org.springframework.aop.interceptor.AsyncExecutionInterceptor.lambda$invoke$0(Lorg/aopalliance/intercept/MethodInvocation;Ljava/lang/reflect/Method;)Ljava/lang/Object;+1
j  org.springframework.aop.interceptor.AsyncExecutionInterceptor$$Lambda$545.call()Ljava/lang/Object;+12
j  java.util.concurrent.FutureTask.run()V+39 java.base@11.0.2
j  java.util.concurrent.ThreadPoolExecutor.runWorker(Ljava/util/concurrent/ThreadPoolExecutor$Worker;)V+92 java.base@11.0.2
j  java.util.concurrent.ThreadPoolExecutor$Worker.run()V+5 java.base@11.0.2
j  java.lang.Thread.run()V+11 java.base@11.0.2
v  ~StubRoutines::call_stub

siginfo: EXCEPTION_ACCESS_VIOLATION (0xc0000005), reading address 0x0000000000000020


Register to memory mapping:

RIP=0x000000006b6069ca libusb-1.0.dll
RAX=0x0 is NULL
RBX=0x000000f2eabfec2c is pointing into the stack for thread: 0x000000f2e839b000
RCX=0x000000f2c3e9e4c0 points into unknown readable memory: 00 00 00 00 00 00 00 00
RDX=0x0000000000000001 is an unknown value
RSP=0x000000f2eabfeb70 is pointing into the stack for thread: 0x000000f2e839b000
RBP=0x000000f2eabfebf0 is pointing into the stack for thread: 0x000000f2e839b000
RSI=0x0000000000000002 is an unknown value
RDI=0x000000f2c3e9e4c0 points into unknown readable memory: 00 00 00 00 00 00 00 00
R8 =0x0000000000000006 is an unknown value
R9 =0x000000000000004d is an unknown value
R10=0x0000000000000007 is an unknown value
R11=0x0000000000000250 is an unknown value
R12=0x0000000000000100 is an unknown value
R13={method} {0x000000f2e72d31f0} 'controlTransfer' '(Lorg/usb4java/DeviceHandle;BBSSLjava/nio/ByteBuffer;J)I' in 'org/usb4java/LibUsb'
R14=0x000000f2e6701090 points into unknown readable memory: 00 00 00 00 00 00 00 00
R15=0x000000f2c3e9e4c0 points into unknown readable memory: 00 00 00 00 00 00 00 00


Registers:
RAX=0x0000000000000000, RBX=0x000000f2eabfec2c, RCX=0x000000f2c3e9e4c0, RDX=0x0000000000000001
RSP=0x000000f2eabfeb70, RBP=0x000000f2eabfebf0, RSI=0x0000000000000002, RDI=0x000000f2c3e9e4c0
R8 =0x0000000000000006, R9 =0x000000000000004d, R10=0x0000000000000007, R11=0x0000000000000250
R12=0x0000000000000100, R13=0x000000f2e72d31e8, R14=0x000000f2e6701090, R15=0x000000f2c3e9e4c0
RIP=0x000000006b6069ca, EFLAGS=0x0000000000010202

Top of Stack: (sp=0x000000f2eabfeb70)
0x000000f2eabfeb70:   000000000000000a 000000f2e6701090
0x000000f2eabfeb80:   000000f2e72d31e8 000000f2eabfec50
0x000000f2eabfeb90:   00000000000000a1 0000000000000002
0x000000f2eabfeba0:   0000000000000000 00000000000000a1
0x000000f2eabfebb0:   0000000000000002 0000000000000000
0x000000f2eabfebc0:   000000f2eabfec50 000000006b606ccb
0x000000f2eabfebd0:   00000000000000a1 0000000000000002
0x000000f2eabfebe0:   000000f2eabfed00 000000f2eabfed58
0x000000f2eabfebf0:   000000f2e826b400 00000000708835f9
0x000000f2eabfec00:   000000f2e839b340 0000000000000002
0x000000f2eabfec10:   01000000eabfed58 0000000000000001
0x000000f2eabfec20:   0000000000000077 00000000e6701090
0x000000f2eabfec30:   000000f2e72d31e8 000000f2e72d31e8
0x000000f2eabfec40:   0000000000000077 000000f2ce219e03
0x000000f2eabfec50:   0000000000000000 000000f2e72d31e8
0x000000f2eabfec60:   000000f2eabfed80 000000f2e839b000 

Instructions: (pc=0x000000006b6069ca)
0x000000006b6069aa:   66 0f 1f 44 00 00 55 57 56 53 48 83 ec 38 48 8d
0x000000006b6069ba:   ac 24 80 00 00 00 48 8b 01 48 89 cf 48 8b 59 28
0x000000006b6069ca:   48 8b 40 20 48 8b 70 10 8b 03 85 c0 75 49 48 89
0x000000006b6069da:   da 48 89 f1 e8 fd f8 ff ff 85 c0 79 eb 83 f8 f6 


Stack slot to memory mapping:
stack at sp + 0 slots: 0x000000000000000a is an unknown value
stack at sp + 1 slots: 0x000000f2e6701090 points into unknown readable memory: 00 00 00 00 00 00 00 00
stack at sp + 2 slots: {method} {0x000000f2e72d31f0} 'controlTransfer' '(Lorg/usb4java/DeviceHandle;BBSSLjava/nio/ByteBuffer;J)I' in 'org/usb4java/LibUsb'
stack at sp + 3 slots: 0x000000f2eabfec50 is pointing into the stack for thread: 0x000000f2e839b000
stack at sp + 4 slots: 0x00000000000000a1 is an unknown value
stack at sp + 5 slots: 0x0000000000000002 is an unknown value
stack at sp + 6 slots: 0x0 is NULL
stack at sp + 7 slots: 0x00000000000000a1 is an unknown value


---------------  P R O C E S S  ---------------

Threads class SMR info:
_java_thread_list=0x000000f2e5ee65c0, length=30, elements={
0x000000f2e4218800, 0x000000f2e4222800, 0x000000f2e5012800, 0x000000f2e5015000,
0x000000f2e5018000, 0x000000f2e501c800, 0x000000f2e5185000, 0x000000f2e599b800,
0x000000f2e59a2000, 0x000000f2e5b8f800, 0x000000f2e7f96000, 0x000000f2e7fc5800,
0x000000f2e7fc6000, 0x000000f2e8382800, 0x000000f2e8384000, 0x000000f2e82b8800,
0x000000f2e8390000, 0x000000f2e838e000, 0x000000f2e8391800, 0x000000f2e838f000,
0x000000f2e8390800, 0x000000f2e8394800, 0x000000f2e8393000, 0x000000f2e8392800,
0x000000f2e8394000, 0x000000f2e839c000, 0x000000f2e839c800, 0x000000f2e839a000,
0x000000f2e839d800, 0x000000f2e839b000
}

Java Threads: ( => current thread )
  0x000000f2e4218800 JavaThread "Reference Handler" daemon [_thread_blocked, id=10876, stack(0x000000f2e4d30000,0x000000f2e4e30000)]
  0x000000f2e4222800 JavaThread "Finalizer" daemon [_thread_blocked, id=13280, stack(0x000000f2e4e30000,0x000000f2e4f30000)]
  0x000000f2e5012800 JavaThread "Signal Dispatcher" daemon [_thread_blocked, id=16364, stack(0x000000f2e5410000,0x000000f2e5510000)]
  0x000000f2e5015000 JavaThread "Attach Listener" daemon [_thread_blocked, id=16036, stack(0x000000f2e5510000,0x000000f2e5610000)]
  0x000000f2e5018000 JavaThread "C1 CompilerThread0" daemon [_thread_blocked, id=17788, stack(0x000000f2e5610000,0x000000f2e5710000)]
  0x000000f2e501c800 JavaThread "Sweeper thread" daemon [_thread_blocked, id=9308, stack(0x000000f2e5710000,0x000000f2e5810000)]
  0x000000f2e5185000 JavaThread "Common-Cleaner" daemon [_thread_blocked, id=19240, stack(0x000000f2e5810000,0x000000f2e5910000)]
  0x000000f2e599b800 JavaThread "Monitor Ctrl-Break" daemon [_thread_in_native, id=14652, stack(0x000000f2e6110000,0x000000f2e6210000)]
  0x000000f2e59a2000 JavaThread "Service Thread" daemon [_thread_blocked, id=16544, stack(0x000000f2e6210000,0x000000f2e6310000)]
  0x000000f2e5b8f800 JavaThread "RMI TCP Accept-0" daemon [_thread_in_native, id=15712, stack(0x000000f2e6af0000,0x000000f2e6bf0000)]
  0x000000f2e7f96000 JavaThread "Catalina-utility-1" [_thread_blocked, id=17216, stack(0x000000f2e73e0000,0x000000f2e74e0000)]
  0x000000f2e7fc5800 JavaThread "Catalina-utility-2" [_thread_blocked, id=13800, stack(0x000000f2e94b0000,0x000000f2e95b0000)]
  0x000000f2e7fc6000 JavaThread "container-0" [_thread_blocked, id=16540, stack(0x000000f2e95b0000,0x000000f2e96b0000)]
  0x000000f2e8382800 JavaThread "File Watcher" daemon [_thread_blocked, id=15784, stack(0x000000f2e98b0000,0x000000f2e99b0000)]
  0x000000f2e8384000 JavaThread "Live Reload Server" daemon [_thread_in_native, id=16360, stack(0x000000f2e9ab0000,0x000000f2e9bb0000)]
  0x000000f2e82b8800 JavaThread "http-nio-8080-BlockPoller" daemon [_thread_in_native, id=18548, stack(0x000000f2e99b0000,0x000000f2e9ab0000)]
  0x000000f2e8390000 JavaThread "http-nio-8080-exec-1" daemon [_thread_in_vm, id=14544, stack(0x000000f2e9bb0000,0x000000f2e9cb0000)]
  0x000000f2e838e000 JavaThread "http-nio-8080-exec-2" daemon [_thread_blocked, id=18736, stack(0x000000f2e9cb0000,0x000000f2e9db0000)]
  0x000000f2e8391800 JavaThread "http-nio-8080-exec-3" daemon [_thread_blocked, id=10964, stack(0x000000f2e9db0000,0x000000f2e9eb0000)]
  0x000000f2e838f000 JavaThread "http-nio-8080-exec-4" daemon [_thread_blocked, id=12944, stack(0x000000f2e9eb0000,0x000000f2e9fb0000)]
  0x000000f2e8390800 JavaThread "http-nio-8080-exec-5" daemon [_thread_blocked, id=16912, stack(0x000000f2e9fb0000,0x000000f2ea0b0000)]
  0x000000f2e8394800 JavaThread "http-nio-8080-exec-6" daemon [_thread_blocked, id=5060, stack(0x000000f2ea0b0000,0x000000f2ea1b0000)]
  0x000000f2e8393000 JavaThread "http-nio-8080-exec-7" daemon [_thread_blocked, id=18228, stack(0x000000f2ea1b0000,0x000000f2ea2b0000)]
  0x000000f2e8392800 JavaThread "http-nio-8080-exec-8" daemon [_thread_blocked, id=18584, stack(0x000000f2ea2b0000,0x000000f2ea3b0000)]
  0x000000f2e8394000 JavaThread "http-nio-8080-exec-9" daemon [_thread_blocked, id=14824, stack(0x000000f2ea3b0000,0x000000f2ea4b0000)]
  0x000000f2e839c000 JavaThread "http-nio-8080-exec-10" daemon [_thread_blocked, id=19368, stack(0x000000f2ea4b0000,0x000000f2ea5b0000)]
  0x000000f2e839c800 JavaThread "http-nio-8080-ClientPoller" daemon [_thread_in_native, id=12396, stack(0x000000f2ea5b0000,0x000000f2ea6b0000)]
  0x000000f2e839a000 JavaThread "http-nio-8080-Acceptor" daemon [_thread_in_native, id=13208, stack(0x000000f2ea6b0000,0x000000f2ea7b0000)]
  0x000000f2e839d800 JavaThread "DestroyJavaVM" [_thread_blocked, id=17276, stack(0x000000f2c55c0000,0x000000f2c56c0000)]
=>0x000000f2e839b000 JavaThread "task-1" [_thread_in_native, id=15180, stack(0x000000f2eab00000,0x000000f2eac00000)]

Other Threads:
  0x000000f2e4212000 VMThread "VM Thread" [stack: 0x000000f2e4c30000,0x000000f2e4d30000] [id=12964]
  0x000000f2e5b99000 WatcherThread [stack: 0x000000f2e6bf0000,0x000000f2e6cf0000] [id=3612]
  0x000000f2c5f33800 GCTaskThread "GC Thread#0" [stack: 0x000000f2c58a0000,0x000000f2c59a0000] [id=18420]
  0x000000f2e5b59800 GCTaskThread "GC Thread#1" [stack: 0x000000f2e69f0000,0x000000f2e6af0000] [id=5568]
  0x000000f2c5f65000 ConcurrentGCThread "G1 Main Marker" [stack: 0x000000f2c5c10000,0x000000f2c5d10000] [id=15092]
  0x000000f2c5f67800 ConcurrentGCThread "G1 Conc#0" [stack: 0x000000f2c5d10000,0x000000f2c5e10000] [id=16960]
  0x000000f2e405f800 ConcurrentGCThread "G1 Refine#0" [stack: 0x000000f2e4230000,0x000000f2e4330000] [id=18824]
  0x000000f2e4060000 ConcurrentGCThread "G1 Young RemSet Sampling" [stack: 0x000000f2e4330000,0x000000f2e4430000] [id=4996]

Threads with active compile tasks:
C1 CompilerThread03964       1       org.thymeleaf.engine.ElementDefinitions::buildHTMLElementDefinition (208 bytes)

VM state:not at safepoint (normal execution)

VM Mutex/Monitor currently owned by a thread: None

Heap address: 0x0000000080000000, size: 2048 MB, Compressed Oops mode: 32-bit
Narrow klass base: 0x0000000000000000, Narrow klass shift: 3
Compressed class space size: 1073741824 Address: 0x0000000100000000

Heap:
 garbage-first heap   total 158720K, used 50787K [0x0000000080000000, 0x0000000100000000)
  region size 1024K, 43 young (44032K), 7 survivors (7168K)
 Metaspace       used 38492K, capacity 39604K, committed 39728K, reserved 1083392K
  class space    used 4804K, capacity 5222K, committed 5248K, reserved 1048576K
Heap Regions: E=young(eden), S=young(survivor), O=old, HS=humongous(starts), HC=humongous(continues), CS=collection set, F=free, A=archive, TAMS=top-at-mark-start (previous, next)
|   0|0x0000000080000000, 0x0000000080100000, 0x0000000080100000|100%| O|  |TAMS 0x0000000080100000, 0x0000000080000000| Untracked 
|   1|0x0000000080100000, 0x0000000080200000, 0x0000000080200000|100%| O|  |TAMS 0x0000000080200000, 0x0000000080100000| Untracked 
|   2|0x0000000080200000, 0x0000000080300000, 0x0000000080300000|100%| O|  |TAMS 0x0000000080300000, 0x0000000080200000| Untracked 
|   3|0x0000000080300000, 0x0000000080400000, 0x0000000080400000|100%| O|  |TAMS 0x0000000080400000, 0x0000000080300000| Untracked 
|   4|0x0000000080400000, 0x0000000080500000, 0x0000000080500000|100%| O|  |TAMS 0x0000000080500000, 0x0000000080400000| Untracked 
|   5|0x0000000080500000, 0x0000000080600000, 0x0000000080600000|100%| O|  |TAMS 0x0000000080600000, 0x0000000080500000| Untracked 
|   6|0x0000000080600000, 0x0000000080700000, 0x0000000080700000|100%| O|  |TAMS 0x0000000080700000, 0x0000000080600000| Untracked 
|   7|0x0000000080700000, 0x0000000080800000, 0x0000000080800000|100%| O|  |TAMS 0x0000000080800000, 0x0000000080700000| Untracked 
|   8|0x0000000080800000, 0x0000000080818c00, 0x0000000080900000|  9%| O|  |TAMS 0x0000000080818c00, 0x0000000080800000| Untracked 
|   9|0x0000000080900000, 0x0000000080900000, 0x0000000080a00000|  0%| F|  |TAMS 0x0000000080900000, 0x0000000080900000| Untracked 
|  10|0x0000000080a00000, 0x0000000080a00000, 0x0000000080b00000|  0%| F|  |TAMS 0x0000000080a00000, 0x0000000080a00000| Untracked 
|  11|0x0000000080b00000, 0x0000000080b00000, 0x0000000080c00000|  0%| F|  |TAMS 0x0000000080b00000, 0x0000000080b00000| Untracked 
|  12|0x0000000080c00000, 0x0000000080c00000, 0x0000000080d00000|  0%| F|  |TAMS 0x0000000080c00000, 0x0000000080c00000| Untracked 
|  13|0x0000000080d00000, 0x0000000080d00000, 0x0000000080e00000|  0%| F|  |TAMS 0x0000000080d00000, 0x0000000080d00000| Untracked 
|  14|0x0000000080e00000, 0x0000000080e00000, 0x0000000080f00000|  0%| F|  |TAMS 0x0000000080e00000, 0x0000000080e00000| Untracked 
|  15|0x0000000080f00000, 0x0000000080f00000, 0x0000000081000000|  0%| F|  |TAMS 0x0000000080f00000, 0x0000000080f00000| Untracked 
|  16|0x0000000081000000, 0x0000000081000000, 0x0000000081100000|  0%| F|  |TAMS 0x0000000081000000, 0x0000000081000000| Untracked 
|  17|0x0000000081100000, 0x0000000081100000, 0x0000000081200000|  0%| F|  |TAMS 0x0000000081100000, 0x0000000081100000| Untracked 
|  18|0x0000000081200000, 0x0000000081200000, 0x0000000081300000|  0%| F|  |TAMS 0x0000000081200000, 0x0000000081200000| Untracked 
|  19|0x0000000081300000, 0x0000000081300000, 0x0000000081400000|  0%| F|  |TAMS 0x0000000081300000, 0x0000000081300000| Untracked 
|  20|0x0000000081400000, 0x0000000081400000, 0x0000000081500000|  0%| F|  |TAMS 0x0000000081400000, 0x0000000081400000| Untracked 
|  21|0x0000000081500000, 0x0000000081500000, 0x0000000081600000|  0%| F|  |TAMS 0x0000000081500000, 0x0000000081500000| Untracked 
|  22|0x0000000081600000, 0x0000000081600000, 0x0000000081700000|  0%| F|  |TAMS 0x0000000081600000, 0x0000000081600000| Untracked 
|  23|0x0000000081700000, 0x0000000081700000, 0x0000000081800000|  0%| F|  |TAMS 0x0000000081700000, 0x0000000081700000| Untracked 
|  24|0x0000000081800000, 0x0000000081800000, 0x0000000081900000|  0%| F|  |TAMS 0x0000000081800000, 0x0000000081800000| Untracked 
|  25|0x0000000081900000, 0x0000000081900000, 0x0000000081a00000|  0%| F|  |TAMS 0x0000000081900000, 0x0000000081900000| Untracked 
|  26|0x0000000081a00000, 0x0000000081a00000, 0x0000000081b00000|  0%| F|  |TAMS 0x0000000081a00000, 0x0000000081a00000| Untracked 
|  27|0x0000000081b00000, 0x0000000081b00000, 0x0000000081c00000|  0%| F|  |TAMS 0x0000000081b00000, 0x0000000081b00000| Untracked 
|  28|0x0000000081c00000, 0x0000000081c00000, 0x0000000081d00000|  0%| F|  |TAMS 0x0000000081c00000, 0x0000000081c00000| Untracked 
|  29|0x0000000081d00000, 0x0000000081d00000, 0x0000000081e00000|  0%| F|  |TAMS 0x0000000081d00000, 0x0000000081d00000| Untracked 
|  30|0x0000000081e00000, 0x0000000081e00000, 0x0000000081f00000|  0%| F|  |TAMS 0x0000000081e00000, 0x0000000081e00000| Untracked 
|  31|0x0000000081f00000, 0x0000000081f00000, 0x0000000082000000|  0%| F|  |TAMS 0x0000000081f00000, 0x0000000081f00000| Untracked 
|  32|0x0000000082000000, 0x0000000082000000, 0x0000000082100000|  0%| F|  |TAMS 0x0000000082000000, 0x0000000082000000| Untracked 
|  33|0x0000000082100000, 0x0000000082100000, 0x0000000082200000|  0%| F|  |TAMS 0x0000000082100000, 0x0000000082100000| Untracked 
|  34|0x0000000082200000, 0x0000000082200000, 0x0000000082300000|  0%| F|  |TAMS 0x0000000082200000, 0x0000000082200000| Untracked 
|  35|0x0000000082300000, 0x0000000082300000, 0x0000000082400000|  0%| F|  |TAMS 0x0000000082300000, 0x0000000082300000| Untracked 
|  36|0x0000000082400000, 0x0000000082400000, 0x0000000082500000|  0%| F|  |TAMS 0x0000000082400000, 0x0000000082400000| Untracked 
|  37|0x0000000082500000, 0x0000000082500000, 0x0000000082600000|  0%| F|  |TAMS 0x0000000082500000, 0x0000000082500000| Untracked 
|  38|0x0000000082600000, 0x0000000082600000, 0x0000000082700000|  0%| F|  |TAMS 0x0000000082600000, 0x0000000082600000| Untracked 
|  39|0x0000000082700000, 0x0000000082700000, 0x0000000082800000|  0%| F|  |TAMS 0x0000000082700000, 0x0000000082700000| Untracked 
|  40|0x0000000082800000, 0x0000000082800000, 0x0000000082900000|  0%| F|  |TAMS 0x0000000082800000, 0x0000000082800000| Untracked 
|  41|0x0000000082900000, 0x0000000082900000, 0x0000000082a00000|  0%| F|  |TAMS 0x0000000082900000, 0x0000000082900000| Untracked 
|  42|0x0000000082a00000, 0x0000000082a00000, 0x0000000082b00000|  0%| F|  |TAMS 0x0000000082a00000, 0x0000000082a00000| Untracked 
|  43|0x0000000082b00000, 0x0000000082b00000, 0x0000000082c00000|  0%| F|  |TAMS 0x0000000082b00000, 0x0000000082b00000| Untracked 
|  44|0x0000000082c00000, 0x0000000082c00000, 0x0000000082d00000|  0%| F|  |TAMS 0x0000000082c00000, 0x0000000082c00000| Untracked 
|  45|0x0000000082d00000, 0x0000000082d00000, 0x0000000082e00000|  0%| F|  |TAMS 0x0000000082d00000, 0x0000000082d00000| Untracked 
|  46|0x0000000082e00000, 0x0000000082e00000, 0x0000000082f00000|  0%| F|  |TAMS 0x0000000082e00000, 0x0000000082e00000| Untracked 
|  47|0x0000000082f00000, 0x0000000082f00000, 0x0000000083000000|  0%| F|  |TAMS 0x0000000082f00000, 0x0000000082f00000| Untracked 
|  48|0x0000000083000000, 0x0000000083000000, 0x0000000083100000|  0%| F|  |TAMS 0x0000000083000000, 0x0000000083000000| Untracked 
|  49|0x0000000083100000, 0x0000000083100000, 0x0000000083200000|  0%| F|  |TAMS 0x0000000083100000, 0x0000000083100000| Untracked 
|  50|0x0000000083200000, 0x0000000083200000, 0x0000000083300000|  0%| F|  |TAMS 0x0000000083200000, 0x0000000083200000| Untracked 
|  51|0x0000000083300000, 0x0000000083300000, 0x0000000083400000|  0%| F|  |TAMS 0x0000000083300000, 0x0000000083300000| Untracked 
|  52|0x0000000083400000, 0x0000000083400000, 0x0000000083500000|  0%| F|  |TAMS 0x0000000083400000, 0x0000000083400000| Untracked 
|  53|0x0000000083500000, 0x0000000083500000, 0x0000000083600000|  0%| F|  |TAMS 0x0000000083500000, 0x0000000083500000| Untracked 
|  54|0x0000000083600000, 0x0000000083600000, 0x0000000083700000|  0%| F|  |TAMS 0x0000000083600000, 0x0000000083600000| Untracked 
|  55|0x0000000083700000, 0x0000000083700000, 0x0000000083800000|  0%| F|  |TAMS 0x0000000083700000, 0x0000000083700000| Untracked 
|  56|0x0000000083800000, 0x0000000083800000, 0x0000000083900000|  0%| F|  |TAMS 0x0000000083800000, 0x0000000083800000| Untracked 
|  57|0x0000000083900000, 0x0000000083900000, 0x0000000083a00000|  0%| F|  |TAMS 0x0000000083900000, 0x0000000083900000| Untracked 
|  58|0x0000000083a00000, 0x0000000083a00000, 0x0000000083b00000|  0%| F|  |TAMS 0x0000000083a00000, 0x0000000083a00000| Untracked 
|  59|0x0000000083b00000, 0x0000000083b00000, 0x0000000083c00000|  0%| F|  |TAMS 0x0000000083b00000, 0x0000000083b00000| Untracked 
|  60|0x0000000083c00000, 0x0000000083c00000, 0x0000000083d00000|  0%| F|  |TAMS 0x0000000083c00000, 0x0000000083c00000| Untracked 
|  61|0x0000000083d00000, 0x0000000083d00000, 0x0000000083e00000|  0%| F|  |TAMS 0x0000000083d00000, 0x0000000083d00000| Untracked 
|  62|0x0000000083e00000, 0x0000000083e00000, 0x0000000083f00000|  0%| F|  |TAMS 0x0000000083e00000, 0x0000000083e00000| Untracked 
|  63|0x0000000083f00000, 0x0000000083f00000, 0x0000000084000000|  0%| F|  |TAMS 0x0000000083f00000, 0x0000000083f00000| Untracked 
|  64|0x0000000084000000, 0x0000000084000000, 0x0000000084100000|  0%| F|  |TAMS 0x0000000084000000, 0x0000000084000000| Untracked 
|  65|0x0000000084100000, 0x0000000084100000, 0x0000000084200000|  0%| F|  |TAMS 0x0000000084100000, 0x0000000084100000| Untracked 
|  66|0x0000000084200000, 0x0000000084200000, 0x0000000084300000|  0%| F|  |TAMS 0x0000000084200000, 0x0000000084200000| Untracked 
|  67|0x0000000084300000, 0x0000000084300000, 0x0000000084400000|  0%| F|  |TAMS 0x0000000084300000, 0x0000000084300000| Untracked 
|  68|0x0000000084400000, 0x0000000084400000, 0x0000000084500000|  0%| F|  |TAMS 0x0000000084400000, 0x0000000084400000| Untracked 
|  69|0x0000000084500000, 0x0000000084500000, 0x0000000084600000|  0%| F|  |TAMS 0x0000000084500000, 0x0000000084500000| Untracked 
|  70|0x0000000084600000, 0x0000000084600000, 0x0000000084700000|  0%| F|  |TAMS 0x0000000084600000, 0x0000000084600000| Untracked 
|  71|0x0000000084700000, 0x0000000084700000, 0x0000000084800000|  0%| F|  |TAMS 0x0000000084700000, 0x0000000084700000| Untracked 
|  72|0x0000000084800000, 0x0000000084800000, 0x0000000084900000|  0%| F|  |TAMS 0x0000000084800000, 0x0000000084800000| Untracked 
|  73|0x0000000084900000, 0x0000000084900000, 0x0000000084a00000|  0%| F|  |TAMS 0x0000000084900000, 0x0000000084900000| Untracked 
|  74|0x0000000084a00000, 0x0000000084a00000, 0x0000000084b00000|  0%| F|  |TAMS 0x0000000084a00000, 0x0000000084a00000| Untracked 
|  75|0x0000000084b00000, 0x0000000084b00000, 0x0000000084c00000|  0%| F|  |TAMS 0x0000000084b00000, 0x0000000084b00000| Untracked 
|  76|0x0000000084c00000, 0x0000000084c00000, 0x0000000084d00000|  0%| F|  |TAMS 0x0000000084c00000, 0x0000000084c00000| Untracked 
|  77|0x0000000084d00000, 0x0000000084d00000, 0x0000000084e00000|  0%| F|  |TAMS 0x0000000084d00000, 0x0000000084d00000| Untracked 
|  78|0x0000000084e00000, 0x0000000084e00000, 0x0000000084f00000|  0%| F|  |TAMS 0x0000000084e00000, 0x0000000084e00000| Untracked 
|  79|0x0000000084f00000, 0x0000000084f00000, 0x0000000085000000|  0%| F|  |TAMS 0x0000000084f00000, 0x0000000084f00000| Untracked 
|  80|0x0000000085000000, 0x0000000085000000, 0x0000000085100000|  0%| F|  |TAMS 0x0000000085000000, 0x0000000085000000| Untracked 
|  81|0x0000000085100000, 0x0000000085100000, 0x0000000085200000|  0%| F|  |TAMS 0x0000000085100000, 0x0000000085100000| Untracked 
|  82|0x0000000085200000, 0x0000000085200000, 0x0000000085300000|  0%| F|  |TAMS 0x0000000085200000, 0x0000000085200000| Untracked 
|  83|0x0000000085300000, 0x0000000085300000, 0x0000000085400000|  0%| F|  |TAMS 0x0000000085300000, 0x0000000085300000| Untracked 
|  84|0x0000000085400000, 0x0000000085400000, 0x0000000085500000|  0%| F|  |TAMS 0x0000000085400000, 0x0000000085400000| Untracked 
|  85|0x0000000085500000, 0x0000000085500000, 0x0000000085600000|  0%| F|  |TAMS 0x0000000085500000, 0x0000000085500000| Untracked 
|  86|0x0000000085600000, 0x0000000085600000, 0x0000000085700000|  0%| F|  |TAMS 0x0000000085600000, 0x0000000085600000| Untracked 
|  87|0x0000000085700000, 0x0000000085700000, 0x0000000085800000|  0%| F|  |TAMS 0x0000000085700000, 0x0000000085700000| Untracked 
|  88|0x0000000085800000, 0x0000000085800000, 0x0000000085900000|  0%| F|  |TAMS 0x0000000085800000, 0x0000000085800000| Untracked 
|  89|0x0000000085900000, 0x0000000085900000, 0x0000000085a00000|  0%| F|  |TAMS 0x0000000085900000, 0x0000000085900000| Untracked 
|  90|0x0000000085a00000, 0x0000000085a00000, 0x0000000085b00000|  0%| F|  |TAMS 0x0000000085a00000, 0x0000000085a00000| Untracked 
|  91|0x0000000085b00000, 0x0000000085b00000, 0x0000000085c00000|  0%| F|  |TAMS 0x0000000085b00000, 0x0000000085b00000| Untracked 
|  92|0x0000000085c00000, 0x0000000085c00000, 0x0000000085d00000|  0%| F|  |TAMS 0x0000000085c00000, 0x0000000085c00000| Untracked 
|  93|0x0000000085d00000, 0x0000000085d00000, 0x0000000085e00000|  0%| F|  |TAMS 0x0000000085d00000, 0x0000000085d00000| Untracked 
|  94|0x0000000085e00000, 0x0000000085e00000, 0x0000000085f00000|  0%| F|  |TAMS 0x0000000085e00000, 0x0000000085e00000| Untracked 
|  95|0x0000000085f00000, 0x0000000085f00000, 0x0000000086000000|  0%| F|  |TAMS 0x0000000085f00000, 0x0000000085f00000| Untracked 
|  96|0x0000000086000000, 0x0000000086000000, 0x0000000086100000|  0%| F|  |TAMS 0x0000000086000000, 0x0000000086000000| Untracked 
|  97|0x0000000086100000, 0x0000000086100000, 0x0000000086200000|  0%| F|  |TAMS 0x0000000086100000, 0x0000000086100000| Untracked 
|  98|0x0000000086200000, 0x0000000086200000, 0x0000000086300000|  0%| F|  |TAMS 0x0000000086200000, 0x0000000086200000| Untracked 
|  99|0x0000000086300000, 0x0000000086300000, 0x0000000086400000|  0%| F|  |TAMS 0x0000000086300000, 0x0000000086300000| Untracked 
| 100|0x0000000086400000, 0x0000000086400000, 0x0000000086500000|  0%| F|  |TAMS 0x0000000086400000, 0x0000000086400000| Untracked 
| 101|0x0000000086500000, 0x0000000086500000, 0x0000000086600000|  0%| F|  |TAMS 0x0000000086500000, 0x0000000086500000| Untracked 
| 102|0x0000000086600000, 0x0000000086600000, 0x0000000086700000|  0%| F|  |TAMS 0x0000000086600000, 0x0000000086600000| Untracked 
| 103|0x0000000086700000, 0x0000000086700000, 0x0000000086800000|  0%| F|  |TAMS 0x0000000086700000, 0x0000000086700000| Untracked 
| 104|0x0000000086800000, 0x0000000086800000, 0x0000000086900000|  0%| F|  |TAMS 0x0000000086800000, 0x0000000086800000| Untracked 
| 105|0x0000000086900000, 0x0000000086900000, 0x0000000086a00000|  0%| F|  |TAMS 0x0000000086900000, 0x0000000086900000| Untracked 
| 106|0x0000000086a00000, 0x0000000086a00000, 0x0000000086b00000|  0%| F|  |TAMS 0x0000000086a00000, 0x0000000086a00000| Untracked 
| 107|0x0000000086b00000, 0x0000000086b00000, 0x0000000086c00000|  0%| F|  |TAMS 0x0000000086b00000, 0x0000000086b00000| Untracked 
| 108|0x0000000086c00000, 0x0000000086c00000, 0x0000000086d00000|  0%| F|  |TAMS 0x0000000086c00000, 0x0000000086c00000| Untracked 
| 109|0x0000000086d00000, 0x0000000086d00000, 0x0000000086e00000|  0%| F|  |TAMS 0x0000000086d00000, 0x0000000086d00000| Untracked 
| 110|0x0000000086e00000, 0x0000000086e00000, 0x0000000086f00000|  0%| F|  |TAMS 0x0000000086e00000, 0x0000000086e00000| Untracked 
| 111|0x0000000086f00000, 0x0000000086f00000, 0x0000000087000000|  0%| F|  |TAMS 0x0000000086f00000, 0x0000000086f00000| Untracked 
| 112|0x0000000087000000, 0x0000000087100000, 0x0000000087100000|100%| E|  |TAMS 0x0000000087000000, 0x0000000087000000| Complete 
| 113|0x0000000087100000, 0x0000000087200000, 0x0000000087200000|100%| E|CS|TAMS 0x0000000087100000, 0x0000000087100000| Complete 
| 114|0x0000000087200000, 0x0000000087300000, 0x0000000087300000|100%| E|CS|TAMS 0x0000000087200000, 0x0000000087200000| Complete 
| 115|0x0000000087300000, 0x0000000087400000, 0x0000000087400000|100%| E|CS|TAMS 0x0000000087300000, 0x0000000087300000| Complete 
| 116|0x0000000087400000, 0x0000000087500000, 0x0000000087500000|100%| E|CS|TAMS 0x0000000087400000, 0x0000000087400000| Complete 
| 117|0x0000000087500000, 0x0000000087600000, 0x0000000087600000|100%| E|CS|TAMS 0x0000000087500000, 0x0000000087500000| Complete 
| 118|0x0000000087600000, 0x0000000087700000, 0x0000000087700000|100%| E|CS|TAMS 0x0000000087600000, 0x0000000087600000| Complete 
| 119|0x0000000087700000, 0x0000000087780000, 0x0000000087800000| 50%| S|CS|TAMS 0x0000000087700000, 0x0000000087700000| Complete 
| 120|0x0000000087800000, 0x0000000087900000, 0x0000000087900000|100%| S|CS|TAMS 0x0000000087800000, 0x0000000087800000| Complete 
| 121|0x0000000087900000, 0x0000000087a00000, 0x0000000087a00000|100%| S|CS|TAMS 0x0000000087900000, 0x0000000087900000| Complete 
| 122|0x0000000087a00000, 0x0000000087b00000, 0x0000000087b00000|100%| S|CS|TAMS 0x0000000087a00000, 0x0000000087a00000| Complete 
| 123|0x0000000087b00000, 0x0000000087c00000, 0x0000000087c00000|100%| S|CS|TAMS 0x0000000087b00000, 0x0000000087b00000| Complete 
| 124|0x0000000087c00000, 0x0000000087d00000, 0x0000000087d00000|100%| S|CS|TAMS 0x0000000087c00000, 0x0000000087c00000| Complete 
| 125|0x0000000087d00000, 0x0000000087e00000, 0x0000000087e00000|100%| S|CS|TAMS 0x0000000087d00000, 0x0000000087d00000| Complete 
| 126|0x0000000087e00000, 0x0000000087f00000, 0x0000000087f00000|100%| E|CS|TAMS 0x0000000087e00000, 0x0000000087e00000| Complete 
| 127|0x0000000087f00000, 0x0000000088000000, 0x0000000088000000|100%| E|CS|TAMS 0x0000000087f00000, 0x0000000087f00000| Complete 
| 128|0x0000000088000000, 0x0000000088100000, 0x0000000088100000|100%| E|CS|TAMS 0x0000000088000000, 0x0000000088000000| Complete 
| 129|0x0000000088100000, 0x0000000088200000, 0x0000000088200000|100%| E|CS|TAMS 0x0000000088100000, 0x0000000088100000| Complete 
| 130|0x0000000088200000, 0x0000000088300000, 0x0000000088300000|100%| E|CS|TAMS 0x0000000088200000, 0x0000000088200000| Complete 
| 131|0x0000000088300000, 0x0000000088400000, 0x0000000088400000|100%| E|CS|TAMS 0x0000000088300000, 0x0000000088300000| Complete 
| 132|0x0000000088400000, 0x0000000088500000, 0x0000000088500000|100%| E|CS|TAMS 0x0000000088400000, 0x0000000088400000| Complete 
| 133|0x0000000088500000, 0x0000000088600000, 0x0000000088600000|100%| E|CS|TAMS 0x0000000088500000, 0x0000000088500000| Complete 
| 134|0x0000000088600000, 0x0000000088700000, 0x0000000088700000|100%| E|CS|TAMS 0x0000000088600000, 0x0000000088600000| Complete 
| 135|0x0000000088700000, 0x0000000088800000, 0x0000000088800000|100%| E|CS|TAMS 0x0000000088700000, 0x0000000088700000| Complete 
| 136|0x0000000088800000, 0x0000000088900000, 0x0000000088900000|100%| E|CS|TAMS 0x0000000088800000, 0x0000000088800000| Complete 
| 137|0x0000000088900000, 0x0000000088a00000, 0x0000000088a00000|100%| E|CS|TAMS 0x0000000088900000, 0x0000000088900000| Complete 
| 138|0x0000000088a00000, 0x0000000088b00000, 0x0000000088b00000|100%| E|CS|TAMS 0x0000000088a00000, 0x0000000088a00000| Complete 
| 139|0x0000000088b00000, 0x0000000088c00000, 0x0000000088c00000|100%| E|CS|TAMS 0x0000000088b00000, 0x0000000088b00000| Complete 
| 140|0x0000000088c00000, 0x0000000088d00000, 0x0000000088d00000|100%| E|CS|TAMS 0x0000000088c00000, 0x0000000088c00000| Complete 
| 141|0x0000000088d00000, 0x0000000088e00000, 0x0000000088e00000|100%| E|CS|TAMS 0x0000000088d00000, 0x0000000088d00000| Complete 
| 142|0x0000000088e00000, 0x0000000088f00000, 0x0000000088f00000|100%| E|CS|TAMS 0x0000000088e00000, 0x0000000088e00000| Complete 
| 143|0x0000000088f00000, 0x0000000089000000, 0x0000000089000000|100%| E|CS|TAMS 0x0000000088f00000, 0x0000000088f00000| Complete 
| 144|0x0000000089000000, 0x0000000089100000, 0x0000000089100000|100%| E|CS|TAMS 0x0000000089000000, 0x0000000089000000| Complete 
| 145|0x0000000089100000, 0x0000000089200000, 0x0000000089200000|100%| E|CS|TAMS 0x0000000089100000, 0x0000000089100000| Complete 
| 146|0x0000000089200000, 0x0000000089300000, 0x0000000089300000|100%| E|CS|TAMS 0x0000000089200000, 0x0000000089200000| Complete 
| 147|0x0000000089300000, 0x0000000089400000, 0x0000000089400000|100%| E|CS|TAMS 0x0000000089300000, 0x0000000089300000| Complete 
| 148|0x0000000089400000, 0x0000000089500000, 0x0000000089500000|100%| E|CS|TAMS 0x0000000089400000, 0x0000000089400000| Complete 
| 149|0x0000000089500000, 0x0000000089600000, 0x0000000089600000|100%| E|CS|TAMS 0x0000000089500000, 0x0000000089500000| Complete 
| 150|0x0000000089600000, 0x0000000089700000, 0x0000000089700000|100%| E|CS|TAMS 0x0000000089600000, 0x0000000089600000| Complete 
| 151|0x0000000089700000, 0x0000000089800000, 0x0000000089800000|100%| E|CS|TAMS 0x0000000089700000, 0x0000000089700000| Complete 
| 152|0x0000000089800000, 0x0000000089900000, 0x0000000089900000|100%| E|CS|TAMS 0x0000000089800000, 0x0000000089800000| Complete 
| 153|0x0000000089900000, 0x0000000089a00000, 0x0000000089a00000|100%| E|CS|TAMS 0x0000000089900000, 0x0000000089900000| Complete 
| 154|0x0000000089a00000, 0x0000000089b00000, 0x0000000089b00000|100%| E|CS|TAMS 0x0000000089a00000, 0x0000000089a00000| Complete 

Card table byte_map: [0x000000f2dd610000,0x000000f2dda10000] _byte_map_base: 0x000000f2dd210000

Marking Bits (Prev, Next): (CMBitMap*) 0x000000f2c5f5c6e8, (CMBitMap*) 0x000000f2c5f5c720
 Prev Bits: [0x000000f2dde10000, 0x000000f2dfe10000)
 Next Bits: [0x000000f2dfe10000, 0x000000f2e1e10000)

Polling page: 0x000000f2c3e20000

Metaspace:

Usage:
  Non-class:     33.64 MB capacity,    32.93 MB ( 98%) used,   598.58 KB (  2%) free+waste,   124.88 KB ( <1%) overhead. 
      Class:      5.10 MB capacity,     4.69 MB ( 92%) used,   354.24 KB (  7%) free+waste,    61.19 KB (  1%) overhead. 
       Both:     38.74 MB capacity,    37.63 MB ( 97%) used,   952.82 KB (  2%) free+waste,   186.06 KB ( <1%) overhead. 

Virtual space:
  Non-class space:       34.00 MB reserved,      33.67 MB (>99%) committed 
      Class space:        1.00 GB reserved,       5.13 MB ( <1%) committed 
             Both:        1.03 GB reserved,      38.80 MB (  4%) committed 

Chunk freelists:
   Non-Class:  4.25 KB
       Class:  3.25 KB
        Both:  7.50 KB

CodeHeap 'non-profiled nmethods': size=239488Kb used=6746Kb max_used=6746Kb free=232741Kb
 bounds [0x000000f2ce830000, 0x000000f2ceed0000, 0x000000f2dd210000]
CodeHeap 'non-nmethods': size=6272Kb used=1161Kb max_used=1713Kb free=5110Kb
 bounds [0x000000f2ce210000, 0x000000f2ce480000, 0x000000f2ce830000]
 total_blobs=4487 nmethods=3954 adapters=431
 compilation: enabled
              stopped_count=0, restarted_count=0
 full_count=0

Compilation events (10 events):
Event: 12.243 Thread 0x000000f2e5018000 3905       1       org.springframework.cglib.core.ClassEmitter::init (1 bytes)
Event: 12.243 Thread 0x000000f2e5018000 nmethod 3905 0x000000f2ceeb4090 code [0x000000f2ceeb4240, 0x000000f2ceeb4358]
Event: 12.244 Thread 0x000000f2e5018000 3906       1       org.springframework.cglib.core.ClassEmitter::end_class (82 bytes)
Event: 12.244 Thread 0x000000f2e5018000 nmethod 3906 0x000000f2ceeb4410 code [0x000000f2ceeb4640, 0x000000f2ceeb49c0]
Event: 12.244 Thread 0x000000f2e5018000 3907       1       org.springframework.cglib.core.SpringNamingPolicy::getTag (3 bytes)
Event: 12.244 Thread 0x000000f2e5018000 nmethod 3907 0x000000f2ceeb4c10 code [0x000000f2ceeb4dc0, 0x000000f2ceeb4ed8]
Event: 12.862 Thread 0x000000f2e5018000 3908       1       java.io.File::isFile (43 bytes)
Event: 12.862 Thread 0x000000f2e5018000 nmethod 3908 0x000000f2ce876b90 code [0x000000f2ce876d60, 0x000000f2ce876f50]
Event: 14.806 Thread 0x000000f2e5018000 3909       1       org.springframework.cglib.core.AbstractClassGenerator::getClassLoader (53 bytes)
Event: 14.807 Thread 0x000000f2e5018000 nmethod 3909 0x000000f2ce888390 code [0x000000f2ce8885c0, 0x000000f2ce888b00]

GC Heap History (10 events):
Event: 2.727 GC heap before
{Heap before GC invocations=3 (full 0):
 garbage-first heap   total 131072K, used 20727K [0x0000000080000000, 0x0000000100000000)
  region size 1024K, 18 young (18432K), 2 survivors (2048K)
 Metaspace       used 18130K, capacity 18672K, committed 18944K, reserved 1067008K
  class space    used 2067K, capacity 2256K, committed 2304K, reserved 1048576K
}
Event: 2.734 GC heap after
{Heap after GC invocations=4 (full 0):
 garbage-first heap   total 131072K, used 6113K [0x0000000080000000, 0x0000000100000000)
  region size 1024K, 2 young (2048K), 2 survivors (2048K)
 Metaspace       used 18130K, capacity 18672K, committed 18944K, reserved 1067008K
  class space    used 2067K, capacity 2256K, committed 2304K, reserved 1048576K
}
Event: 3.002 GC heap before
{Heap before GC invocations=4 (full 0):
 garbage-first heap   total 131072K, used 23521K [0x0000000080000000, 0x0000000100000000)
  region size 1024K, 20 young (20480K), 2 survivors (2048K)
 Metaspace       used 20730K, capacity 21237K, committed 21296K, reserved 1069056K
  class space    used 2478K, capacity 2684K, committed 2688K, reserved 1048576K
}
Event: 3.010 GC heap after
{Heap after GC invocations=5 (full 0):
 garbage-first heap   total 131072K, used 7136K [0x0000000080000000, 0x0000000100000000)
  region size 1024K, 3 young (3072K), 3 survivors (3072K)
 Metaspace       used 20730K, capacity 21237K, committed 21296K, reserved 1069056K
  class space    used 2478K, capacity 2684K, committed 2688K, reserved 1048576K
}
Event: 3.741 GC heap before
{Heap before GC invocations=6 (full 0):
 garbage-first heap   total 131072K, used 37856K [0x0000000080000000, 0x0000000100000000)
  region size 1024K, 34 young (34816K), 3 survivors (3072K)
 Metaspace       used 26426K, capacity 27147K, committed 27312K, reserved 1073152K
  class space    used 3203K, capacity 3475K, committed 3584K, reserved 1048576K
}
Event: 3.754 GC heap after
{Heap after GC invocations=7 (full 0):
 garbage-first heap   total 158720K, used 8749K [0x0000000080000000, 0x0000000100000000)
  region size 1024K, 4 young (4096K), 4 survivors (4096K)
 Metaspace       used 26426K, capacity 27147K, committed 27312K, reserved 1073152K
  class space    used 3203K, capacity 3475K, committed 3584K, reserved 1048576K
}
Event: 5.477 GC heap before
{Heap before GC invocations=7 (full 0):
 garbage-first heap   total 158720K, used 77357K [0x0000000080000000, 0x0000000100000000)
  region size 1024K, 71 young (72704K), 4 survivors (4096K)
 Metaspace       used 32440K, capacity 33396K, committed 33456K, reserved 1079296K
  class space    used 4002K, capacity 4351K, committed 4352K, reserved 1048576K
}
Event: 5.500 GC heap after
{Heap after GC invocations=8 (full 0):
 garbage-first heap   total 158720K, used 12845K [0x0000000080000000, 0x0000000100000000)
  region size 1024K, 8 young (8192K), 8 survivors (8192K)
 Metaspace       used 32440K, capacity 33396K, committed 33456K, reserved 1079296K
  class space    used 4002K, capacity 4351K, committed 4352K, reserved 1048576K
}
Event: 5.944 GC heap before
{Heap before GC invocations=8 (full 0):
 garbage-first heap   total 158720K, used 41517K [0x0000000080000000, 0x0000000100000000)
  region size 1024K, 37 young (37888K), 8 survivors (8192K)
 Metaspace       used 34820K, capacity 35830K, committed 35888K, reserved 1081344K
  class space    used 4305K, capacity 4689K, committed 4736K, reserved 1048576K
}
Event: 5.976 GC heap after
{Heap after GC invocations=9 (full 0):
 garbage-first heap   total 158720K, used 14947K [0x0000000080000000, 0x0000000100000000)
  region size 1024K, 7 young (7168K), 7 survivors (7168K)
 Metaspace       used 34820K, capacity 35830K, committed 35888K, reserved 1081344K
  class space    used 4305K, capacity 4689K, committed 4736K, reserved 1048576K
}

Deoptimization events (0 events):
No events

Classes redefined (0 events):
No events

Internal exceptions (10 events):
Event: 5.784 Thread 0x000000f2e5d89800 Exception <a 'java/lang/ClassNotFoundException'{0x00000000889c9438}: org/springframework/context/annotation/ConfigurationClassEnhancer$EnhancedConfigurationCustomizer> (0x00000000889c9438) thrown at [t:/workspace/open/src/hotspot/share/classfile/systemDic
Event: 5.785 Thread 0x000000f2e5d89800 Exception <a 'java/lang/ClassNotFoundException'{0x00000000889d2ea0}: org/springframework/beans/factory/BeanFactoryAwareCustomizer> (0x00000000889d2ea0) thrown at [t:/workspace/open/src/hotspot/share/classfile/systemDictionary.cpp, line 231]
Event: 5.785 Thread 0x000000f2e5d89800 Exception <a 'java/lang/ClassNotFoundException'{0x00000000889dcaa8}: org/springframework/beans/factory/AwareCustomizer> (0x00000000889dcaa8) thrown at [t:/workspace/open/src/hotspot/share/classfile/systemDictionary.cpp, line 231]
Event: 5.785 Thread 0x000000f2e5d89800 Exception <a 'java/lang/ClassNotFoundException'{0x00000000889e64d0}: org/springframework/context/ApplicationContextAwareCustomizer> (0x00000000889e64d0) thrown at [t:/workspace/open/src/hotspot/share/classfile/systemDictionary.cpp, line 231]
Event: 5.786 Thread 0x000000f2e5d89800 Exception <a 'java/lang/ClassNotFoundException'{0x00000000889f0510}: org/springframework/beans/factory/AwareCustomizer> (0x00000000889f0510) thrown at [t:/workspace/open/src/hotspot/share/classfile/systemDictionary.cpp, line 231]
Event: 5.786 Thread 0x000000f2e5d89800 Exception <a 'java/lang/ClassNotFoundException'{0x00000000889f9f00}: org/springframework/web/context/ServletContextAwareCustomizer> (0x00000000889f9f00) thrown at [t:/workspace/open/src/hotspot/share/classfile/systemDictionary.cpp, line 231]
Event: 5.787 Thread 0x000000f2e5d89800 Exception <a 'java/lang/ClassNotFoundException'{0x0000000088803f18}: org/springframework/beans/factory/AwareCustomizer> (0x0000000088803f18) thrown at [t:/workspace/open/src/hotspot/share/classfile/systemDictionary.cpp, line 231]
Event: 5.920 Thread 0x000000f2e5d89800 Exception <a 'java/lang/NoSuchMethodError'{0x0000000087f12bc8}: java.lang.invoke.DirectMethodHandle$Holder.invokeVirtual(Ljava/lang/Object;Ljava/lang/Object;I)V> (0x0000000087f12bc8) thrown at [t:/workspace/open/src/hotspot/share/interpreter/linkResolver.
Event: 6.255 Thread 0x000000f2e5d89800 Exception <a 'java/lang/NoSuchMethodError'{0x0000000088bfcb18}: java.lang.invoke.DirectMethodHandle$Holder.invokeSpecial(Ljava/lang/Object;Ljava/lang/Object;)V> (0x0000000088bfcb18) thrown at [t:/workspace/open/src/hotspot/share/interpreter/linkResolver.c
Event: 6.308 Thread 0x000000f2e5d89800 Exception <a 'java/lang/NoSuchMethodError'{0x0000000088511c30}: java.lang.invoke.DirectMethodHandle$Holder.newInvokeSpecial(Ljava/lang/Object;I)Ljava/lang/Object;> (0x0000000088511c30) thrown at [t:/workspace/open/src/hotspot/share/interpreter/linkResolve

Events (10 events):
Event: 14.803 loading class org/aopalliance/intercept/MethodInvocation done
Event: 14.803 loading class org/springframework/aop/interceptor/AsyncExecutionInterceptor
Event: 14.803 loading class org/springframework/aop/interceptor/AsyncExecutionInterceptor done
Event: 14.803 loading class java/util/concurrent/CompletableFuture
Event: 14.804 loading class java/util/concurrent/CompletionStage
Event: 14.804 loading class java/util/concurrent/CompletionStage done
Event: 14.804 loading class java/util/concurrent/CompletableFuture done
Event: 14.805 Thread 0x000000f2e839b000 Thread added: 0x000000f2e839b000
Event: 14.807 loading class org/springframework/web/method/HandlerMethod$ReturnValueMethodParameter
Event: 14.807 loading class org/springframework/web/method/HandlerMethod$ReturnValueMethodParameter done


Dynamic libraries:
0x00007ff6022a0000 - 0x00007ff6022e7000 	F:\Program Files\Java\jdk-11.0.2\bin\java.exe
0x00007ffde3bc0000 - 0x00007ffde3d6d000 	C:\Windows\SYSTEM32\ntdll.dll
0x00007ffde1850000 - 0x00007ffde198f000 	C:\Windows\system32\KERNEL32.DLL
0x00007ffde0e70000 - 0x00007ffde0f86000 	C:\Windows\system32\KERNELBASE.dll
0x00007ffde1670000 - 0x00007ffde171a000 	C:\Windows\system32\ADVAPI32.dll
0x00007ffde1ed0000 - 0x00007ffde2047000 	C:\Windows\system32\USER32.dll
0x00007ffddf0d0000 - 0x00007ffddf34b000 	C:\Windows\WinSxS\amd64_microsoft.windows.common-controls_6595b64144ccf1df_6.0.9600.19394_none_62486577ecb635cf\COMCTL32.dll
0x00007ffddf380000 - 0x00007ffddf38a000 	C:\Windows\SYSTEM32\VERSION.dll
0x00007ffde15c0000 - 0x00007ffde166a000 	C:\Windows\system32\msvcrt.dll
0x00007ffde1d50000 - 0x00007ffde1da9000 	C:\Windows\SYSTEM32\sechost.dll
0x00007ffde1480000 - 0x00007ffde15c0000 	C:\Windows\system32\RPCRT4.dll
0x00007ffde1bf0000 - 0x00007ffde1d3c000 	C:\Windows\system32\GDI32.dll
0x00007ffde0f90000 - 0x00007ffde0fbe000 	C:\Windows\system32\SspiCli.dll
0x00007ffde20b0000 - 0x00007ffde20e6000 	C:\Windows\system32\IMM32.DLL
0x00007ffde22d0000 - 0x00007ffde2422000 	C:\Windows\system32\MSCTF.dll
0x00007ffdcaa10000 - 0x00007ffdcaa26000 	F:\Program Files\Java\jdk-11.0.2\bin\vcruntime140.dll
0x00007ffdce120000 - 0x00007ffdce124000 	F:\Program Files\Java\jdk-11.0.2\bin\api-ms-win-crt-runtime-l1-1-0.dll
0x00007ffdce030000 - 0x00007ffdce034000 	F:\Program Files\Java\jdk-11.0.2\bin\api-ms-win-crt-string-l1-1-0.dll
0x00007ffdcdce0000 - 0x00007ffdcdce3000 	F:\Program Files\Java\jdk-11.0.2\bin\api-ms-win-crt-heap-l1-1-0.dll
0x00007ffdcd820000 - 0x00007ffdcd824000 	F:\Program Files\Java\jdk-11.0.2\bin\api-ms-win-crt-stdio-l1-1-0.dll
0x00007ffdcc490000 - 0x00007ffdcc494000 	F:\Program Files\Java\jdk-11.0.2\bin\api-ms-win-crt-convert-l1-1-0.dll
0x00007ffdc8040000 - 0x00007ffdc8136000 	F:\Program Files\Java\jdk-11.0.2\bin\ucrtbase.DLL
0x00007ffdc79b0000 - 0x00007ffdc7a5a000 	F:\Program Files\Java\jdk-11.0.2\bin\msvcp140.dll
0x00007ffdcb0d0000 - 0x00007ffdcb0d3000 	F:\Program Files\Java\jdk-11.0.2\bin\api-ms-win-crt-locale-l1-1-0.dll
0x00007ffdca9a0000 - 0x00007ffdca9a5000 	F:\Program Files\Java\jdk-11.0.2\bin\api-ms-win-crt-math-l1-1-0.dll
0x00007ffdca5c0000 - 0x00007ffdca5c5000 	F:\Program Files\Java\jdk-11.0.2\bin\api-ms-win-crt-multibyte-l1-1-0.dll
0x00007ffdca4b0000 - 0x00007ffdca4b3000 	F:\Program Files\Java\jdk-11.0.2\bin\api-ms-win-crt-time-l1-1-0.dll
0x00007ffdca4a0000 - 0x00007ffdca4a3000 	F:\Program Files\Java\jdk-11.0.2\bin\api-ms-win-crt-filesystem-l1-1-0.dll
0x00007ffdca490000 - 0x00007ffdca493000 	F:\Program Files\Java\jdk-11.0.2\bin\api-ms-win-crt-environment-l1-1-0.dll
0x00007ffdca480000 - 0x00007ffdca483000 	F:\Program Files\Java\jdk-11.0.2\bin\api-ms-win-crt-utility-l1-1-0.dll
0x00007ffdbf710000 - 0x00007ffdc0237000 	F:\Program Files\Java\jdk-11.0.2\bin\server\jvm.dll
0x00007ffdda3f0000 - 0x00007ffdda3f9000 	C:\Windows\SYSTEM32\WSOCK32.dll
0x00007ffddf350000 - 0x00007ffddf372000 	C:\Windows\SYSTEM32\WINMM.dll
0x00007ffde3980000 - 0x00007ffde3987000 	C:\Windows\system32\PSAPI.DLL
0x00007ffde2050000 - 0x00007ffde20aa000 	C:\Windows\system32\WS2_32.dll
0x00007ffddee20000 - 0x00007ffddee4a000 	C:\Windows\SYSTEM32\WINMMBASE.dll
0x00007ffde2430000 - 0x00007ffde2439000 	C:\Windows\system32\NSI.dll
0x00007ffde0dc0000 - 0x00007ffde0e0f000 	C:\Windows\SYSTEM32\cfgmgr32.dll
0x00007ffddfb20000 - 0x00007ffddfb48000 	C:\Windows\SYSTEM32\DEVOBJ.dll
0x00007ffdca460000 - 0x00007ffdca471000 	F:\Program Files\Java\jdk-11.0.2\bin\verify.dll
0x00007ffdd0990000 - 0x00007ffdd0b19000 	C:\Windows\SYSTEM32\DBGHELP.DLL
0x00007ffdc87b0000 - 0x00007ffdc87d9000 	F:\Program Files\Java\jdk-11.0.2\bin\java.dll
0x00007ffdc9750000 - 0x00007ffdc977f000 	F:\Program Files\Java\jdk-11.0.2\bin\instrument.dll
0x00007ffdc9660000 - 0x00007ffdc9676000 	F:\Program Files\Java\jdk-11.0.2\bin\zip.dll
0x00007ffdca430000 - 0x00007ffdca43a000 	F:\Program Files\Java\jdk-11.0.2\bin\jimage.dll
0x00007ffde2450000 - 0x00007ffde397b000 	C:\Windows\system32\SHELL32.dll
0x00007ffde1270000 - 0x00007ffde1480000 	C:\Windows\SYSTEM32\combase.dll
0x00007ffde1720000 - 0x00007ffde1774000 	C:\Windows\system32\SHLWAPI.dll
0x00007ffddf860000 - 0x00007ffddf912000 	C:\Windows\SYSTEM32\SHCORE.dll
0x00007ffde0cf0000 - 0x00007ffde0d05000 	C:\Windows\SYSTEM32\profapi.dll
0x00007ffdc8020000 - 0x00007ffdc8039000 	F:\Program Files\Java\jdk-11.0.2\bin\net.dll
0x00007ffdd6bf0000 - 0x00007ffdd6cb9000 	C:\Windows\SYSTEM32\WINHTTP.dll
0x00007ffdd63d0000 - 0x00007ffdd655a000 	C:\Windows\SYSTEM32\urlmon.dll
0x00007ffde1990000 - 0x00007ffde1b24000 	C:\Windows\system32\ole32.dll
0x00007ffdd9b90000 - 0x00007ffdd9e5c000 	C:\Windows\SYSTEM32\iertutil.dll
0x00007ffdd9e60000 - 0x00007ffdda30c000 	C:\Windows\SYSTEM32\WININET.dll
0x00007ffde0310000 - 0x00007ffde0331000 	C:\Windows\SYSTEM32\USERENV.dll
0x00007ffde0580000 - 0x00007ffde05d9000 	C:\Windows\system32\mswsock.dll
0x00007ffdc8000000 - 0x00007ffdc8013000 	F:\Program Files\Java\jdk-11.0.2\bin\nio.dll
0x00007ffdc9f70000 - 0x00007ffdc9f8a000 	C:\Program Files\JetBrains\IntelliJ IDEA 2019.2\bin\breakgen64.dll
0x00007ffde0380000 - 0x00007ffde0424000 	C:\Windows\SYSTEM32\DNSAPI.dll
0x00007ffdcef90000 - 0x00007ffdcef9a000 	C:\Windows\System32\rasadhlp.dll
0x00007ffdd9390000 - 0x00007ffdd93fb000 	C:\Windows\System32\fwpuclnt.dll
0x00007ffdca2b0000 - 0x00007ffdca2b9000 	F:\Program Files\Java\jdk-11.0.2\bin\management.dll
0x00007ffdca120000 - 0x00007ffdca12c000 	F:\Program Files\Java\jdk-11.0.2\bin\management_ext.dll
0x00007ffde0650000 - 0x00007ffde0670000 	C:\Windows\SYSTEM32\CRYPTSP.dll
0x00007ffde0200000 - 0x00007ffde0236000 	C:\Windows\system32\rsaenh.dll
0x00007ffde0860000 - 0x00007ffde0886000 	C:\Windows\SYSTEM32\bcrypt.dll
0x00007ffde0bc0000 - 0x00007ffde0c23000 	C:\Windows\system32\bcryptprimitives.dll
0x00007ffde0c30000 - 0x00007ffde0c3b000 	C:\Windows\SYSTEM32\CRYPTBASE.dll
0x00007ffddaad0000 - 0x00007ffddaafa000 	C:\Windows\SYSTEM32\IPHLPAPI.DLL
0x00007ffddaac0000 - 0x00007ffddaaca000 	C:\Windows\SYSTEM32\WINNSI.DLL
0x00007ffdd9050000 - 0x00007ffdd9066000 	C:\Windows\SYSTEM32\dhcpcsvc6.DLL
0x00007ffdd91d0000 - 0x00007ffdd91ea000 	C:\Windows\SYSTEM32\dhcpcsvc.DLL
0x00007ffdd0540000 - 0x00007ffdd0555000 	C:\Windows\system32\napinsp.dll
0x00007ffdd0520000 - 0x00007ffdd053a000 	C:\Windows\system32\pnrpnsp.dll
0x00007ffddb3f0000 - 0x00007ffddb40b000 	C:\Windows\system32\NLAapi.dll
0x00007ffdd0510000 - 0x00007ffdd051d000 	C:\Windows\System32\winrnr.dll
0x00007ffdd04f0000 - 0x00007ffdd0504000 	C:\Windows\system32\wshbth.dll
0x000000006b600000 - 0x000000006b62f000 	C:\Users\andry\AppData\Local\Temp\usb4java5713073020926620815.tmp\libusb-1.0.dll
0x0000000070880000 - 0x0000000070897000 	C:\Users\andry\AppData\Local\Temp\usb4java5713073020926620815.tmp\libusb4java.dll
0x00007ffde20f0000 - 0x00007ffde22ca000 	C:\Windows\system32\SetupAPI.dll
0x00007ffdc9730000 - 0x00007ffdc974a000 	C:\Windows\SYSTEM32\libusbK.DLL
0x00007ffde0e10000 - 0x00007ffde0e61000 	C:\Windows\system32\wintrust.DLL
0x00007ffde0fc0000 - 0x00007ffde119f000 	C:\Windows\system32\CRYPT32.dll
0x00007ffde0da0000 - 0x00007ffde0db1000 	C:\Windows\system32\MSASN1.dll
0x00007ffdc9720000 - 0x00007ffdc972b000 	C:\Windows\SYSTEM32\winusb.dll
0x00007ffddfed0000 - 0x00007ffddfedd000 	C:\Windows\SYSTEM32\hid.dll

dbghelp: loaded successfully - version: 4.0.5 - missing functions: none
symbol engine: initialized successfully - sym options: 0x614 - pdb path: .;F:\Program Files\Java\jdk-11.0.2\bin;C:\Windows\SYSTEM32;C:\Windows\WinSxS\amd64_microsoft.windows.common-controls_6595b64144ccf1df_6.0.9600.19394_none_62486577ecb635cf;F:\Program Files\Java\jdk-11.0.2\bin\server;C:\Program Files\JetBrains\IntelliJ IDEA 2019.2\bin;C:\Users\andry\AppData\Local\Temp\usb4java5713073020926620815.tmp

VM Arguments:
jvm_args: -XX:TieredStopAtLevel=1 -Xverify:none -Dspring.output.ansi.enabled=always -Dcom.sun.management.jmxremote -Dspring.jmx.enabled=true -Dspring.liveBeansView.mbeanDomain -Dspring.application.admin.enabled=true -javaagent:C:\Program Files\JetBrains\IntelliJ IDEA 2019.2\lib\idea_rt.jar=49283:C:\Program Files\JetBrains\IntelliJ IDEA 2019.2\bin -Dfile.encoding=UTF-8 
java_command: com.examle.tempmon.Application
java_class_path (initial): E:\tempmon\target\classes;E:\java\lombok.jar;E:\java\usb4java-1.2.0\usb4java-1.2.0\lib\libusb4java-1.2.0-windows-x86.jar;E:\java\usb4java-1.2.0\usb4java-1.2.0\lib\commons-lang3-3.2.1.jar;E:\java\usb4java-1.2.0\usb4java-1.2.0\lib\libusb4java-1.2.0-windows-x86_64.jar;E:\java\usb4java-1.2.0\usb4java-1.2.0\lib\usb4java-1.2.0.jar;C:\Users\andry\.m2\repository\org\springframework\boot\spring-boot-starter-web\2.1.6.RELEASE\spring-boot-starter-web-2.1.6.RELEASE.jar;C:\Users\andry\.m2\repository\org\springframework\boot\spring-boot-starter\2.1.6.RELEASE\spring-boot-starter-2.1.6.RELEASE.jar;C:\Users\andry\.m2\repository\org\springframework\boot\spring-boot-starter-logging\2.1.6.RELEASE\spring-boot-starter-logging-2.1.6.RELEASE.jar;C:\Users\andry\.m2\repository\ch\qos\logback\logback-classic\1.2.3\logback-classic-1.2.3.jar;C:\Users\andry\.m2\repository\ch\qos\logback\logback-core\1.2.3\logback-core-1.2.3.jar;C:\Users\andry\.m2\repository\org\apache\logging\log4j\log4j-to-slf4j\2.11.2\log4j-to-slf4j-2.11.2.jar;C:\Users\andry\.m2\repository\org\apache\logging\log4j\log4j-api\2.11.2\log4j-api-2.11.2.jar;C:\Users\andry\.m2\repository\org\slf4j\jul-to-slf4j\1.7.26\jul-to-slf4j-1.7.26.jar;C:\Users\andry\.m2\repository\javax\annotation\javax.annotation-api\1.3.2\javax.annotation-api-1.3.2.jar;C:\Users\andry\.m2\repository\org\springframework\spring-core\5.1.8.RELEASE\spring-core-5.1.8.RELEASE.jar;C:\Users\andry\.m2\repository\org\springframework\spring-jcl\5.1.8.RELEASE\spring-jcl-5.1.8.RELEASE.jar;C:\Users\andry\.m2\repository\org\yaml\snakeyaml\1.23\snakeyaml-1.23.jar;C:\Users\andry\.m2\repository\org\springframework\boot\spring-boot-starter-json\2.1.6.RELEASE\spring-boot-starter-json-2.1.6.RELEASE.jar;C:\Users\andry\.m2\repository\com\fasterxml\jackson\core\jackson-databind\2.9.9\jackson-databind-2.9.9.jar;C:\Users\andry\.m2\repository\com\fasterxml\jackson\core\jackson-annotations\2.9.0\jackson-annotations-2.9.0.jar;C:\Users\andry\.m2\repository\com\
Launcher Type: SUN_STANDARD

[Global flags]
     bool BytecodeVerificationLocal                = false                                     {product} {command line}
     bool BytecodeVerificationRemote               = false                                     {product} {command line}
     intx CICompilerCount                          = 2                                         {product} {ergonomic}
     uint ConcGCThreads                            = 1                                         {product} {ergonomic}
     uint G1ConcRefinementThreads                  = 2                                         {product} {ergonomic}
   size_t G1HeapRegionSize                         = 1048576                                   {product} {ergonomic}
    uintx GCDrainStackTargetSize                   = 64                                        {product} {ergonomic}
   size_t InitialHeapSize                          = 134217728                                 {product} {ergonomic}
     bool ManagementServer                         = true                                      {product} {command line}
   size_t MarkStackSize                            = 4194304                                   {product} {ergonomic}
   size_t MaxHeapSize                              = 2147483648                                {product} {ergonomic}
   size_t MaxNewSize                               = 1287651328                                {product} {ergonomic}
   size_t MinHeapDeltaBytes                        = 1048576                                   {product} {ergonomic}
    uintx NonNMethodCodeHeapSize                   = 6396312                                {pd product} {ergonomic}
    uintx NonProfiledCodeHeapSize                  = 245261928                              {pd product} {ergonomic}
    uintx ProfiledCodeHeapSize                     = 0                                      {pd product} {ergonomic}
    uintx ReservedCodeCacheSize                    = 251658240                              {pd product} {ergonomic}
     bool SegmentedCodeCache                       = true                                      {product} {ergonomic}
     intx TieredStopAtLevel                        = 1                                         {product} {command line}
     bool UseCompressedClassPointers               = true                                 {lp64_product} {ergonomic}
     bool UseCompressedOops                        = true                                 {lp64_product} {ergonomic}
     bool UseG1GC                                  = true                                      {product} {ergonomic}
     bool UseLargePagesIndividualAllocation        = false                                  {pd product} {ergonomic}

Logging:
Log output configuration:
 #0: stdout all=warning uptime,level,tags
 #1: stderr all=off uptime,level,tags

Environment Variables:
PATH=C:\Program Files\JetBrains\IntelliJ IDEA 2019.2\jbr\\bin;C:\Program Files\JetBrains\IntelliJ IDEA 2019.2\jbr\\bin\server;C:\Program Files (x86)\Common Files\Oracle\Java\javapath;C:\ProgramData\Oracle\Java\javapath;C:\Program Files (x86)\NVIDIA Corporation\PhysX\Common;C:\Windows\system32;C:\Windows;C:\Windows\System32\Wbem;C:\Windows\System32\WindowsPowerShell\v1.0\;C:\Program Files\Calibre2\;C:\Program Files\MySQL\MySQL Shell 8.0\bin\;C:\Users\andry\AppData\Local\Programs\Microsoft VS Code\bin
USERNAME=andry
OS=Windows_NT
PROCESSOR_IDENTIFIER=Intel64 Family 6 Model 23 Stepping 10, GenuineIntel



---------------  S Y S T E M  ---------------

OS: Windows 8.1 , 64 bit Build 9600 (6.3.9600.19538)

CPU:total 2 (initial active 2) (2 cores per cpu, 1 threads per core) family 6 model 23 stepping 10, cmov, cx8, fxsr, mmx, sse, sse2, sse3, ssse3, sse4.1, tsc

Memory: 4k page, system-wide physical 8191M (2680M free)
TotalPageFile size 14079M (AvailPageFile size 4844M)
current process WorkingSet (physical memory assigned to process): 178M, peak: 178M
current process commit charge ("private bytes"): 278M, peak: 278M

vm_info: Java HotSpot(TM) 64-Bit Server VM (11.0.2+9-LTS) for windows-amd64 JRE (11.0.2+9-LTS), built on Jan 18 2019 05:24:10 by "mach5one" with MS VC++ 15.5 (VS2017)

END.
