#
# A fatal error has been detected by the Java Runtime Environment:
#
#  EXCEPTION_ACCESS_VIOLATION (0xc0000005) at pc=0x000000006b6069ca, pid=18440, tid=5004
#
# JRE version: Java(TM) SE Runtime Environment (11.0.2+9) (build 11.0.2+9-LTS)
# Java VM: Java HotSpot(TM) 64-Bit Server VM (11.0.2+9-LTS, mixed mode, tiered, compressed oops, g1 gc, windows-amd64)
# Problematic frame:
# C  [libusb-1.0.dll+0x69ca]
#
# No core dump will be written. Minidumps are not enabled by default on client versions of Windows
#
# If you would like to submit a bug report, please visit:
#   http://bugreport.java.com/bugreport/crash.jsp
# The crash happened outside the Java Virtual Machine in native code.
# See problematic frame for where to report the bug.
#

---------------  S U M M A R Y ------------

Command Line: -XX:TieredStopAtLevel=1 -Xverify:none -Dspring.output.ansi.enabled=always -Dcom.sun.management.jmxremote -Dspring.jmx.enabled=true -Dspring.liveBeansView.mbeanDomain -Dspring.application.admin.enabled=true -javaagent:C:\Program Files\JetBrains\IntelliJ IDEA 2019.2\lib\idea_rt.jar=49213:C:\Program Files\JetBrains\IntelliJ IDEA 2019.2\bin -Dfile.encoding=UTF-8 com.examle.tempmon.Application

Host: Intel(R) Core(TM)2 Duo CPU     T9600  @ 2.80GHz, 2 cores, 7G,  Windows 8.1 , 64 bit Build 9600 (6.3.9600.19538)
Time: Sun Feb 23 06:25:57 2020 O?ieyia?y (ceia) elapsed time: 11 seconds (0d 0h 0m 11s)

---------------  T H R E A D  ---------------

Current thread (0x000000ffb568c000):  JavaThread "task-1" [_thread_in_native, id=5004, stack(0x000000ffb7dc0000,0x000000ffb7ec0000)]

Stack: [0x000000ffb7dc0000,0x000000ffb7ec0000],  sp=0x000000ffb7ebee80,  free space=1019k
Native frames: (J=compiled Java code, j=interpreted, Vv=VM code, C=native code)
C  [libusb-1.0.dll+0x69ca]

Java frames: (J=compiled Java code, j=interpreted, Vv=VM code)
j  org.usb4java.LibUsb.controlTransfer(Lorg/usb4java/DeviceHandle;BBSSLjava/nio/ByteBuffer;J)I+0
j  com.examle.tempmon.AvrTransferWin.read(Lorg/springframework/ui/Model;)V+23
j  com.examle.tempmon.AvrTransferWin$$FastClassBySpringCGLIB$$dae73813.invoke(ILjava/lang/Object;[Ljava/lang/Object;)Ljava/lang/Object;+50
j  org.springframework.cglib.proxy.MethodProxy.invoke(Ljava/lang/Object;[Ljava/lang/Object;)Ljava/lang/Object;+19
j  org.springframework.aop.framework.CglibAopProxy$CglibMethodInvocation.invokeJoinpoint()Ljava/lang/Object;+19
j  org.springframework.aop.framework.ReflectiveMethodInvocation.proceed()Ljava/lang/Object;+19
j  org.springframework.aop.interceptor.AsyncExecutionInterceptor.lambda$invoke$0(Lorg/aopalliance/intercept/MethodInvocation;Ljava/lang/reflect/Method;)Ljava/lang/Object;+1
j  org.springframework.aop.interceptor.AsyncExecutionInterceptor$$Lambda$545.call()Ljava/lang/Object;+12
j  java.util.concurrent.FutureTask.run()V+39 java.base@11.0.2
j  java.util.concurrent.ThreadPoolExecutor.runWorker(Ljava/util/concurrent/ThreadPoolExecutor$Worker;)V+92 java.base@11.0.2
j  java.util.concurrent.ThreadPoolExecutor$Worker.run()V+5 java.base@11.0.2
j  java.lang.Thread.run()V+11 java.base@11.0.2
v  ~StubRoutines::call_stub

siginfo: EXCEPTION_ACCESS_VIOLATION (0xc0000005), reading address 0x0000000000000020


Register to memory mapping:

RIP=0x000000006b6069ca libusb-1.0.dll
RAX=0x0 is NULL
RBX=0x000000ffb7ebef3c is pointing into the stack for thread: 0x000000ffb568c000
RCX=0x000000ff9125b610 points into unknown readable memory: 00 00 00 00 00 00 00 00
RDX=0x0 is NULL
RSP=0x000000ffb7ebee80 is pointing into the stack for thread: 0x000000ffb568c000
RBP=0x000000ffb7ebef00 is pointing into the stack for thread: 0x000000ffb568c000
RSI=0x0000000000000002 is an unknown value
RDI=0x000000ff9125b610 points into unknown readable memory: 00 00 00 00 00 00 00 00
R8 =0x000000ffb7ebed98 is pointing into the stack for thread: 0x000000ffb568c000
R9 =0x000000ffb7ebedf0 is pointing into the stack for thread: 0x000000ffb568c000
R10=0x0 is NULL
R11=0x0000000000000246 is an unknown value
R12=0x0000000000000100 is an unknown value
R13={method} {0x000000ffb4591b90} 'controlTransfer' '(Lorg/usb4java/DeviceHandle;BBSSLjava/nio/ByteBuffer;J)I' in 'org/usb4java/LibUsb'
R14=0x000000ffb39c2020 points into unknown readable memory: 80 e9 9b b3 ff 00 00 00
R15=0x000000ff9125b610 points into unknown readable memory: 00 00 00 00 00 00 00 00


Registers:
RAX=0x0000000000000000, RBX=0x000000ffb7ebef3c, RCX=0x000000ff9125b610, RDX=0x0000000000000000
RSP=0x000000ffb7ebee80, RBP=0x000000ffb7ebef00, RSI=0x0000000000000002, RDI=0x000000ff9125b610
R8 =0x000000ffb7ebed98, R9 =0x000000ffb7ebedf0, R10=0x0000000000000000, R11=0x0000000000000246
R12=0x0000000000000100, R13=0x000000ffb4591b88, R14=0x000000ffb39c2020, R15=0x000000ff9125b610
RIP=0x000000006b6069ca, EFLAGS=0x0000000000010202

Top of Stack: (sp=0x000000ffb7ebee80)
0x000000ffb7ebee80:   000000000000000a 000000ffb39c2020
0x000000ffb7ebee90:   000000ffb4591b88 000000ffb7ebef60
0x000000ffb7ebeea0:   00000000000000a1 0000000000000002
0x000000ffb7ebeeb0:   0000000000000000 00000000000000a1
0x000000ffb7ebeec0:   0000000000000002 0000000000000000
0x000000ffb7ebeed0:   000000ffb7ebef60 000000006b606ccb
0x000000ffb7ebeee0:   00000000000000a1 0000000000000002
0x000000ffb7ebeef0:   000000ffb7ebf000 000000ffb7ebf068
0x000000ffb7ebef00:   000000ffb562cb20 00000000708835f9
0x000000ffb7ebef10:   000000ffb568c340 0000000000000002
0x000000ffb7ebef20:   01000000b7ebf068 0000000000000001
0x000000ffb7ebef30:   000000000000008b 00000000b39c2020
0x000000ffb7ebef40:   000000ffb4591b88 000000ffb4591b88
0x000000ffb7ebef50:   000000000000008b 000000ff9b5d9e03
0x000000ffb7ebef60:   0000000000000000 000000ffb4591b88
0x000000ffb7ebef70:   000000ffb7ebf090 000000ffb568c000 

Instructions: (pc=0x000000006b6069ca)
0x000000006b6069aa:   66 0f 1f 44 00 00 55 57 56 53 48 83 ec 38 48 8d
0x000000006b6069ba:   ac 24 80 00 00 00 48 8b 01 48 89 cf 48 8b 59 28
0x000000006b6069ca:   48 8b 40 20 48 8b 70 10 8b 03 85 c0 75 49 48 89
0x000000006b6069da:   da 48 89 f1 e8 fd f8 ff ff 85 c0 79 eb 83 f8 f6 


Stack slot to memory mapping:
stack at sp + 0 slots: 0x000000000000000a is an unknown value
stack at sp + 1 slots: 0x000000ffb39c2020 points into unknown readable memory: 80 e9 9b b3 ff 00 00 00
stack at sp + 2 slots: {method} {0x000000ffb4591b90} 'controlTransfer' '(Lorg/usb4java/DeviceHandle;BBSSLjava/nio/ByteBuffer;J)I' in 'org/usb4java/LibUsb'
stack at sp + 3 slots: 0x000000ffb7ebef60 is pointing into the stack for thread: 0x000000ffb568c000
stack at sp + 4 slots: 0x00000000000000a1 is an unknown value
stack at sp + 5 slots: 0x0000000000000002 is an unknown value
stack at sp + 6 slots: 0x0 is NULL
stack at sp + 7 slots: 0x00000000000000a1 is an unknown value


---------------  P R O C E S S  ---------------

Threads class SMR info:
_java_thread_list=0x000000ffb562f980, length=30, elements={
0x000000ffb15dc800, 0x000000ffb15e6800, 0x000000ffb1ffa000, 0x000000ffb1fff000,
0x000000ffb2001800, 0x000000ffb200d000, 0x000000ffb216f800, 0x000000ffb23ec000,
0x000000ffb23ed000, 0x000000ffb304a800, 0x000000ffb52c3000, 0x000000ffb52ec800,
0x000000ffb52ed800, 0x000000ffb55c2800, 0x000000ffb5649000, 0x000000ffb55c4000,
0x000000ffb5672800, 0x000000ffb5676000, 0x000000ffb5674800, 0x000000ffb5675000,
0x000000ffb5673800, 0x000000ffb5677800, 0x000000ffb5677000, 0x000000ffb5678800,
0x000000ffb5679000, 0x000000ffb5689800, 0x000000ffb568a800, 0x000000ffb568b000,
0x000000ffb5688800, 0x000000ffb568c000
}

Java Threads: ( => current thread )
  0x000000ffb15dc800 JavaThread "Reference Handler" daemon [_thread_blocked, id=13516, stack(0x000000ffb23f0000,0x000000ffb24f0000)]
  0x000000ffb15e6800 JavaThread "Finalizer" daemon [_thread_blocked, id=18308, stack(0x000000ffb24f0000,0x000000ffb25f0000)]
  0x000000ffb1ffa000 JavaThread "Signal Dispatcher" daemon [_thread_blocked, id=13164, stack(0x000000ffb26d0000,0x000000ffb27d0000)]
  0x000000ffb1fff000 JavaThread "Attach Listener" daemon [_thread_blocked, id=18812, stack(0x000000ffb27d0000,0x000000ffb28d0000)]
  0x000000ffb2001800 JavaThread "C1 CompilerThread0" daemon [_thread_blocked, id=16660, stack(0x000000ffb28d0000,0x000000ffb29d0000)]
  0x000000ffb200d000 JavaThread "Sweeper thread" daemon [_thread_blocked, id=17292, stack(0x000000ffb29d0000,0x000000ffb2ad0000)]
  0x000000ffb216f800 JavaThread "Common-Cleaner" daemon [_thread_blocked, id=18228, stack(0x000000ffb2ad0000,0x000000ffb2bd0000)]
  0x000000ffb23ec000 JavaThread "Monitor Ctrl-Break" daemon [_thread_in_native, id=16996, stack(0x000000ffb34d0000,0x000000ffb35d0000)]
  0x000000ffb23ed000 JavaThread "Service Thread" daemon [_thread_blocked, id=4276, stack(0x000000ffb35d0000,0x000000ffb36d0000)]
  0x000000ffb304a800 JavaThread "RMI TCP Accept-0" daemon [_thread_in_native, id=17460, stack(0x000000ffb3db0000,0x000000ffb3eb0000)]
  0x000000ffb52c3000 JavaThread "Catalina-utility-1" [_thread_blocked, id=14796, stack(0x000000ffb46a0000,0x000000ffb47a0000)]
  0x000000ffb52ec800 JavaThread "Catalina-utility-2" [_thread_blocked, id=15096, stack(0x000000ffb6770000,0x000000ffb6870000)]
  0x000000ffb52ed800 JavaThread "container-0" [_thread_blocked, id=17952, stack(0x000000ffb6870000,0x000000ffb6970000)]
  0x000000ffb55c2800 JavaThread "File Watcher" daemon [_thread_blocked, id=17732, stack(0x000000ffb6b70000,0x000000ffb6c70000)]
  0x000000ffb5649000 JavaThread "Live Reload Server" daemon [_thread_in_native, id=2716, stack(0x000000ffb6d70000,0x000000ffb6e70000)]
  0x000000ffb55c4000 JavaThread "http-nio-8080-BlockPoller" daemon [_thread_in_native, id=16540, stack(0x000000ffb6c70000,0x000000ffb6d70000)]
  0x000000ffb5672800 JavaThread "http-nio-8080-exec-1" daemon [_thread_in_vm, id=10536, stack(0x000000ffb6e70000,0x000000ffb6f70000)]
  0x000000ffb5676000 JavaThread "http-nio-8080-exec-2" daemon [_thread_blocked, id=14196, stack(0x000000ffb6f70000,0x000000ffb7070000)]
  0x000000ffb5674800 JavaThread "http-nio-8080-exec-3" daemon [_thread_blocked, id=16036, stack(0x000000ffb7070000,0x000000ffb7170000)]
  0x000000ffb5675000 JavaThread "http-nio-8080-exec-4" daemon [_thread_blocked, id=17260, stack(0x000000ffb7170000,0x000000ffb7270000)]
  0x000000ffb5673800 JavaThread "http-nio-8080-exec-5" daemon [_thread_blocked, id=17620, stack(0x000000ffb7270000,0x000000ffb7370000)]
  0x000000ffb5677800 JavaThread "http-nio-8080-exec-6" daemon [_thread_blocked, id=14492, stack(0x000000ffb7370000,0x000000ffb7470000)]
  0x000000ffb5677000 JavaThread "http-nio-8080-exec-7" daemon [_thread_blocked, id=16920, stack(0x000000ffb7470000,0x000000ffb7570000)]
  0x000000ffb5678800 JavaThread "http-nio-8080-exec-8" daemon [_thread_blocked, id=14040, stack(0x000000ffb7570000,0x000000ffb7670000)]
  0x000000ffb5679000 JavaThread "http-nio-8080-exec-9" daemon [_thread_blocked, id=18012, stack(0x000000ffb7670000,0x000000ffb7770000)]
  0x000000ffb5689800 JavaThread "http-nio-8080-exec-10" daemon [_thread_blocked, id=17316, stack(0x000000ffb7770000,0x000000ffb7870000)]
  0x000000ffb568a800 JavaThread "http-nio-8080-ClientPoller" daemon [_thread_in_native, id=5532, stack(0x000000ffb7870000,0x000000ffb7970000)]
  0x000000ffb568b000 JavaThread "http-nio-8080-Acceptor" daemon [_thread_in_native, id=5060, stack(0x000000ffb7970000,0x000000ffb7a70000)]
  0x000000ffb5688800 JavaThread "DestroyJavaVM" [_thread_blocked, id=16868, stack(0x000000ff92980000,0x000000ff92a80000)]
=>0x000000ffb568c000 JavaThread "task-1" [_thread_in_native, id=5004, stack(0x000000ffb7dc0000,0x000000ffb7ec0000)]

Other Threads:
  0x000000ffb15d5800 VMThread "VM Thread" [stack: 0x000000ffb1ef0000,0x000000ffb1ff0000] [id=17136]
  0x000000ffb3054000 WatcherThread [stack: 0x000000ffb3eb0000,0x000000ffb3fb0000] [id=18016]
  0x000000ff932f3800 GCTaskThread "GC Thread#0" [stack: 0x000000ff92c60000,0x000000ff92d60000] [id=15900]
  0x000000ffb2f17800 GCTaskThread "GC Thread#1" [stack: 0x000000ffb3cb0000,0x000000ffb3db0000] [id=16208]
  0x000000ff93325000 ConcurrentGCThread "G1 Main Marker" [stack: 0x000000ff92f80000,0x000000ff93080000] [id=15736]
  0x000000ff93326800 ConcurrentGCThread "G1 Conc#0" [stack: 0x000000ff93080000,0x000000ff93180000] [id=16696]
  0x000000ffb141f800 ConcurrentGCThread "G1 Refine#0" [stack: 0x000000ff93180000,0x000000ff93280000] [id=11596]
  0x000000ffb1420000 ConcurrentGCThread "G1 Young RemSet Sampling" [stack: 0x000000ffb15f0000,0x000000ffb16f0000] [id=17520]

Threads with active compile tasks:

VM state:not at safepoint (normal execution)

VM Mutex/Monitor currently owned by a thread: None

Heap address: 0x0000000080000000, size: 2048 MB, Compressed Oops mode: 32-bit
Narrow klass base: 0x0000000000000000, Narrow klass shift: 3
Compressed class space size: 1073741824 Address: 0x0000000100000000

Heap:
 garbage-first heap   total 174080K, used 52561K [0x0000000080000000, 0x0000000100000000)
  region size 1024K, 48 young (49152K), 10 survivors (10240K)
 Metaspace       used 38366K, capacity 39444K, committed 39728K, reserved 1083392K
  class space    used 4784K, capacity 5190K, committed 5248K, reserved 1048576K
Heap Regions: E=young(eden), S=young(survivor), O=old, HS=humongous(starts), HC=humongous(continues), CS=collection set, F=free, A=archive, TAMS=top-at-mark-start (previous, next)
|   0|0x0000000080000000, 0x0000000080100000, 0x0000000080100000|100%| O|  |TAMS 0x0000000080100000, 0x0000000080000000| Untracked 
|   1|0x0000000080100000, 0x0000000080200000, 0x0000000080200000|100%| O|  |TAMS 0x0000000080200000, 0x0000000080100000| Untracked 
|   2|0x0000000080200000, 0x0000000080300000, 0x0000000080300000|100%| O|  |TAMS 0x0000000080300000, 0x0000000080200000| Untracked 
|   3|0x0000000080300000, 0x0000000080400000, 0x0000000080400000|100%| O|  |TAMS 0x0000000080400000, 0x0000000080300000| Untracked 
|   4|0x0000000080400000, 0x0000000080493600, 0x0000000080500000| 57%| O|  |TAMS 0x0000000080493600, 0x0000000080400000| Untracked 
|   5|0x0000000080500000, 0x0000000080500000, 0x0000000080600000|  0%| F|  |TAMS 0x0000000080500000, 0x0000000080500000| Untracked 
|   6|0x0000000080600000, 0x0000000080600000, 0x0000000080700000|  0%| F|  |TAMS 0x0000000080600000, 0x0000000080600000| Untracked 
|   7|0x0000000080700000, 0x0000000080700000, 0x0000000080800000|  0%| F|  |TAMS 0x0000000080700000, 0x0000000080700000| Untracked 
|   8|0x0000000080800000, 0x0000000080800000, 0x0000000080900000|  0%| F|  |TAMS 0x0000000080800000, 0x0000000080800000| Untracked 
|   9|0x0000000080900000, 0x0000000080900000, 0x0000000080a00000|  0%| F|  |TAMS 0x0000000080900000, 0x0000000080900000| Untracked 
|  10|0x0000000080a00000, 0x0000000080a00000, 0x0000000080b00000|  0%| F|  |TAMS 0x0000000080a00000, 0x0000000080a00000| Untracked 
|  11|0x0000000080b00000, 0x0000000080b00000, 0x0000000080c00000|  0%| F|  |TAMS 0x0000000080b00000, 0x0000000080b00000| Untracked 
|  12|0x0000000080c00000, 0x0000000080c00000, 0x0000000080d00000|  0%| F|  |TAMS 0x0000000080c00000, 0x0000000080c00000| Untracked 
|  13|0x0000000080d00000, 0x0000000080d00000, 0x0000000080e00000|  0%| F|  |TAMS 0x0000000080d00000, 0x0000000080d00000| Untracked 
|  14|0x0000000080e00000, 0x0000000080e00000, 0x0000000080f00000|  0%| F|  |TAMS 0x0000000080e00000, 0x0000000080e00000| Untracked 
|  15|0x0000000080f00000, 0x0000000080f00000, 0x0000000081000000|  0%| F|  |TAMS 0x0000000080f00000, 0x0000000080f00000| Untracked 
|  16|0x0000000081000000, 0x0000000081000000, 0x0000000081100000|  0%| F|  |TAMS 0x0000000081000000, 0x0000000081000000| Untracked 
|  17|0x0000000081100000, 0x0000000081100000, 0x0000000081200000|  0%| F|  |TAMS 0x0000000081100000, 0x0000000081100000| Untracked 
|  18|0x0000000081200000, 0x0000000081200000, 0x0000000081300000|  0%| F|  |TAMS 0x0000000081200000, 0x0000000081200000| Untracked 
|  19|0x0000000081300000, 0x0000000081300000, 0x0000000081400000|  0%| F|  |TAMS 0x0000000081300000, 0x0000000081300000| Untracked 
|  20|0x0000000081400000, 0x0000000081400000, 0x0000000081500000|  0%| F|  |TAMS 0x0000000081400000, 0x0000000081400000| Untracked 
|  21|0x0000000081500000, 0x0000000081500000, 0x0000000081600000|  0%| F|  |TAMS 0x0000000081500000, 0x0000000081500000| Untracked 
|  22|0x0000000081600000, 0x0000000081600000, 0x0000000081700000|  0%| F|  |TAMS 0x0000000081600000, 0x0000000081600000| Untracked 
|  23|0x0000000081700000, 0x0000000081700000, 0x0000000081800000|  0%| F|  |TAMS 0x0000000081700000, 0x0000000081700000| Untracked 
|  24|0x0000000081800000, 0x0000000081800000, 0x0000000081900000|  0%| F|  |TAMS 0x0000000081800000, 0x0000000081800000| Untracked 
|  25|0x0000000081900000, 0x0000000081900000, 0x0000000081a00000|  0%| F|  |TAMS 0x0000000081900000, 0x0000000081900000| Untracked 
|  26|0x0000000081a00000, 0x0000000081a00000, 0x0000000081b00000|  0%| F|  |TAMS 0x0000000081a00000, 0x0000000081a00000| Untracked 
|  27|0x0000000081b00000, 0x0000000081b00000, 0x0000000081c00000|  0%| F|  |TAMS 0x0000000081b00000, 0x0000000081b00000| Untracked 
|  28|0x0000000081c00000, 0x0000000081c00000, 0x0000000081d00000|  0%| F|  |TAMS 0x0000000081c00000, 0x0000000081c00000| Untracked 
|  29|0x0000000081d00000, 0x0000000081d00000, 0x0000000081e00000|  0%| F|  |TAMS 0x0000000081d00000, 0x0000000081d00000| Untracked 
|  30|0x0000000081e00000, 0x0000000081e00000, 0x0000000081f00000|  0%| F|  |TAMS 0x0000000081e00000, 0x0000000081e00000| Untracked 
|  31|0x0000000081f00000, 0x0000000081f00000, 0x0000000082000000|  0%| F|  |TAMS 0x0000000081f00000, 0x0000000081f00000| Untracked 
|  32|0x0000000082000000, 0x0000000082000000, 0x0000000082100000|  0%| F|  |TAMS 0x0000000082000000, 0x0000000082000000| Untracked 
|  33|0x0000000082100000, 0x0000000082100000, 0x0000000082200000|  0%| F|  |TAMS 0x0000000082100000, 0x0000000082100000| Untracked 
|  34|0x0000000082200000, 0x0000000082200000, 0x0000000082300000|  0%| F|  |TAMS 0x0000000082200000, 0x0000000082200000| Untracked 
|  35|0x0000000082300000, 0x0000000082300000, 0x0000000082400000|  0%| F|  |TAMS 0x0000000082300000, 0x0000000082300000| Untracked 
|  36|0x0000000082400000, 0x0000000082400000, 0x0000000082500000|  0%| F|  |TAMS 0x0000000082400000, 0x0000000082400000| Untracked 
|  37|0x0000000082500000, 0x0000000082500000, 0x0000000082600000|  0%| F|  |TAMS 0x0000000082500000, 0x0000000082500000| Untracked 
|  38|0x0000000082600000, 0x0000000082600000, 0x0000000082700000|  0%| F|  |TAMS 0x0000000082600000, 0x0000000082600000| Untracked 
|  39|0x0000000082700000, 0x0000000082700000, 0x0000000082800000|  0%| F|  |TAMS 0x0000000082700000, 0x0000000082700000| Untracked 
|  40|0x0000000082800000, 0x0000000082800000, 0x0000000082900000|  0%| F|  |TAMS 0x0000000082800000, 0x0000000082800000| Untracked 
|  41|0x0000000082900000, 0x0000000082900000, 0x0000000082a00000|  0%| F|  |TAMS 0x0000000082900000, 0x0000000082900000| Untracked 
|  42|0x0000000082a00000, 0x0000000082a00000, 0x0000000082b00000|  0%| F|  |TAMS 0x0000000082a00000, 0x0000000082a00000| Untracked 
|  43|0x0000000082b00000, 0x0000000082b00000, 0x0000000082c00000|  0%| F|  |TAMS 0x0000000082b00000, 0x0000000082b00000| Untracked 
|  44|0x0000000082c00000, 0x0000000082c00000, 0x0000000082d00000|  0%| F|  |TAMS 0x0000000082c00000, 0x0000000082c00000| Untracked 
|  45|0x0000000082d00000, 0x0000000082d00000, 0x0000000082e00000|  0%| F|  |TAMS 0x0000000082d00000, 0x0000000082d00000| Untracked 
|  46|0x0000000082e00000, 0x0000000082e00000, 0x0000000082f00000|  0%| F|  |TAMS 0x0000000082e00000, 0x0000000082e00000| Untracked 
|  47|0x0000000082f00000, 0x0000000082f00000, 0x0000000083000000|  0%| F|  |TAMS 0x0000000082f00000, 0x0000000082f00000| Untracked 
|  48|0x0000000083000000, 0x0000000083000000, 0x0000000083100000|  0%| F|  |TAMS 0x0000000083000000, 0x0000000083000000| Untracked 
|  49|0x0000000083100000, 0x0000000083100000, 0x0000000083200000|  0%| F|  |TAMS 0x0000000083100000, 0x0000000083100000| Untracked 
|  50|0x0000000083200000, 0x0000000083200000, 0x0000000083300000|  0%| F|  |TAMS 0x0000000083200000, 0x0000000083200000| Untracked 
|  51|0x0000000083300000, 0x0000000083300000, 0x0000000083400000|  0%| F|  |TAMS 0x0000000083300000, 0x0000000083300000| Untracked 
|  52|0x0000000083400000, 0x0000000083400000, 0x0000000083500000|  0%| F|  |TAMS 0x0000000083400000, 0x0000000083400000| Untracked 
|  53|0x0000000083500000, 0x0000000083500000, 0x0000000083600000|  0%| F|  |TAMS 0x0000000083500000, 0x0000000083500000| Untracked 
|  54|0x0000000083600000, 0x0000000083600000, 0x0000000083700000|  0%| F|  |TAMS 0x0000000083600000, 0x0000000083600000| Untracked 
|  55|0x0000000083700000, 0x0000000083700000, 0x0000000083800000|  0%| F|  |TAMS 0x0000000083700000, 0x0000000083700000| Untracked 
|  56|0x0000000083800000, 0x0000000083800000, 0x0000000083900000|  0%| F|  |TAMS 0x0000000083800000, 0x0000000083800000| Untracked 
|  57|0x0000000083900000, 0x0000000083900000, 0x0000000083a00000|  0%| F|  |TAMS 0x0000000083900000, 0x0000000083900000| Untracked 
|  58|0x0000000083a00000, 0x0000000083a00000, 0x0000000083b00000|  0%| F|  |TAMS 0x0000000083a00000, 0x0000000083a00000| Untracked 
|  59|0x0000000083b00000, 0x0000000083b00000, 0x0000000083c00000|  0%| F|  |TAMS 0x0000000083b00000, 0x0000000083b00000| Untracked 
|  60|0x0000000083c00000, 0x0000000083c00000, 0x0000000083d00000|  0%| F|  |TAMS 0x0000000083c00000, 0x0000000083c00000| Untracked 
|  61|0x0000000083d00000, 0x0000000083d00000, 0x0000000083e00000|  0%| F|  |TAMS 0x0000000083d00000, 0x0000000083d00000| Untracked 
|  62|0x0000000083e00000, 0x0000000083e00000, 0x0000000083f00000|  0%| F|  |TAMS 0x0000000083e00000, 0x0000000083e00000| Untracked 
|  63|0x0000000083f00000, 0x0000000083f00000, 0x0000000084000000|  0%| F|  |TAMS 0x0000000083f00000, 0x0000000083f00000| Untracked 
|  64|0x0000000084000000, 0x0000000084000000, 0x0000000084100000|  0%| F|  |TAMS 0x0000000084000000, 0x0000000084000000| Untracked 
|  65|0x0000000084100000, 0x0000000084100000, 0x0000000084200000|  0%| F|  |TAMS 0x0000000084100000, 0x0000000084100000| Untracked 
|  66|0x0000000084200000, 0x0000000084200000, 0x0000000084300000|  0%| F|  |TAMS 0x0000000084200000, 0x0000000084200000| Untracked 
|  67|0x0000000084300000, 0x0000000084300000, 0x0000000084400000|  0%| F|  |TAMS 0x0000000084300000, 0x0000000084300000| Untracked 
|  68|0x0000000084400000, 0x0000000084400000, 0x0000000084500000|  0%| F|  |TAMS 0x0000000084400000, 0x0000000084400000| Untracked 
|  69|0x0000000084500000, 0x0000000084500000, 0x0000000084600000|  0%| F|  |TAMS 0x0000000084500000, 0x0000000084500000| Untracked 
|  70|0x0000000084600000, 0x0000000084600000, 0x0000000084700000|  0%| F|  |TAMS 0x0000000084600000, 0x0000000084600000| Untracked 
|  71|0x0000000084700000, 0x0000000084700000, 0x0000000084800000|  0%| F|  |TAMS 0x0000000084700000, 0x0000000084700000| Untracked 
|  72|0x0000000084800000, 0x0000000084800000, 0x0000000084900000|  0%| F|  |TAMS 0x0000000084800000, 0x0000000084800000| Untracked 
|  73|0x0000000084900000, 0x0000000084900000, 0x0000000084a00000|  0%| F|  |TAMS 0x0000000084900000, 0x0000000084900000| Untracked 
|  74|0x0000000084a00000, 0x0000000084ac0e90, 0x0000000084b00000| 75%| S|CS|TAMS 0x0000000084a00000, 0x0000000084a00000| Complete 
|  75|0x0000000084b00000, 0x0000000084c00000, 0x0000000084c00000|100%| S|CS|TAMS 0x0000000084b00000, 0x0000000084b00000| Complete 
|  76|0x0000000084c00000, 0x0000000084d00000, 0x0000000084d00000|100%| S|CS|TAMS 0x0000000084c00000, 0x0000000084c00000| Complete 
|  77|0x0000000084d00000, 0x0000000084e00000, 0x0000000084e00000|100%| S|CS|TAMS 0x0000000084d00000, 0x0000000084d00000| Complete 
|  78|0x0000000084e00000, 0x0000000084f00000, 0x0000000084f00000|100%| S|CS|TAMS 0x0000000084e00000, 0x0000000084e00000| Complete 
|  79|0x0000000084f00000, 0x0000000085000000, 0x0000000085000000|100%| S|CS|TAMS 0x0000000084f00000, 0x0000000084f00000| Complete 
|  80|0x0000000085000000, 0x0000000085100000, 0x0000000085100000|100%| S|CS|TAMS 0x0000000085000000, 0x0000000085000000| Complete 
|  81|0x0000000085100000, 0x0000000085200000, 0x0000000085200000|100%| S|CS|TAMS 0x0000000085100000, 0x0000000085100000| Complete 
|  82|0x0000000085200000, 0x0000000085300000, 0x0000000085300000|100%| S|CS|TAMS 0x0000000085200000, 0x0000000085200000| Complete 
|  83|0x0000000085300000, 0x0000000085400000, 0x0000000085400000|100%| S|CS|TAMS 0x0000000085300000, 0x0000000085300000| Complete 
|  84|0x0000000085400000, 0x0000000085400000, 0x0000000085500000|  0%| F|  |TAMS 0x0000000085400000, 0x0000000085400000| Untracked 
|  85|0x0000000085500000, 0x0000000085500000, 0x0000000085600000|  0%| F|  |TAMS 0x0000000085500000, 0x0000000085500000| Untracked 
|  86|0x0000000085600000, 0x0000000085600000, 0x0000000085700000|  0%| F|  |TAMS 0x0000000085600000, 0x0000000085600000| Untracked 
|  87|0x0000000085700000, 0x0000000085700000, 0x0000000085800000|  0%| F|  |TAMS 0x0000000085700000, 0x0000000085700000| Untracked 
|  88|0x0000000085800000, 0x0000000085800000, 0x0000000085900000|  0%| F|  |TAMS 0x0000000085800000, 0x0000000085800000| Untracked 
|  89|0x0000000085900000, 0x0000000085900000, 0x0000000085a00000|  0%| F|  |TAMS 0x0000000085900000, 0x0000000085900000| Untracked 
|  90|0x0000000085a00000, 0x0000000085a00000, 0x0000000085b00000|  0%| F|  |TAMS 0x0000000085a00000, 0x0000000085a00000| Untracked 
|  91|0x0000000085b00000, 0x0000000085b00000, 0x0000000085c00000|  0%| F|  |TAMS 0x0000000085b00000, 0x0000000085b00000| Untracked 
|  92|0x0000000085c00000, 0x0000000085c00000, 0x0000000085d00000|  0%| F|  |TAMS 0x0000000085c00000, 0x0000000085c00000| Untracked 
|  93|0x0000000085d00000, 0x0000000085d00000, 0x0000000085e00000|  0%| F|  |TAMS 0x0000000085d00000, 0x0000000085d00000| Untracked 
|  94|0x0000000085e00000, 0x0000000085e00000, 0x0000000085f00000|  0%| F|  |TAMS 0x0000000085e00000, 0x0000000085e00000| Untracked 
|  95|0x0000000085f00000, 0x0000000085f00000, 0x0000000086000000|  0%| F|  |TAMS 0x0000000085f00000, 0x0000000085f00000| Untracked 
|  96|0x0000000086000000, 0x0000000086000000, 0x0000000086100000|  0%| F|  |TAMS 0x0000000086000000, 0x0000000086000000| Untracked 
|  97|0x0000000086100000, 0x0000000086100000, 0x0000000086200000|  0%| F|  |TAMS 0x0000000086100000, 0x0000000086100000| Untracked 
|  98|0x0000000086200000, 0x0000000086200000, 0x0000000086300000|  0%| F|  |TAMS 0x0000000086200000, 0x0000000086200000| Untracked 
|  99|0x0000000086300000, 0x0000000086300000, 0x0000000086400000|  0%| F|  |TAMS 0x0000000086300000, 0x0000000086300000| Untracked 
| 100|0x0000000086400000, 0x0000000086400000, 0x0000000086500000|  0%| F|  |TAMS 0x0000000086400000, 0x0000000086400000| Untracked 
| 101|0x0000000086500000, 0x0000000086500000, 0x0000000086600000|  0%| F|  |TAMS 0x0000000086500000, 0x0000000086500000| Untracked 
| 102|0x0000000086600000, 0x0000000086600000, 0x0000000086700000|  0%| F|  |TAMS 0x0000000086600000, 0x0000000086600000| Untracked 
| 103|0x0000000086700000, 0x0000000086700000, 0x0000000086800000|  0%| F|  |TAMS 0x0000000086700000, 0x0000000086700000| Untracked 
| 104|0x0000000086800000, 0x0000000086800000, 0x0000000086900000|  0%| F|  |TAMS 0x0000000086800000, 0x0000000086800000| Untracked 
| 105|0x0000000086900000, 0x0000000086900000, 0x0000000086a00000|  0%| F|  |TAMS 0x0000000086900000, 0x0000000086900000| Untracked 
| 106|0x0000000086a00000, 0x0000000086a00000, 0x0000000086b00000|  0%| F|  |TAMS 0x0000000086a00000, 0x0000000086a00000| Untracked 
| 107|0x0000000086b00000, 0x0000000086b00000, 0x0000000086c00000|  0%| F|  |TAMS 0x0000000086b00000, 0x0000000086b00000| Untracked 
| 108|0x0000000086c00000, 0x0000000086c00000, 0x0000000086d00000|  0%| F|  |TAMS 0x0000000086c00000, 0x0000000086c00000| Untracked 
| 109|0x0000000086d00000, 0x0000000086d00000, 0x0000000086e00000|  0%| F|  |TAMS 0x0000000086d00000, 0x0000000086d00000| Untracked 
| 110|0x0000000086e00000, 0x0000000086e00000, 0x0000000086f00000|  0%| F|  |TAMS 0x0000000086e00000, 0x0000000086e00000| Untracked 
| 111|0x0000000086f00000, 0x0000000086f00000, 0x0000000087000000|  0%| F|  |TAMS 0x0000000086f00000, 0x0000000086f00000| Untracked 
| 112|0x0000000087000000, 0x0000000087000000, 0x0000000087100000|  0%| F|  |TAMS 0x0000000087000000, 0x0000000087000000| Untracked 
| 113|0x0000000087100000, 0x0000000087100000, 0x0000000087200000|  0%| F|  |TAMS 0x0000000087100000, 0x0000000087100000| Untracked 
| 114|0x0000000087200000, 0x0000000087200000, 0x0000000087300000|  0%| F|  |TAMS 0x0000000087200000, 0x0000000087200000| Untracked 
| 115|0x0000000087300000, 0x0000000087300000, 0x0000000087400000|  0%| F|  |TAMS 0x0000000087300000, 0x0000000087300000| Untracked 
| 116|0x0000000087400000, 0x0000000087400000, 0x0000000087500000|  0%| F|  |TAMS 0x0000000087400000, 0x0000000087400000| Untracked 
| 117|0x0000000087500000, 0x0000000087500000, 0x0000000087600000|  0%| F|  |TAMS 0x0000000087500000, 0x0000000087500000| Untracked 
| 118|0x0000000087600000, 0x0000000087600000, 0x0000000087700000|  0%| F|  |TAMS 0x0000000087600000, 0x0000000087600000| Untracked 
| 119|0x0000000087700000, 0x0000000087700000, 0x0000000087800000|  0%| F|  |TAMS 0x0000000087700000, 0x0000000087700000| Untracked 
| 120|0x0000000087800000, 0x0000000087800000, 0x0000000087900000|  0%| F|  |TAMS 0x0000000087800000, 0x0000000087800000| Untracked 
| 121|0x0000000087900000, 0x0000000087900000, 0x0000000087a00000|  0%| F|  |TAMS 0x0000000087900000, 0x0000000087900000| Untracked 
| 122|0x0000000087a00000, 0x0000000087a00000, 0x0000000087b00000|  0%| F|  |TAMS 0x0000000087a00000, 0x0000000087a00000| Untracked 
| 123|0x0000000087b00000, 0x0000000087b00000, 0x0000000087c00000|  0%| F|  |TAMS 0x0000000087b00000, 0x0000000087b00000| Untracked 
| 124|0x0000000087c00000, 0x0000000087c00000, 0x0000000087d00000|  0%| F|  |TAMS 0x0000000087c00000, 0x0000000087c00000| Untracked 
| 125|0x0000000087d00000, 0x0000000087d00000, 0x0000000087e00000|  0%| F|  |TAMS 0x0000000087d00000, 0x0000000087d00000| Untracked 
| 126|0x0000000087e00000, 0x0000000087e00000, 0x0000000087f00000|  0%| F|  |TAMS 0x0000000087e00000, 0x0000000087e00000| Untracked 
| 127|0x0000000087f00000, 0x0000000087f00000, 0x0000000088000000|  0%| F|  |TAMS 0x0000000087f00000, 0x0000000087f00000| Untracked 
| 128|0x0000000088000000, 0x0000000088000000, 0x0000000088100000|  0%| F|  |TAMS 0x0000000088000000, 0x0000000088000000| Untracked 
| 129|0x0000000088100000, 0x0000000088100000, 0x0000000088200000|  0%| F|  |TAMS 0x0000000088100000, 0x0000000088100000| Untracked 
| 130|0x0000000088200000, 0x0000000088200000, 0x0000000088300000|  0%| F|  |TAMS 0x0000000088200000, 0x0000000088200000| Untracked 
| 131|0x0000000088300000, 0x0000000088376520, 0x0000000088400000| 46%| E|  |TAMS 0x0000000088300000, 0x0000000088300000| Complete 
| 132|0x0000000088400000, 0x0000000088500000, 0x0000000088500000|100%| E|CS|TAMS 0x0000000088400000, 0x0000000088400000| Complete 
| 133|0x0000000088500000, 0x0000000088600000, 0x0000000088600000|100%| E|CS|TAMS 0x0000000088500000, 0x0000000088500000| Complete 
| 134|0x0000000088600000, 0x0000000088700000, 0x0000000088700000|100%| E|CS|TAMS 0x0000000088600000, 0x0000000088600000| Complete 
| 135|0x0000000088700000, 0x0000000088800000, 0x0000000088800000|100%| E|CS|TAMS 0x0000000088700000, 0x0000000088700000| Complete 
| 136|0x0000000088800000, 0x0000000088900000, 0x0000000088900000|100%| E|CS|TAMS 0x0000000088800000, 0x0000000088800000| Complete 
| 137|0x0000000088900000, 0x0000000088a00000, 0x0000000088a00000|100%| E|CS|TAMS 0x0000000088900000, 0x0000000088900000| Complete 
| 138|0x0000000088a00000, 0x0000000088b00000, 0x0000000088b00000|100%| E|CS|TAMS 0x0000000088a00000, 0x0000000088a00000| Complete 
| 139|0x0000000088b00000, 0x0000000088c00000, 0x0000000088c00000|100%| E|CS|TAMS 0x0000000088b00000, 0x0000000088b00000| Complete 
| 140|0x0000000088c00000, 0x0000000088d00000, 0x0000000088d00000|100%| E|CS|TAMS 0x0000000088c00000, 0x0000000088c00000| Complete 
| 141|0x0000000088d00000, 0x0000000088e00000, 0x0000000088e00000|100%| E|CS|TAMS 0x0000000088d00000, 0x0000000088d00000| Complete 
| 142|0x0000000088e00000, 0x0000000088f00000, 0x0000000088f00000|100%| E|CS|TAMS 0x0000000088e00000, 0x0000000088e00000| Complete 
| 143|0x0000000088f00000, 0x0000000089000000, 0x0000000089000000|100%| E|CS|TAMS 0x0000000088f00000, 0x0000000088f00000| Complete 
| 144|0x0000000089000000, 0x0000000089100000, 0x0000000089100000|100%| E|CS|TAMS 0x0000000089000000, 0x0000000089000000| Complete 
| 145|0x0000000089100000, 0x0000000089200000, 0x0000000089200000|100%| E|CS|TAMS 0x0000000089100000, 0x0000000089100000| Complete 
| 146|0x0000000089200000, 0x0000000089300000, 0x0000000089300000|100%| E|CS|TAMS 0x0000000089200000, 0x0000000089200000| Complete 
| 147|0x0000000089300000, 0x0000000089400000, 0x0000000089400000|100%| E|CS|TAMS 0x0000000089300000, 0x0000000089300000| Complete 
| 148|0x0000000089400000, 0x0000000089500000, 0x0000000089500000|100%| E|CS|TAMS 0x0000000089400000, 0x0000000089400000| Complete 
| 149|0x0000000089500000, 0x0000000089600000, 0x0000000089600000|100%| E|CS|TAMS 0x0000000089500000, 0x0000000089500000| Complete 
| 150|0x0000000089600000, 0x0000000089700000, 0x0000000089700000|100%| E|CS|TAMS 0x0000000089600000, 0x0000000089600000| Complete 
| 151|0x0000000089700000, 0x0000000089800000, 0x0000000089800000|100%| E|CS|TAMS 0x0000000089700000, 0x0000000089700000| Complete 
| 152|0x0000000089800000, 0x0000000089900000, 0x0000000089900000|100%| E|CS|TAMS 0x0000000089800000, 0x0000000089800000| Complete 
| 153|0x0000000089900000, 0x0000000089a00000, 0x0000000089a00000|100%| E|CS|TAMS 0x0000000089900000, 0x0000000089900000| Complete 
| 154|0x0000000089a00000, 0x0000000089b00000, 0x0000000089b00000|100%| E|CS|TAMS 0x0000000089a00000, 0x0000000089a00000| Complete 
| 155|0x0000000089b00000, 0x0000000089c00000, 0x0000000089c00000|100%| E|CS|TAMS 0x0000000089b00000, 0x0000000089b00000| Complete 
| 156|0x0000000089c00000, 0x0000000089d00000, 0x0000000089d00000|100%| E|CS|TAMS 0x0000000089c00000, 0x0000000089c00000| Complete 
| 157|0x0000000089d00000, 0x0000000089e00000, 0x0000000089e00000|100%| E|CS|TAMS 0x0000000089d00000, 0x0000000089d00000| Complete 
| 158|0x0000000089e00000, 0x0000000089f00000, 0x0000000089f00000|100%| E|CS|TAMS 0x0000000089e00000, 0x0000000089e00000| Complete 
| 159|0x0000000089f00000, 0x000000008a000000, 0x000000008a000000|100%| E|CS|TAMS 0x0000000089f00000, 0x0000000089f00000| Complete 
| 160|0x000000008a000000, 0x000000008a100000, 0x000000008a100000|100%| E|CS|TAMS 0x000000008a000000, 0x000000008a000000| Complete 
| 161|0x000000008a100000, 0x000000008a200000, 0x000000008a200000|100%| E|CS|TAMS 0x000000008a100000, 0x000000008a100000| Complete 
| 162|0x000000008a200000, 0x000000008a300000, 0x000000008a300000|100%| E|CS|TAMS 0x000000008a200000, 0x000000008a200000| Complete 
| 163|0x000000008a300000, 0x000000008a400000, 0x000000008a400000|100%| E|CS|TAMS 0x000000008a300000, 0x000000008a300000| Complete 
| 164|0x000000008a400000, 0x000000008a500000, 0x000000008a500000|100%| E|CS|TAMS 0x000000008a400000, 0x000000008a400000| Complete 
| 165|0x000000008a500000, 0x000000008a600000, 0x000000008a600000|100%| E|CS|TAMS 0x000000008a500000, 0x000000008a500000| Complete 
| 166|0x000000008a600000, 0x000000008a700000, 0x000000008a700000|100%| E|CS|TAMS 0x000000008a600000, 0x000000008a600000| Complete 
| 167|0x000000008a700000, 0x000000008a800000, 0x000000008a800000|100%| E|CS|TAMS 0x000000008a700000, 0x000000008a700000| Complete 
| 168|0x000000008a800000, 0x000000008a900000, 0x000000008a900000|100%| E|CS|TAMS 0x000000008a800000, 0x000000008a800000| Complete 
| 169|0x000000008a900000, 0x000000008aa00000, 0x000000008aa00000|100%| E|CS|TAMS 0x000000008a900000, 0x000000008a900000| Complete 

Card table byte_map: [0x000000ffaa9d0000,0x000000ffaadd0000] _byte_map_base: 0x000000ffaa5d0000

Marking Bits (Prev, Next): (CMBitMap*) 0x000000ff9331c6e8, (CMBitMap*) 0x000000ff9331c720
 Prev Bits: [0x000000ffab1d0000, 0x000000ffad1d0000)
 Next Bits: [0x000000ffad1d0000, 0x000000ffaf1d0000)

Polling page: 0x000000ff91040000

Metaspace:

Usage:
  Non-class:     33.58 MB capacity,    32.89 MB ( 98%) used,   574.73 KB (  2%) free+waste,   124.81 KB ( <1%) overhead. 
      Class:      5.10 MB capacity,     4.69 MB ( 92%) used,   361.48 KB (  7%) free+waste,    61.19 KB (  1%) overhead. 
       Both:     38.68 MB capacity,    37.58 MB ( 97%) used,   936.22 KB (  2%) free+waste,   186.00 KB ( <1%) overhead. 

Virtual space:
  Non-class space:       34.00 MB reserved,      33.67 MB (>99%) committed 
      Class space:        1.00 GB reserved,       5.13 MB ( <1%) committed 
             Both:        1.03 GB reserved,      38.80 MB (  4%) committed 

Chunk freelists:
   Non-Class:  4.25 KB
       Class:  3.25 KB
        Both:  7.50 KB

CodeHeap 'non-profiled nmethods': size=239488Kb used=6752Kb max_used=6752Kb free=232735Kb
 bounds [0x000000ff9bbf0000, 0x000000ff9c290000, 0x000000ffaa5d0000]
CodeHeap 'non-nmethods': size=6272Kb used=1163Kb max_used=1714Kb free=5108Kb
 bounds [0x000000ff9b5d0000, 0x000000ff9b840000, 0x000000ff9bbf0000]
 total_blobs=4484 nmethods=3950 adapters=431
 compilation: enabled
              stopped_count=0, restarted_count=0
 full_count=0

Compilation events (10 events):
Event: 11.483 Thread 0x000000ffb2001800 3902       1       org.springframework.cglib.core.ClassEmitter::begin_class (110 bytes)
Event: 11.484 Thread 0x000000ffb2001800 nmethod 3902 0x000000ff9c26f110 code [0x000000ff9c26f3a0, 0x000000ff9c26fba0]
Event: 11.484 Thread 0x000000ffb2001800 3903       1       org.springframework.cglib.core.ClassEmitter$1::<init> (32 bytes)
Event: 11.484 Thread 0x000000ffb2001800 nmethod 3903 0x000000ff9c270010 code [0x000000ff9c2701c0, 0x000000ff9c270458]
Event: 11.484 Thread 0x000000ffb2001800 3905       1       org.springframework.cglib.core.ClassEmitter::end_class (82 bytes)
Event: 11.485 Thread 0x000000ffb2001800 nmethod 3905 0x000000ff9c270510 code [0x000000ff9c270740, 0x000000ff9c270ac0]
Event: 11.485 Thread 0x000000ffb2001800 3906       1       org.springframework.cglib.core.SpringNamingPolicy::getTag (3 bytes)
Event: 11.485 Thread 0x000000ffb2001800 nmethod 3906 0x000000ff9c270d10 code [0x000000ff9c270ec0, 0x000000ff9c270fd8]
Event: 11.784 Thread 0x000000ffb2001800 3907       1       org.springframework.cglib.core.AbstractClassGenerator::getClassLoader (53 bytes)
Event: 11.786 Thread 0x000000ffb2001800 nmethod 3907 0x000000ff9c271090 code [0x000000ff9c2712c0, 0x000000ff9c271800]

GC Heap History (10 events):
Event: 2.092 GC heap before
{Heap before GC invocations=2 (full 0):
 garbage-first heap   total 131072K, used 14970K [0x0000000080000000, 0x0000000100000000)
  region size 1024K, 11 young (11264K), 1 survivors (1024K)
 Metaspace       used 14433K, capacity 14806K, committed 14976K, reserved 1062912K
  class space    used 1548K, capacity 1663K, committed 1664K, reserved 1048576K
}
Event: 2.099 GC heap after
{Heap after GC invocations=3 (full 0):
 garbage-first heap   total 131072K, used 5238K [0x0000000080000000, 0x0000000100000000)
  region size 1024K, 2 young (2048K), 2 survivors (2048K)
 Metaspace       used 14433K, capacity 14806K, committed 14976K, reserved 1062912K
  class space    used 1548K, capacity 1663K, committed 1664K, reserved 1048576K
}
Event: 2.498 GC heap before
{Heap before GC invocations=3 (full 0):
 garbage-first heap   total 131072K, used 18550K [0x0000000080000000, 0x0000000100000000)
  region size 1024K, 16 young (16384K), 2 survivors (2048K)
 Metaspace       used 17521K, capacity 18041K, committed 18304K, reserved 1064960K
  class space    used 1958K, capacity 2155K, committed 2176K, reserved 1048576K
}
Event: 2.504 GC heap after
{Heap after GC invocations=4 (full 0):
 garbage-first heap   total 131072K, used 6110K [0x0000000080000000, 0x0000000100000000)
  region size 1024K, 2 young (2048K), 2 survivors (2048K)
 Metaspace       used 17521K, capacity 18041K, committed 18304K, reserved 1064960K
  class space    used 1958K, capacity 2155K, committed 2176K, reserved 1048576K
}
Event: 3.012 GC heap before
{Heap before GC invocations=4 (full 0):
 garbage-first heap   total 131072K, used 25566K [0x0000000080000000, 0x0000000100000000)
  region size 1024K, 22 young (22528K), 2 survivors (2048K)
 Metaspace       used 20652K, capacity 21210K, committed 21296K, reserved 1069056K
  class space    used 2490K, capacity 2675K, committed 2688K, reserved 1048576K
}
Event: 3.021 GC heap after
{Heap after GC invocations=5 (full 0):
 garbage-first heap   total 174080K, used 6994K [0x0000000080000000, 0x0000000100000000)
  region size 1024K, 3 young (3072K), 3 survivors (3072K)
 Metaspace       used 20652K, capacity 21210K, committed 21296K, reserved 1069056K
  class space    used 2490K, capacity 2675K, committed 2688K, reserved 1048576K
}
Event: 4.298 GC heap before
{Heap before GC invocations=6 (full 0):
 garbage-first heap   total 174080K, used 50002K [0x0000000080000000, 0x0000000100000000)
  region size 1024K, 46 young (47104K), 3 survivors (3072K)
 Metaspace       used 26634K, capacity 27349K, committed 27568K, reserved 1073152K
  class space    used 3241K, capacity 3518K, committed 3584K, reserved 1048576K
}
Event: 4.311 GC heap after
{Heap after GC invocations=7 (full 0):
 garbage-first heap   total 174080K, used 9367K [0x0000000080000000, 0x0000000100000000)
  region size 1024K, 5 young (5120K), 5 survivors (5120K)
 Metaspace       used 26634K, capacity 27349K, committed 27568K, reserved 1073152K
  class space    used 3241K, capacity 3518K, committed 3584K, reserved 1048576K
}
Event: 5.705 GC heap before
{Heap before GC invocations=7 (full 0):
 garbage-first heap   total 174080K, used 91287K [0x0000000080000000, 0x0000000100000000)
  region size 1024K, 86 young (88064K), 5 survivors (5120K)
 Metaspace       used 34503K, capacity 35509K, committed 35632K, reserved 1081344K
  class space    used 4259K, capacity 4646K, committed 4736K, reserved 1048576K
}
Event: 5.737 GC heap after
{Heap after GC invocations=8 (full 0):
 garbage-first heap   total 174080K, used 14673K [0x0000000080000000, 0x0000000100000000)
  region size 1024K, 10 young (10240K), 10 survivors (10240K)
 Metaspace       used 34503K, capacity 35509K, committed 35632K, reserved 1081344K
  class space    used 4259K, capacity 4646K, committed 4736K, reserved 1048576K
}

Deoptimization events (0 events):
No events

Classes redefined (0 events):
No events

Internal exceptions (10 events):
Event: 5.617 Thread 0x000000ffb3370000 Exception <a 'java/lang/ClassNotFoundException'{0x0000000085ba2160}: org/springframework/context/annotation/ConfigurationClassEnhancer$EnhancedConfigurationCustomizer> (0x0000000085ba2160) thrown at [t:/workspace/open/src/hotspot/share/classfile/systemDic
Event: 5.617 Thread 0x000000ffb3370000 Exception <a 'java/lang/ClassNotFoundException'{0x0000000085babbc8}: org/springframework/beans/factory/BeanFactoryAwareCustomizer> (0x0000000085babbc8) thrown at [t:/workspace/open/src/hotspot/share/classfile/systemDictionary.cpp, line 231]
Event: 5.618 Thread 0x000000ffb3370000 Exception <a 'java/lang/ClassNotFoundException'{0x0000000085bb57d0}: org/springframework/beans/factory/AwareCustomizer> (0x0000000085bb57d0) thrown at [t:/workspace/open/src/hotspot/share/classfile/systemDictionary.cpp, line 231]
Event: 5.618 Thread 0x000000ffb3370000 Exception <a 'java/lang/ClassNotFoundException'{0x0000000085bbf1f8}: org/springframework/context/ApplicationContextAwareCustomizer> (0x0000000085bbf1f8) thrown at [t:/workspace/open/src/hotspot/share/classfile/systemDictionary.cpp, line 231]
Event: 5.619 Thread 0x000000ffb3370000 Exception <a 'java/lang/ClassNotFoundException'{0x0000000085bc9238}: org/springframework/beans/factory/AwareCustomizer> (0x0000000085bc9238) thrown at [t:/workspace/open/src/hotspot/share/classfile/systemDictionary.cpp, line 231]
Event: 5.619 Thread 0x000000ffb3370000 Exception <a 'java/lang/ClassNotFoundException'{0x0000000085bd2c28}: org/springframework/web/context/ServletContextAwareCustomizer> (0x0000000085bd2c28) thrown at [t:/workspace/open/src/hotspot/share/classfile/systemDictionary.cpp, line 231]
Event: 5.619 Thread 0x000000ffb3370000 Exception <a 'java/lang/ClassNotFoundException'{0x0000000085bdc740}: org/springframework/beans/factory/AwareCustomizer> (0x0000000085bdc740) thrown at [t:/workspace/open/src/hotspot/share/classfile/systemDictionary.cpp, line 231]
Event: 5.785 Thread 0x000000ffb3370000 Exception <a 'java/lang/NoSuchMethodError'{0x000000008a74cfe0}: java.lang.invoke.DirectMethodHandle$Holder.invokeVirtual(Ljava/lang/Object;Ljava/lang/Object;I)V> (0x000000008a74cfe0) thrown at [t:/workspace/open/src/hotspot/share/interpreter/linkResolver.
Event: 6.041 Thread 0x000000ffb3370000 Exception <a 'java/lang/NoSuchMethodError'{0x00000000896be980}: java.lang.invoke.DirectMethodHandle$Holder.invokeSpecial(Ljava/lang/Object;Ljava/lang/Object;)V> (0x00000000896be980) thrown at [t:/workspace/open/src/hotspot/share/interpreter/linkResolver.c
Event: 6.098 Thread 0x000000ffb3370000 Exception <a 'java/lang/NoSuchMethodError'{0x0000000089344fe8}: java.lang.invoke.DirectMethodHandle$Holder.newInvokeSpecial(Ljava/lang/Object;I)Ljava/lang/Object;> (0x0000000089344fe8) thrown at [t:/workspace/open/src/hotspot/share/interpreter/linkResolve

Events (10 events):
Event: 11.781 loading class org/springframework/aop/framework/InterceptorAndDynamicMethodMatcher done
Event: 11.782 loading class org/aopalliance/intercept/MethodInvocation
Event: 11.782 loading class org/aopalliance/intercept/MethodInvocation done
Event: 11.782 loading class org/springframework/aop/interceptor/AsyncExecutionInterceptor
Event: 11.782 loading class org/springframework/aop/interceptor/AsyncExecutionInterceptor done
Event: 11.782 loading class java/util/concurrent/CompletableFuture
Event: 11.783 loading class java/util/concurrent/CompletionStage
Event: 11.783 loading class java/util/concurrent/CompletionStage done
Event: 11.784 loading class java/util/concurrent/CompletableFuture done
Event: 11.784 Thread 0x000000ffb568c000 Thread added: 0x000000ffb568c000


Dynamic libraries:
0x00007ff6022a0000 - 0x00007ff6022e7000 	F:\Program Files\Java\jdk-11.0.2\bin\java.exe
0x00007ffde3bc0000 - 0x00007ffde3d6d000 	C:\Windows\SYSTEM32\ntdll.dll
0x00007ffde1850000 - 0x00007ffde198f000 	C:\Windows\system32\KERNEL32.DLL
0x00007ffde0e70000 - 0x00007ffde0f86000 	C:\Windows\system32\KERNELBASE.dll
0x00007ffde1670000 - 0x00007ffde171a000 	C:\Windows\system32\ADVAPI32.dll
0x00007ffde1ed0000 - 0x00007ffde2047000 	C:\Windows\system32\USER32.dll
0x00007ffddf0d0000 - 0x00007ffddf34b000 	C:\Windows\WinSxS\amd64_microsoft.windows.common-controls_6595b64144ccf1df_6.0.9600.19394_none_62486577ecb635cf\COMCTL32.dll
0x00007ffddf380000 - 0x00007ffddf38a000 	C:\Windows\SYSTEM32\VERSION.dll
0x00007ffde15c0000 - 0x00007ffde166a000 	C:\Windows\system32\msvcrt.dll
0x00007ffde1d50000 - 0x00007ffde1da9000 	C:\Windows\SYSTEM32\sechost.dll
0x00007ffde1480000 - 0x00007ffde15c0000 	C:\Windows\system32\RPCRT4.dll
0x00007ffde1bf0000 - 0x00007ffde1d3c000 	C:\Windows\system32\GDI32.dll
0x00007ffde0f90000 - 0x00007ffde0fbe000 	C:\Windows\system32\SspiCli.dll
0x00007ffde20b0000 - 0x00007ffde20e6000 	C:\Windows\system32\IMM32.DLL
0x00007ffde22d0000 - 0x00007ffde2422000 	C:\Windows\system32\MSCTF.dll
0x00007ffdcaa10000 - 0x00007ffdcaa26000 	F:\Program Files\Java\jdk-11.0.2\bin\vcruntime140.dll
0x00007ffdce120000 - 0x00007ffdce124000 	F:\Program Files\Java\jdk-11.0.2\bin\api-ms-win-crt-runtime-l1-1-0.dll
0x00007ffdce030000 - 0x00007ffdce034000 	F:\Program Files\Java\jdk-11.0.2\bin\api-ms-win-crt-string-l1-1-0.dll
0x00007ffdcdce0000 - 0x00007ffdcdce3000 	F:\Program Files\Java\jdk-11.0.2\bin\api-ms-win-crt-heap-l1-1-0.dll
0x00007ffdcd820000 - 0x00007ffdcd824000 	F:\Program Files\Java\jdk-11.0.2\bin\api-ms-win-crt-stdio-l1-1-0.dll
0x00007ffdcc490000 - 0x00007ffdcc494000 	F:\Program Files\Java\jdk-11.0.2\bin\api-ms-win-crt-convert-l1-1-0.dll
0x00007ffdc8040000 - 0x00007ffdc8136000 	F:\Program Files\Java\jdk-11.0.2\bin\ucrtbase.DLL
0x00007ffdc79b0000 - 0x00007ffdc7a5a000 	F:\Program Files\Java\jdk-11.0.2\bin\msvcp140.dll
0x00007ffdcb0d0000 - 0x00007ffdcb0d3000 	F:\Program Files\Java\jdk-11.0.2\bin\api-ms-win-crt-locale-l1-1-0.dll
0x00007ffdca9a0000 - 0x00007ffdca9a5000 	F:\Program Files\Java\jdk-11.0.2\bin\api-ms-win-crt-math-l1-1-0.dll
0x00007ffdca5c0000 - 0x00007ffdca5c5000 	F:\Program Files\Java\jdk-11.0.2\bin\api-ms-win-crt-multibyte-l1-1-0.dll
0x00007ffdca4b0000 - 0x00007ffdca4b3000 	F:\Program Files\Java\jdk-11.0.2\bin\api-ms-win-crt-time-l1-1-0.dll
0x00007ffdca4a0000 - 0x00007ffdca4a3000 	F:\Program Files\Java\jdk-11.0.2\bin\api-ms-win-crt-filesystem-l1-1-0.dll
0x00007ffdca490000 - 0x00007ffdca493000 	F:\Program Files\Java\jdk-11.0.2\bin\api-ms-win-crt-environment-l1-1-0.dll
0x00007ffdca480000 - 0x00007ffdca483000 	F:\Program Files\Java\jdk-11.0.2\bin\api-ms-win-crt-utility-l1-1-0.dll
0x00007ffdbf710000 - 0x00007ffdc0237000 	F:\Program Files\Java\jdk-11.0.2\bin\server\jvm.dll
0x00007ffdda3f0000 - 0x00007ffdda3f9000 	C:\Windows\SYSTEM32\WSOCK32.dll
0x00007ffddf350000 - 0x00007ffddf372000 	C:\Windows\SYSTEM32\WINMM.dll
0x00007ffde3980000 - 0x00007ffde3987000 	C:\Windows\system32\PSAPI.DLL
0x00007ffde2050000 - 0x00007ffde20aa000 	C:\Windows\system32\WS2_32.dll
0x00007ffddee20000 - 0x00007ffddee4a000 	C:\Windows\SYSTEM32\WINMMBASE.dll
0x00007ffde2430000 - 0x00007ffde2439000 	C:\Windows\system32\NSI.dll
0x00007ffde0dc0000 - 0x00007ffde0e0f000 	C:\Windows\SYSTEM32\cfgmgr32.dll
0x00007ffddfb20000 - 0x00007ffddfb48000 	C:\Windows\SYSTEM32\DEVOBJ.dll
0x00007ffdca460000 - 0x00007ffdca471000 	F:\Program Files\Java\jdk-11.0.2\bin\verify.dll
0x00007ffdd0990000 - 0x00007ffdd0b19000 	C:\Windows\SYSTEM32\DBGHELP.DLL
0x00007ffdc87b0000 - 0x00007ffdc87d9000 	F:\Program Files\Java\jdk-11.0.2\bin\java.dll
0x00007ffdc7e50000 - 0x00007ffdc7e7f000 	F:\Program Files\Java\jdk-11.0.2\bin\instrument.dll
0x00007ffdc9660000 - 0x00007ffdc9676000 	F:\Program Files\Java\jdk-11.0.2\bin\zip.dll
0x00007ffdca430000 - 0x00007ffdca43a000 	F:\Program Files\Java\jdk-11.0.2\bin\jimage.dll
0x00007ffde2450000 - 0x00007ffde397b000 	C:\Windows\system32\SHELL32.dll
0x00007ffde1270000 - 0x00007ffde1480000 	C:\Windows\SYSTEM32\combase.dll
0x00007ffde1720000 - 0x00007ffde1774000 	C:\Windows\system32\SHLWAPI.dll
0x00007ffddf860000 - 0x00007ffddf912000 	C:\Windows\SYSTEM32\SHCORE.dll
0x00007ffde0cf0000 - 0x00007ffde0d05000 	C:\Windows\SYSTEM32\profapi.dll
0x00007ffdc8020000 - 0x00007ffdc8039000 	F:\Program Files\Java\jdk-11.0.2\bin\net.dll
0x00007ffdd6bf0000 - 0x00007ffdd6cb9000 	C:\Windows\SYSTEM32\WINHTTP.dll
0x00007ffdd63d0000 - 0x00007ffdd655a000 	C:\Windows\SYSTEM32\urlmon.dll
0x00007ffde1990000 - 0x00007ffde1b24000 	C:\Windows\system32\ole32.dll
0x00007ffdd9b90000 - 0x00007ffdd9e5c000 	C:\Windows\SYSTEM32\iertutil.dll
0x00007ffdd9e60000 - 0x00007ffdda30c000 	C:\Windows\SYSTEM32\WININET.dll
0x00007ffde0310000 - 0x00007ffde0331000 	C:\Windows\SYSTEM32\USERENV.dll
0x00007ffde0580000 - 0x00007ffde05d9000 	C:\Windows\system32\mswsock.dll
0x00007ffdc8000000 - 0x00007ffdc8013000 	F:\Program Files\Java\jdk-11.0.2\bin\nio.dll
0x00007ffdc7e30000 - 0x00007ffdc7e4a000 	C:\Program Files\JetBrains\IntelliJ IDEA 2019.2\bin\breakgen64.dll
0x00007ffde0380000 - 0x00007ffde0424000 	C:\Windows\SYSTEM32\DNSAPI.dll
0x00007ffdcef90000 - 0x00007ffdcef9a000 	C:\Windows\System32\rasadhlp.dll
0x00007ffdd9390000 - 0x00007ffdd93fb000 	C:\Windows\System32\fwpuclnt.dll
0x00007ffdca2b0000 - 0x00007ffdca2b9000 	F:\Program Files\Java\jdk-11.0.2\bin\management.dll
0x00007ffdca120000 - 0x00007ffdca12c000 	F:\Program Files\Java\jdk-11.0.2\bin\management_ext.dll
0x00007ffde0650000 - 0x00007ffde0670000 	C:\Windows\SYSTEM32\CRYPTSP.dll
0x00007ffde0200000 - 0x00007ffde0236000 	C:\Windows\system32\rsaenh.dll
0x00007ffde0860000 - 0x00007ffde0886000 	C:\Windows\SYSTEM32\bcrypt.dll
0x00007ffde0bc0000 - 0x00007ffde0c23000 	C:\Windows\system32\bcryptprimitives.dll
0x00007ffde0c30000 - 0x00007ffde0c3b000 	C:\Windows\SYSTEM32\CRYPTBASE.dll
0x00007ffddaad0000 - 0x00007ffddaafa000 	C:\Windows\SYSTEM32\IPHLPAPI.DLL
0x00007ffddaac0000 - 0x00007ffddaaca000 	C:\Windows\SYSTEM32\WINNSI.DLL
0x00007ffdd9050000 - 0x00007ffdd9066000 	C:\Windows\SYSTEM32\dhcpcsvc6.DLL
0x00007ffdd91d0000 - 0x00007ffdd91ea000 	C:\Windows\SYSTEM32\dhcpcsvc.DLL
0x00007ffdd0540000 - 0x00007ffdd0555000 	C:\Windows\system32\napinsp.dll
0x00007ffdd0520000 - 0x00007ffdd053a000 	C:\Windows\system32\pnrpnsp.dll
0x00007ffddb3f0000 - 0x00007ffddb40b000 	C:\Windows\system32\NLAapi.dll
0x00007ffdd0510000 - 0x00007ffdd051d000 	C:\Windows\System32\winrnr.dll
0x00007ffdd04f0000 - 0x00007ffdd0504000 	C:\Windows\system32\wshbth.dll
0x000000006b600000 - 0x000000006b62f000 	C:\Users\andry\AppData\Local\Temp\usb4java407465305186210770.tmp\libusb-1.0.dll
0x0000000070880000 - 0x0000000070897000 	C:\Users\andry\AppData\Local\Temp\usb4java407465305186210770.tmp\libusb4java.dll
0x00007ffde20f0000 - 0x00007ffde22ca000 	C:\Windows\system32\SetupAPI.dll
0x00007ffdc7970000 - 0x00007ffdc798a000 	C:\Windows\SYSTEM32\libusbK.DLL
0x00007ffde0e10000 - 0x00007ffde0e61000 	C:\Windows\system32\wintrust.DLL
0x00007ffde0fc0000 - 0x00007ffde119f000 	C:\Windows\system32\CRYPT32.dll
0x00007ffde0da0000 - 0x00007ffde0db1000 	C:\Windows\system32\MSASN1.dll
0x00007ffdc7bf0000 - 0x00007ffdc7bfb000 	C:\Windows\SYSTEM32\winusb.dll
0x00007ffddfed0000 - 0x00007ffddfedd000 	C:\Windows\SYSTEM32\hid.dll

dbghelp: loaded successfully - version: 4.0.5 - missing functions: none
symbol engine: initialized successfully - sym options: 0x614 - pdb path: .;F:\Program Files\Java\jdk-11.0.2\bin;C:\Windows\SYSTEM32;C:\Windows\WinSxS\amd64_microsoft.windows.common-controls_6595b64144ccf1df_6.0.9600.19394_none_62486577ecb635cf;F:\Program Files\Java\jdk-11.0.2\bin\server;C:\Program Files\JetBrains\IntelliJ IDEA 2019.2\bin;C:\Users\andry\AppData\Local\Temp\usb4java407465305186210770.tmp

VM Arguments:
jvm_args: -XX:TieredStopAtLevel=1 -Xverify:none -Dspring.output.ansi.enabled=always -Dcom.sun.management.jmxremote -Dspring.jmx.enabled=true -Dspring.liveBeansView.mbeanDomain -Dspring.application.admin.enabled=true -javaagent:C:\Program Files\JetBrains\IntelliJ IDEA 2019.2\lib\idea_rt.jar=49213:C:\Program Files\JetBrains\IntelliJ IDEA 2019.2\bin -Dfile.encoding=UTF-8 
java_command: com.examle.tempmon.Application
java_class_path (initial): E:\tempmon\target\classes;E:\java\lombok.jar;E:\java\usb4java-1.2.0\usb4java-1.2.0\lib\libusb4java-1.2.0-windows-x86.jar;E:\java\usb4java-1.2.0\usb4java-1.2.0\lib\commons-lang3-3.2.1.jar;E:\java\usb4java-1.2.0\usb4java-1.2.0\lib\libusb4java-1.2.0-windows-x86_64.jar;E:\java\usb4java-1.2.0\usb4java-1.2.0\lib\usb4java-1.2.0.jar;C:\Users\andry\.m2\repository\org\springframework\boot\spring-boot-starter-web\2.1.6.RELEASE\spring-boot-starter-web-2.1.6.RELEASE.jar;C:\Users\andry\.m2\repository\org\springframework\boot\spring-boot-starter\2.1.6.RELEASE\spring-boot-starter-2.1.6.RELEASE.jar;C:\Users\andry\.m2\repository\org\springframework\boot\spring-boot-starter-logging\2.1.6.RELEASE\spring-boot-starter-logging-2.1.6.RELEASE.jar;C:\Users\andry\.m2\repository\ch\qos\logback\logback-classic\1.2.3\logback-classic-1.2.3.jar;C:\Users\andry\.m2\repository\ch\qos\logback\logback-core\1.2.3\logback-core-1.2.3.jar;C:\Users\andry\.m2\repository\org\apache\logging\log4j\log4j-to-slf4j\2.11.2\log4j-to-slf4j-2.11.2.jar;C:\Users\andry\.m2\repository\org\apache\logging\log4j\log4j-api\2.11.2\log4j-api-2.11.2.jar;C:\Users\andry\.m2\repository\org\slf4j\jul-to-slf4j\1.7.26\jul-to-slf4j-1.7.26.jar;C:\Users\andry\.m2\repository\javax\annotation\javax.annotation-api\1.3.2\javax.annotation-api-1.3.2.jar;C:\Users\andry\.m2\repository\org\springframework\spring-core\5.1.8.RELEASE\spring-core-5.1.8.RELEASE.jar;C:\Users\andry\.m2\repository\org\springframework\spring-jcl\5.1.8.RELEASE\spring-jcl-5.1.8.RELEASE.jar;C:\Users\andry\.m2\repository\org\yaml\snakeyaml\1.23\snakeyaml-1.23.jar;C:\Users\andry\.m2\repository\org\springframework\boot\spring-boot-starter-json\2.1.6.RELEASE\spring-boot-starter-json-2.1.6.RELEASE.jar;C:\Users\andry\.m2\repository\com\fasterxml\jackson\core\jackson-databind\2.9.9\jackson-databind-2.9.9.jar;C:\Users\andry\.m2\repository\com\fasterxml\jackson\core\jackson-annotations\2.9.0\jackson-annotations-2.9.0.jar;C:\Users\andry\.m2\repository\com\
Launcher Type: SUN_STANDARD

[Global flags]
     bool BytecodeVerificationLocal                = false                                     {product} {command line}
     bool BytecodeVerificationRemote               = false                                     {product} {command line}
     intx CICompilerCount                          = 2                                         {product} {ergonomic}
     uint ConcGCThreads                            = 1                                         {product} {ergonomic}
     uint G1ConcRefinementThreads                  = 2                                         {product} {ergonomic}
   size_t G1HeapRegionSize                         = 1048576                                   {product} {ergonomic}
    uintx GCDrainStackTargetSize                   = 64                                        {product} {ergonomic}
   size_t InitialHeapSize                          = 134217728                                 {product} {ergonomic}
     bool ManagementServer                         = true                                      {product} {command line}
   size_t MarkStackSize                            = 4194304                                   {product} {ergonomic}
   size_t MaxHeapSize                              = 2147483648                                {product} {ergonomic}
   size_t MaxNewSize                               = 1287651328                                {product} {ergonomic}
   size_t MinHeapDeltaBytes                        = 1048576                                   {product} {ergonomic}
    uintx NonNMethodCodeHeapSize                   = 6396312                                {pd product} {ergonomic}
    uintx NonProfiledCodeHeapSize                  = 245261928                              {pd product} {ergonomic}
    uintx ProfiledCodeHeapSize                     = 0                                      {pd product} {ergonomic}
    uintx ReservedCodeCacheSize                    = 251658240                              {pd product} {ergonomic}
     bool SegmentedCodeCache                       = true                                      {product} {ergonomic}
     intx TieredStopAtLevel                        = 1                                         {product} {command line}
     bool UseCompressedClassPointers               = true                                 {lp64_product} {ergonomic}
     bool UseCompressedOops                        = true                                 {lp64_product} {ergonomic}
     bool UseG1GC                                  = true                                      {product} {ergonomic}
     bool UseLargePagesIndividualAllocation        = false                                  {pd product} {ergonomic}

Logging:
Log output configuration:
 #0: stdout all=warning uptime,level,tags
 #1: stderr all=off uptime,level,tags

Environment Variables:
PATH=C:\Program Files\JetBrains\IntelliJ IDEA 2019.2\jbr\\bin;C:\Program Files\JetBrains\IntelliJ IDEA 2019.2\jbr\\bin\server;C:\Program Files (x86)\Common Files\Oracle\Java\javapath;C:\ProgramData\Oracle\Java\javapath;C:\Program Files (x86)\NVIDIA Corporation\PhysX\Common;C:\Windows\system32;C:\Windows;C:\Windows\System32\Wbem;C:\Windows\System32\WindowsPowerShell\v1.0\;C:\Program Files\Calibre2\;C:\Program Files\MySQL\MySQL Shell 8.0\bin\;C:\Users\andry\AppData\Local\Programs\Microsoft VS Code\bin
USERNAME=andry
OS=Windows_NT
PROCESSOR_IDENTIFIER=Intel64 Family 6 Model 23 Stepping 10, GenuineIntel



---------------  S Y S T E M  ---------------

OS: Windows 8.1 , 64 bit Build 9600 (6.3.9600.19538)

CPU:total 2 (initial active 2) (2 cores per cpu, 1 threads per core) family 6 model 23 stepping 10, cmov, cx8, fxsr, mmx, sse, sse2, sse3, ssse3, sse4.1, tsc

Memory: 4k page, system-wide physical 8191M (2671M free)
TotalPageFile size 14079M (AvailPageFile size 4779M)
current process WorkingSet (physical memory assigned to process): 190M, peak: 190M
current process commit charge ("private bytes"): 293M, peak: 293M

vm_info: Java HotSpot(TM) 64-Bit Server VM (11.0.2+9-LTS) for windows-amd64 JRE (11.0.2+9-LTS), built on Jan 18 2019 05:24:10 by "mach5one" with MS VC++ 15.5 (VS2017)

END.
